INFO - [♥] Lovely 0.6.0
INFO - [♥] Game directory is at "Z:\\run\\media\\vomitblood\\DataDisk1\\SteamLibrary\\steamapps\\common\\Balatro"
INFO - [♥] Writing logs to "C:\\users\\steamuser\\AppData\\Roaming\\Balatro\\Mods\\lovely\\log"
INFO - [♥] Using mod directory at "C:\\users\\steamuser\\AppData\\Roaming\\Balatro\\Mods"
INFO - [♥] Cleaning up dumps directory at "C:\\users\\steamuser\\AppData\\Roaming\\Balatro\\Mods\\lovely\\dump"
INFO - [♥] Initialization complete in 135ms
WARN - [♥] Pattern 'G.ARGS.score_intensity.organ = G.video_organ or G.ARGS.score_intensity.required_score > 0 and math.max(math.min(0.4, 0.1*math.log(G.ARGS.score_intensity.earned_score/(G.ARGS.score_intensity.required_score+1), 5)),0.) or 0' on target 'main.lua' resulted in no matches
WARN - [♥] Pattern 'if type(G.GAME.current_round.current_hand.chips) ~= \'number\' or type(G.GAME.current_round.current_hand.mult) ~= \'number\' then' on target 'main.lua' resulted in no matches
INFO - [♥] Applied 12 patches to 'main.lua'
INFO - [♥] Applied 2 patches to 'engine/string_packer.lua'
WARN - [♥] Pattern 'if not _RELEASE_MODE then' on target 'engine/controller.lua' resulted in no matches
INFO - [♥] Applied 4 patches to 'engine/controller.lua'
INFO - [♥] Applied 19 patches to 'back.lua'
INFO - [♥] Applied 14 patches to 'tag.lua'
INFO - [♥] Applied 2 patches to 'engine/moveable.lua'
INFO - [♥] Applied 2 patches to 'engine/sprite.lua'
INFO - [♥] Applied 2 patches to 'engine/animatedsprite.lua'
WARN - [♥] Pattern 'assembled_string = assembled_string..(type(subpart) == \'string\' and subpart or args.vars[tonumber(subpart[1])] or \'ERROR\')' on target 'functions/misc_functions.lua' resulted in no matches
INFO - [♥] Applied 45 patches to 'functions/misc_functions.lua'
INFO - [♥] Applied 77 patches to 'game.lua'
INFO - [♥] Applied 1 patch to 'globals.lua'
INFO - [♥] Applied 6 patches to 'engine/ui.lua'
WARN - [♥] Pattern '{card_limit = _size, type = \'consumeable\', highlight_limit = 1}' on target 'functions/UI_definitions.lua' resulted in no matches
WARN - [♥] Pattern '{n=G.UIT.T, config={text = G.GAME.hands[handname].chips, scale = 0.45, colour = G.C.UI.TEXT_LIGHT}},' on target 'functions/UI_definitions.lua' resulted in no matches
WARN - [♥] Pattern '{n=G.UIT.T, config={text = G.GAME.hands[handname].mult, scale = 0.45, colour = G.C.UI.TEXT_LIGHT}}' on target 'functions/UI_definitions.lua' resulted in no matches
INFO - [♥] Applied 97 patches to 'functions/UI_definitions.lua'
WARN - [♥] Pattern 'ease_to = G.GAME.chips + math.floor(hand_chips * mult) * (e and e.antiscore and -1 or 1),' on target 'functions/state_events.lua' resulted in no matches
INFO - [♥] Applied 98 patches to 'functions/state_events.lua'
WARN - [♥] Pattern 'local cfg = (card and card.ability) or _c[\'config\']' on target 'functions/common_events.lua' resulted in no matches
WARN - [♥] Pattern 'elseif v.boss.showdown and (G.GAME.round_resets.ante)%G.GAME.win_ante == 0 and G.GAME.round_resets.ante >= 2 then' on target 'functions/common_events.lua' resulted in no matches
WARN - [♥] Regex '(?<indent>[\\t ]*)if G\\.F_NO_ACHIEVEMENTS then return end\\n[\\s\\S][\\s\\S]{16}--\\|LOCAL SETTINGS FILE' on target 'functions/common_events.lua' resulted in no matches
WARN - [♥] Pattern 'func = (function() if eval_func(card) then if not first or first then card:juice_up(0.1, 0.1) end;juice_card_until(card, eval_func, nil, 0.8) end return true end)' on target 'functions/common_events.lua' resulted in no matches
INFO - [♥] Applied 121 patches to 'functions/common_events.lua'
WARN - [♥] Pattern 'G.pack_cards:emplace(v)' on target 'functions/button_callbacks.lua' resulted in no matches
INFO - [♥] Applied 47 patches to 'functions/button_callbacks.lua'
WARN - [♥] Pattern 'if self.ability.name == \'Campfire\' and G.GAME.blind.boss and not (G.GAME.blind.config and G.GAME.blind.config.bonus) and self.ability.x_mult > 1 then' on target 'card.lua' resulted in no matches
WARN - [♥] Pattern 'if k ~= \'focused_ui\' and k ~= \"front\" and k ~= \"back\" and k ~= \"soul_parts\" and k ~= \"center\" and k ~= \'floating_sprite\' and k~= \"shadow\" and k~= \"use_button\" and k ~= \'buy_button\' and k ~= \'buy_and_use_button\' and k~= \"debuff\" and k ~= \'price\' and k~= \'particles\' and k ~= \'h_popup\' then v:draw() end' on target 'card.lua' resulted in no matches
WARN - [♥] Pattern 'if G.GAME.blind then G.E_MANAGER:add_event(Event({ func = function() G.GAME.blind:set_blind(nil, true, nil); return true end })) end' on target 'card.lua' resulted in no matches
INFO - [♥] Applied 203 patches to 'card.lua'
INFO - [♥] Applied 15 patches to 'cardarea.lua'
INFO - [♥] Applied 32 patches to 'blind.lua'
INFO - [♥] Applied 5 patches to 'engine/text.lua'
INFO - [G] Failed to connect to the debug server
INFO - [G] 2025-01-08 02:05:18 :: DEBUG :: DebugConsole :: Steamodded Debug Socket started !
INFO - [♥] Applied 9 patches to 'engine/sound_manager.lua'
INFO - [♥] Applied 2 patches to 'engine/string_packer.lua'
INFO - [G] {
  [1] = table: 0x046f3a10   {
     [1] = 0.99607843137255,
     [2] = 0.37254901960784,
     [3] = 0.33333333333333,
     [4] = 1,
   },
  [2] = table: 0x046f3a60   {
     [1] = 0,
     [2] = 0.6156862745098,
     [3] = 1,
     [4] = 1,
   },
}
INFO - [G] 2025-01-08 02:05:19 :: TRACE :: Loader :: Processing Mod file (Legacy header): Cryptid.lua
INFO - [G] 2025-01-08 02:05:19 :: TRACE :: Loader :: Saving Mod Info: Cryptid
INFO - [G] 2025-01-08 02:05:19 :: TRACE :: Loader :: Processing Mod file (Legacy header): MoreSpeeds.lua
INFO - [G] 2025-01-08 02:05:19 :: TRACE :: Loader :: Saving Mod Info: MoreSpeed
INFO - [G] 2025-01-08 02:05:19 :: ERROR :: Loader :: Found invalid metadata JSON file at C:\users\steamuser\AppData\Roaming\Balatro\Mods/Steamopollys-MoreSpeed-0.8.2/manifest.json, ignoring: [SMODS _ "src/loader.lua"]:212: id
INFO - [G] 2025-01-08 02:05:19 :: TRACE :: Loader :: Processing Mod file (Legacy header): steamodded_metadata.lua
INFO - [G] 2025-01-08 02:05:19 :: TRACE :: Loader :: Saving Mod Info: Talisman
INFO - [G] Loading file Achievements.lua
INFO - [G] Loading file Antimatter.lua
INFO - [G] Loading file Blinds.lua
INFO - [G] Loading file Challenges.lua
INFO - [G] Loading file CodeCards.lua
INFO - [G] Loading file CryptidJokerDisplay.lua
INFO - [G] Warning: CryptidJokerDisplay.lua has no items
INFO - [G] Loading file Decks.lua
INFO - [G] Loading file Enhanced.lua
INFO - [G] Loading file EpicJokers.lua
INFO - [G] Loading file Exotic.lua
INFO - [G] Loading file M.lua
INFO - [G] Loading file Misc.lua
INFO - [G] Loading file MiscJokers.lua
INFO - [G] Loading file Planets.lua
INFO - [G] Loading file Sleeves.lua
INFO - [G] Loading file Spectrals.lua
INFO - [G] Loading file Spooky.lua
INFO - [G] Loading file Stakes.lua
INFO - [G] Loading file Tags.lua
INFO - [G] Loading file Vouchers.lua
INFO - [G] Loading file dummy_https.lua
INFO - [G] Loading file dummy_timerblinds.lua
INFO - [G] Warning: dummy_timerblinds.lua has no items
INFO - [G] 2025-01-08 02:05:19 :: WARN  :: Atlas :: Detected duplicate register call on object cry_modicon
INFO - [G] 2025-01-08 02:05:19 :: WARN  :: Atlas :: Detected duplicate register call on object cry_placeholders
INFO - [G] 2025-01-08 02:05:19 :: WARN  :: Atlas :: Detected duplicate register call on object cry_atlasepic
INFO - [G] 2025-01-08 02:05:19 :: WARN  :: Atlas :: Detected duplicate register call on object cry_atlasone
INFO - [G] 2025-01-08 02:05:19 :: WARN  :: Atlas :: Detected duplicate register call on object cry_atlastwo
INFO - [G] 2025-01-08 02:05:19 :: WARN  :: Atlas :: Detected duplicate register call on object cry_atlasthree
INFO - [G] 2025-01-08 02:05:19 :: WARN  :: Atlas :: Detected duplicate register call on object cry_atlasspooky
INFO - [G] 2025-01-08 02:05:19 :: WARN  :: Atlas :: Detected duplicate register call on object cry_atlasexotic
INFO - [G] 2025-01-08 02:05:19 :: WARN  :: Atlas :: Detected duplicate register call on object cry_atlasnotjokers
INFO - [G] 2025-01-08 02:05:19 :: WARN  :: Atlas :: Detected duplicate register call on object cry_tag_cry
INFO - [G] 2025-01-08 02:05:19 :: WARN  :: Atlas :: Detected duplicate register call on object cry_misc
INFO - [G] 2025-01-08 02:05:19 :: WARN  :: Sticker :: Detected duplicate register call on object perishable
INFO - [G] 2025-01-08 02:05:19 :: WARN  :: Sticker :: Detected duplicate register call on object pinned
INFO - [G] 2025-01-08 02:05:19 :: WARN  :: Sticker :: Detected duplicate register call on object eternal
INFO - [G] 2025-01-08 02:05:19 :: WARN  :: Sticker :: Detected duplicate register call on object rental
INFO - [G] 2025-01-08 02:05:19 :: INFO  :: TIMER :: [0000] Injected Language in 0.001 ms
INFO - [G] 2025-01-08 02:05:19 :: INFO  :: TIMER :: [0000] Injected [INTERNAL] in 0.697 ms
INFO - [G] 2025-01-08 02:05:20 :: INFO  :: TIMER :: [0030] Injected Atlas in 777.868 ms
INFO - [G] 2025-01-08 02:05:20 :: INFO  :: TIMER :: [0025] Injected Sound in 28.353 ms
INFO - [G] 2025-01-08 02:05:20 :: INFO  :: TIMER :: [0032] Injected Stake in 2.176 ms
INFO - [G] 2025-01-08 02:05:20 :: INFO  :: TIMER :: [0008] Injected Rarity in 0.069 ms
INFO - [G] 2025-01-08 02:05:20 :: INFO  :: TIMER :: [0007] Injected ObjectType in 0.107 ms
INFO - [G] 2025-01-08 02:05:20 :: INFO  :: TIMER :: [0391] Injected Center in 1.860 ms
INFO - [G] 2025-01-08 02:05:20 :: INFO  :: TIMER :: [0011] Injected Undiscovered Sprite in 0.007 ms
INFO - [G] 2025-01-08 02:05:20 :: INFO  :: TIMER :: [0027] Injected Blind in 0.039 ms
INFO - [G] 2025-01-08 02:05:20 :: INFO  :: TIMER :: [0002] Injected Seal in 0.106 ms
INFO - [G] 2025-01-08 02:05:20 :: INFO  :: TIMER :: [0004] Injected Suit in 0.282 ms
INFO - [G] 2025-01-08 02:05:20 :: INFO  :: TIMER :: [0013] Injected Rank in 0.241 ms
INFO - [G] 2025-01-08 02:05:20 :: INFO  :: TIMER :: [0016] Injected DeckSkin in 0.071 ms
INFO - [G] 2025-01-08 02:05:20 :: INFO  :: TIMER :: [0016] Injected PokerHand in 1.828 ms
INFO - [G] 2025-01-08 02:05:20 :: INFO  :: TIMER :: [0031] Injected Challenge in 0.093 ms
INFO - [G] 2025-01-08 02:05:20 :: INFO  :: TIMER :: [0028] Injected Tag in 0.047 ms
INFO - [G] 2025-01-08 02:05:20 :: INFO  :: TIMER :: [0009] Injected Sticker in 3.352 ms
INFO - [G] 2025-01-08 02:05:20 :: INFO  :: TIMER :: [0009] Injected Shader in 49.105 ms
INFO - [G] 2025-01-08 02:05:20 :: INFO  :: TIMER :: [0000] Injected Keybind in 0.001 ms
INFO - [G] 2025-01-08 02:05:20 :: INFO  :: TIMER :: [0020] Injected Achievement in 0.081 ms
INFO - [G] 2025-01-08 02:05:20 :: INFO  :: TIMER :: [0000] Injected [INTERNAL] in 3.582 ms
INFO - [G] 2025-01-08 02:05:20 :: INFO  :: TIMER :: [0011] Injected Event in 0.013 ms
INFO - [G] ERROR LOADING GAME: Card area 'shop_jokers' not instantiated before load
INFO - [G] ERROR LOADING GAME: Card area 'shop_vouchers' not instantiated before load
INFO - [G] ERROR LOADING GAME: Card area 'shop_booster' not instantiated before load
INFO - [G] LONG DT @ 1195: 0.065513680611866
INFO - [G] LONG DT @ 1195: 0.059834684489461
INFO - [G] LONG DT @ 1195: 0.055208227591607
INFO - [G] LONG DT @ 2138: 0.067980991829622
INFO - [G] LONG DT @ 2138: 0.061686373463664
INFO - [G] LONG DT @ 2138: 0.056641658770973
INFO - [G] LONG DT @ 2138: 0.052576427016779
INFO - [G] LONG DT @ 2614: 0.1
INFO - [G] LONG DT @ 2614: 0.1
INFO - [G] LONG DT @ 2614: 0.1
INFO - [G] LONG DT @ 2614: 0.1
INFO - [G] LONG DT @ 2614: 0.1
INFO - [G] LONG DT @ 2614: 0.1
INFO - [G] LONG DT @ 2614: 0.1
INFO - [G] LONG DT @ 2614: 0.1
INFO - [G] LONG DT @ 2614: 0.1
INFO - [G] LONG DT @ 2615: 0.1
INFO - [G] LONG DT @ 2615: 0.1
INFO - [G] LONG DT @ 2615: 0.1
INFO - [G] LONG DT @ 2615: 0.1
INFO - [G] LONG DT @ 2615: 0.1
INFO - [G] LONG DT @ 2615: 0.1
INFO - [G] LONG DT @ 2615: 0.1
INFO - [G] LONG DT @ 2615: 0.1
INFO - [G] LONG DT @ 2615: 0.1
INFO - [G] LONG DT @ 2615: 0.1
INFO - [G] LONG DT @ 2616: 0.1
INFO - [G] LONG DT @ 2616: 0.1
INFO - [G] LONG DT @ 2616: 0.1
INFO - [G] LONG DT @ 2616: 0.1
INFO - [G] LONG DT @ 2616: 0.1
INFO - [G] LONG DT @ 2616: 0.1
INFO - [G] LONG DT @ 2616: 0.081539159999993
INFO - [G] LONG DT @ 2616: 0.06645142800004
INFO - [G] LONG DT @ 2616: 0.05440646240003
INFO - [G] LONG DT @ 2617: 0.1
INFO - [G] LONG DT @ 2617: 0.1
INFO - [G] LONG DT @ 2618: 0.1
INFO - [G] LONG DT @ 2618: 0.081775039999939
INFO - [G] LONG DT @ 2618: 0.066723771999954
INFO - [G] LONG DT @ 2618: 0.054492697599944
INFO - [G] LONG DT @ 2619: 0.1
INFO - [G] LONG DT @ 2619: 0.1
INFO - [G] LONG DT @ 2620: 0.1
INFO - [G] LONG DT @ 2620: 0.1
INFO - [G] LONG DT @ 2620: 0.1
INFO - [G] LONG DT @ 2620: 0.1
INFO - [G] LONG DT @ 2620: 0.1
INFO - [G] LONG DT @ 2620: 0.1
INFO - [G] LONG DT @ 2620: 0.1
INFO - [G] LONG DT @ 2620: 0.1
INFO - [G] LONG DT @ 2620: 0.1
INFO - [G] LONG DT @ 2620: 0.1
INFO - [G] LONG DT @ 2621: 0.1
INFO - [G] LONG DT @ 2621: 0.1
INFO - [G] LONG DT @ 2621: 0.1
INFO - [G] LONG DT @ 2621: 0.1
INFO - [G] LONG DT @ 2621: 0.1
INFO - [G] LONG DT @ 2621: 0.1
INFO - [G] LONG DT @ 2621: 0.1
INFO - [G] LONG DT @ 2621: 0.1
INFO - [G] LONG DT @ 2621: 0.1
INFO - [G] LONG DT @ 2621: 0.1
INFO - [G] LONG DT @ 2622: 0.1
INFO - [G] LONG DT @ 2622: 0.1
INFO - [G] LONG DT @ 2622: 0.1
INFO - [G] LONG DT @ 2622: 0.1
INFO - [G] LONG DT @ 2622: 0.1
INFO - [G] LONG DT @ 2622: 0.1
INFO - [G] LONG DT @ 2622: 0.1
INFO - [G] LONG DT @ 2622: 0.1
INFO - [G] LONG DT @ 2622: 0.1
INFO - [G] LONG DT @ 2622: 0.1
INFO - [G] LONG DT @ 2623: 0.1
INFO - [G] LONG DT @ 2623: 0.1
INFO - [G] LONG DT @ 2623: 0.1
INFO - [G] LONG DT @ 2623: 0.1
INFO - [G] LONG DT @ 2623: 0.1
INFO - [G] LONG DT @ 2623: 0.1
INFO - [G] LONG DT @ 2623: 0.1
INFO - [G] LONG DT @ 2623: 0.1
INFO - [G] LONG DT @ 2623: 0.1
INFO - [G] LONG DT @ 2623: 0.1
INFO - [G] LONG DT @ 2624: 0.1
INFO - [G] LONG DT @ 2624: 0.1
INFO - [G] LONG DT @ 2624: 0.1
INFO - [G] LONG DT @ 2624: 0.1
INFO - [G] LONG DT @ 2624: 0.1
INFO - [G] LONG DT @ 2624: 0.1
INFO - [G] LONG DT @ 2624: 0.1
INFO - [G] LONG DT @ 2624: 0.1
INFO - [G] LONG DT @ 2624: 0.1
INFO - [G] LONG DT @ 2624: 0.1
INFO - [G] LONG DT @ 2625: 0.1
INFO - [G] LONG DT @ 2625: 0.1
INFO - [G] LONG DT @ 2625: 0.1
INFO - [G] LONG DT @ 2625: 0.1
INFO - [G] LONG DT @ 2625: 0.1
INFO - [G] LONG DT @ 2625: 0.1
INFO - [G] LONG DT @ 2625: 0.1
INFO - [G] LONG DT @ 2625: 0.1
INFO - [G] LONG DT @ 2625: 0.1
INFO - [G] LONG DT @ 2625: 0.1
INFO - [G] LONG DT @ 2626: 0.1
INFO - [G] LONG DT @ 2626: 0.1
INFO - [G] LONG DT @ 2626: 0.1
INFO - [G] LONG DT @ 2626: 0.1
INFO - [G] LONG DT @ 2626: 0.1
INFO - [G] LONG DT @ 2626: 0.1
INFO - [G] LONG DT @ 2626: 0.1
INFO - [G] LONG DT @ 2626: 0.1
INFO - [G] LONG DT @ 2626: 0.1
INFO - [G] LONG DT @ 2626: 0.1
INFO - [G] LONG DT @ 2627: 0.1
INFO - [G] LONG DT @ 2627: 0.1
INFO - [G] LONG DT @ 2627: 0.1
INFO - [G] LONG DT @ 2627: 0.1
INFO - [G] LONG DT @ 2627: 0.1
INFO - [G] LONG DT @ 2627: 0.1
INFO - [G] LONG DT @ 2627: 0.1
INFO - [G] LONG DT @ 2627: 0.1
INFO - [G] LONG DT @ 2627: 0.1
INFO - [G] LONG DT @ 2627: 0.1
INFO - [G] LONG DT @ 2628: 0.1
INFO - [G] LONG DT @ 2628: 0.1
INFO - [G] LONG DT @ 2628: 0.1
INFO - [G] LONG DT @ 2628: 0.1
INFO - [G] LONG DT @ 2628: 0.1
INFO - [G] LONG DT @ 2628: 0.1
INFO - [G] LONG DT @ 2628: 0.1
INFO - [G] LONG DT @ 2628: 0.1
INFO - [G] LONG DT @ 2628: 0.1
INFO - [G] LONG DT @ 2628: 0.1
INFO - [G] LONG DT @ 2629: 0.1
INFO - [G] LONG DT @ 2629: 0.1
INFO - [G] LONG DT @ 2629: 0.1
INFO - [G] LONG DT @ 2629: 0.1
INFO - [G] LONG DT @ 2629: 0.1
INFO - [G] LONG DT @ 2629: 0.1
INFO - [G] LONG DT @ 2629: 0.1
INFO - [G] LONG DT @ 2629: 0.1
INFO - [G] LONG DT @ 2629: 0.1
INFO - [G] LONG DT @ 2629: 0.1
INFO - [G] LONG DT @ 2630: 0.1
INFO - [G] LONG DT @ 2630: 0.1
INFO - [G] LONG DT @ 2630: 0.1
INFO - [G] LONG DT @ 2630: 0.1
INFO - [G] LONG DT @ 2630: 0.1
INFO - [G] LONG DT @ 2630: 0.1
INFO - [G] LONG DT @ 2630: 0.1
INFO - [G] LONG DT @ 2630: 0.1
INFO - [G] LONG DT @ 2630: 0.1
INFO - [G] LONG DT @ 2630: 0.1
INFO - [G] LONG DT @ 2631: 0.1
INFO - [G] LONG DT @ 2631: 0.1
INFO - [G] LONG DT @ 2631: 0.1
INFO - [G] LONG DT @ 2631: 0.1
INFO - [G] LONG DT @ 2631: 0.1
INFO - [G] LONG DT @ 2631: 0.1
INFO - [G] LONG DT @ 2631: 0.1
INFO - [G] LONG DT @ 2631: 0.1
INFO - [G] LONG DT @ 2631: 0.1
INFO - [G] LONG DT @ 2631: 0.1
INFO - [G] LONG DT @ 2632: 0.1
INFO - [G] LONG DT @ 2632: 0.1
INFO - [G] LONG DT @ 2632: 0.1
INFO - [G] LONG DT @ 2632: 0.1
INFO - [G] LONG DT @ 2632: 0.1
INFO - [G] LONG DT @ 2632: 0.1
INFO - [G] LONG DT @ 2632: 0.1
INFO - [G] LONG DT @ 2632: 0.1
INFO - [G] LONG DT @ 2632: 0.1
INFO - [G] LONG DT @ 2632: 0.1
INFO - [G] LONG DT @ 2633: 0.1
INFO - [G] LONG DT @ 2633: 0.1
INFO - [G] LONG DT @ 2633: 0.1
INFO - [G] LONG DT @ 2633: 0.1
INFO - [G] LONG DT @ 2633: 0.1
INFO - [G] LONG DT @ 2633: 0.1
INFO - [G] LONG DT @ 2633: 0.1
INFO - [G] LONG DT @ 2633: 0.1
INFO - [G] LONG DT @ 2633: 0.1
INFO - [G] LONG DT @ 2633: 0.1
INFO - [G] LONG DT @ 2634: 0.1
INFO - [G] LONG DT @ 2634: 0.1
INFO - [G] LONG DT @ 2634: 0.1
INFO - [G] LONG DT @ 2634: 0.1
INFO - [G] LONG DT @ 2634: 0.1
INFO - [G] LONG DT @ 2634: 0.1
INFO - [G] LONG DT @ 2634: 0.1
INFO - [G] LONG DT @ 2634: 0.1
INFO - [G] LONG DT @ 2634: 0.1
INFO - [G] LONG DT @ 2634: 0.1
INFO - [G] LONG DT @ 2635: 0.1
INFO - [G] LONG DT @ 2635: 0.1
INFO - [G] LONG DT @ 2635: 0.1
INFO - [G] LONG DT @ 2635: 0.1
INFO - [G] LONG DT @ 2635: 0.1
INFO - [G] LONG DT @ 2635: 0.1
INFO - [G] LONG DT @ 2635: 0.1
INFO - [G] LONG DT @ 2635: 0.1
INFO - [G] LONG DT @ 2635: 0.1
INFO - [G] LONG DT @ 2635: 0.1
INFO - [G] LONG DT @ 2636: 0.1
INFO - [G] LONG DT @ 2636: 0.1
INFO - [G] LONG DT @ 2636: 0.1
INFO - [G] LONG DT @ 2636: 0.1
INFO - [G] LONG DT @ 2636: 0.1
INFO - [G] LONG DT @ 2636: 0.1
INFO - [G] LONG DT @ 2636: 0.1
INFO - [G] LONG DT @ 2636: 0.1
INFO - [G] LONG DT @ 2636: 0.1
INFO - [G] LONG DT @ 2636: 0.1
INFO - [G] LONG DT @ 2637: 0.1
INFO - [G] LONG DT @ 2637: 0.1
INFO - [G] LONG DT @ 2637: 0.1
INFO - [G] LONG DT @ 2637: 0.1
INFO - [G] LONG DT @ 2637: 0.1
INFO - [G] LONG DT @ 2637: 0.1
INFO - [G] LONG DT @ 2637: 0.1
INFO - [G] LONG DT @ 2637: 0.1
INFO - [G] LONG DT @ 2637: 0.1
INFO - [G] LONG DT @ 2637: 0.1
INFO - [G] LONG DT @ 2638: 0.1
INFO - [G] LONG DT @ 2638: 0.1
INFO - [G] LONG DT @ 2638: 0.1
INFO - [G] LONG DT @ 2638: 0.1
INFO - [G] LONG DT @ 2638: 0.1
INFO - [G] LONG DT @ 2638: 0.1
INFO - [G] LONG DT @ 2638: 0.1
INFO - [G] LONG DT @ 2638: 0.1
INFO - [G] LONG DT @ 2638: 0.1
INFO - [G] LONG DT @ 2638: 0.1
INFO - [G] LONG DT @ 2639: 0.1
INFO - [G] LONG DT @ 2639: 0.1
INFO - [G] LONG DT @ 2639: 0.1
INFO - [G] LONG DT @ 2639: 0.1
INFO - [G] LONG DT @ 2639: 0.1
INFO - [G] LONG DT @ 2639: 0.1
INFO - [G] LONG DT @ 2639: 0.1
INFO - [G] LONG DT @ 2639: 0.1
INFO - [G] LONG DT @ 2639: 0.1
INFO - [G] LONG DT @ 2639: 0.1
INFO - [G] LONG DT @ 2640: 0.1
INFO - [G] LONG DT @ 2640: 0.1
INFO - [G] LONG DT @ 2640: 0.1
INFO - [G] LONG DT @ 2640: 0.1
INFO - [G] LONG DT @ 2640: 0.1
INFO - [G] LONG DT @ 2640: 0.1
INFO - [G] LONG DT @ 2640: 0.1
INFO - [G] LONG DT @ 2640: 0.1
INFO - [G] LONG DT @ 2640: 0.1
INFO - [G] LONG DT @ 2640: 0.1
INFO - [G] LONG DT @ 2641: 0.1
INFO - [G] LONG DT @ 2641: 0.1
INFO - [G] LONG DT @ 2641: 0.1
INFO - [G] LONG DT @ 2641: 0.1
INFO - [G] LONG DT @ 2641: 0.1
INFO - [G] LONG DT @ 2641: 0.1
INFO - [G] LONG DT @ 2641: 0.1
INFO - [G] LONG DT @ 2641: 0.1
INFO - [G] LONG DT @ 2641: 0.1
INFO - [G] LONG DT @ 2641: 0.1
INFO - [G] LONG DT @ 2642: 0.1
INFO - [G] LONG DT @ 2642: 0.1
INFO - [G] LONG DT @ 2642: 0.1
INFO - [G] LONG DT @ 2642: 0.1
INFO - [G] LONG DT @ 2642: 0.081699619999999
INFO - [G] LONG DT @ 2642: 0.066955996000073
INFO - [G] LONG DT @ 2642: 0.05506961680005
INFO - [G] LONG DT @ 2819: 0.078233621775879
INFO - [G] LONG DT @ 2819: 0.069938437420648
INFO - [G] LONG DT @ 2819: 0.06331674993652
INFO - [G] LONG DT @ 2819: 0.057957119949289
INFO - [G] LONG DT @ 2819: 0.053641975959382
INFO - [G] LONG DT @ 2819: 0.050245880767558
INFO - [G] ERROR LOADING GAME: Card area 'shop_jokers' not instantiated before load
INFO - [G] ERROR LOADING GAME: Card area 'shop_vouchers' not instantiated before load
INFO - [G] ERROR LOADING GAME: Card area 'shop_booster' not instantiated before load
INFO - [G] LONG DT @ 194: 0.071740551129342
INFO - [G] LONG DT @ 194: 0.065649660903379
INFO - [G] LONG DT @ 194: 0.060814248722684
INFO - [G] LONG DT @ 194: 0.056813078978159
INFO - [G] LONG DT @ 194: 0.053617323182511
INFO - [G] LONG DT @ 194: 0.051086578546088
INFO - [G] LONG DT @ 196: 0.091272774803762
INFO - [G] LONG DT @ 196: 0.083941239842983
INFO - [G] LONG DT @ 196: 0.076216871874417
INFO - [G] LONG DT @ 196: 0.070000177499522
INFO - [G] LONG DT @ 197: 0.065033461999598
INFO - [G] LONG DT @ 197: 0.061090349599607
INFO - [G] LONG DT @ 197: 0.057885019679757
INFO - [G] LONG DT @ 197: 0.055433015743755
INFO - [G] LONG DT @ 197: 0.053460112594947
INFO - [G] LONG DT @ 197: 0.051912350075951
INFO - [G] LONG DT @ 197: 0.050586360060833
INFO - [G] LONG DT @ 199: 0.097694309481017
INFO - [G] LONG DT @ 199: 0.088001087584726
INFO - [G] LONG DT @ 199: 0.080328370067829
INFO - [G] LONG DT @ 199: 0.074060296054356
INFO - [G] LONG DT @ 199: 0.0691370568435
INFO - [G] LONG DT @ 199: 0.065180025474647
INFO - [G] LONG DT @ 199: 0.062111960379742
INFO - [G] LONG DT @ 199: 0.059300948303817
INFO - [G] LONG DT @ 199: 0.057272998643159
INFO - [G] LONG DT @ 199: 0.055614338914531
INFO - [G] LONG DT @ 199: 0.054506611131621
INFO - [G] LONG DT @ 199: 0.053565028905273
INFO - [G] LONG DT @ 200: 0.052918123124077
INFO - [G] LONG DT @ 200: 0.052277278499426
INFO - [G] LONG DT @ 200: 0.051922182799429
INFO - [G] LONG DT @ 200: 0.051481306239644
INFO - [G] LONG DT @ 200: 0.051265364991622
INFO - [G] LONG DT @ 200: 0.050990871993395
INFO - [G] LONG DT @ 200: 0.050951137594657
INFO - [G] LONG DT @ 200: 0.05074659007568
INFO - [G] LONG DT @ 200: 0.050694912060638
INFO - [G] LONG DT @ 200: 0.050578969648453
INFO - [G] LONG DT @ 200: 0.050643875718672
INFO - [G] LONG DT @ 200: 0.050578220575024
INFO - [G] LONG DT @ 200: 0.050874116459969
INFO - [G] LONG DT @ 200: 0.051354713167942
INFO - [G] LONG DT @ 200: 0.051427710534519
INFO - [G] LONG DT @ 200: 0.051501748427547
INFO - [G] LONG DT @ 200: 0.051663718742116
INFO - [G] LONG DT @ 200: 0.05174329499358
INFO - [G] LONG DT @ 200: 0.051846075994861
INFO - [G] LONG DT @ 200: 0.051824380795848
INFO - [G] LONG DT @ 201: 0.051907244636696
INFO - [G] LONG DT @ 201: 0.051908795709359
INFO - [G] LONG DT @ 201: 0.052026296567447
INFO - [G] LONG DT @ 201: 0.052128777254097
INFO - [G] LONG DT @ 201: 0.052242481803205
INFO - [G] LONG DT @ 201: 0.052358945442574
INFO - [G] LONG DT @ 201: 0.052447236354019
INFO - [G] LONG DT @ 201: 0.052506329083342
INFO - [G] LONG DT @ 201: 0.052631863266628
INFO - [G] LONG DT @ 201: 0.052666870613338
INFO - [G] LONG DT @ 201: 0.052716056490637
INFO - [G] LONG DT @ 201: 0.052785585192543
INFO - [G] LONG DT @ 201: 0.1
INFO - [G] LONG DT @ 201: 0.090691880000013
INFO - [G] LONG DT @ 201: 0.083268543999933
INFO - [G] LONG DT @ 201: 0.077285855199919
INFO - [G] LONG DT @ 202: 0.072541424159989
INFO - [G] LONG DT @ 202: 0.068734379327971
INFO - [G] LONG DT @ 202: 0.065741463462343
INFO - [G] LONG DT @ 202: 0.063424070769984
INFO - [G] LONG DT @ 202: 0.061578436615844
INFO - [G] LONG DT @ 202: 0.060105169292829
INFO - [G] LONG DT @ 202: 0.058898875434105
INFO - [G] LONG DT @ 202: 0.057740500347411
INFO - [G] LONG DT @ 202: 0.056856160277918
INFO - [G] LONG DT @ 202: 0.056334868222269
INFO - [G] LONG DT @ 202: 0.056264014577837
INFO - [G] LONG DT @ 202: 0.054580111662246
INFO - [G] LONG DT @ 275: 0.1
INFO - [G] LONG DT @ 275: 0.1
INFO - [G] LONG DT @ 275: 0.1
INFO - [G] LONG DT @ 276: 0.1
INFO - [G] LONG DT @ 276: 0.1
INFO - [G] LONG DT @ 276: 0.1
INFO - [G] LONG DT @ 276: 0.1
INFO - [G] LONG DT @ 276: 0.1
INFO - [G] LONG DT @ 276: 0.1
INFO - [G] LONG DT @ 276: 0.1
INFO - [G] LONG DT @ 276: 0.1
INFO - [G] LONG DT @ 276: 0.1
INFO - [G] LONG DT @ 276: 0.085295939999996
INFO - [G] LONG DT @ 276: 0.072963631999904
INFO - [G] LONG DT @ 277: 0.062996905600022
INFO - [G] LONG DT @ 277: 0.054947484479912
INFO - [G] LONG DT @ 773: 0.1
INFO - [G] LONG DT @ 773: 0.1
INFO - [G] LONG DT @ 773: 0.1
INFO - [G] LONG DT @ 773: 0.1
INFO - [G] LONG DT @ 773: 0.1
INFO - [G] LONG DT @ 773: 0.1
INFO - [G] LONG DT @ 773: 0.1
INFO - [G] LONG DT @ 773: 0.1
INFO - [G] LONG DT @ 773: 0.1
INFO - [G] LONG DT @ 774: 0.1
INFO - [G] LONG DT @ 774: 0.1
INFO - [G] LONG DT @ 774: 0.1
INFO - [G] LONG DT @ 774: 0.1
INFO - [G] LONG DT @ 774: 0.1
INFO - [G] LONG DT @ 774: 0.1
INFO - [G] LONG DT @ 774: 0.1
INFO - [G] LONG DT @ 774: 0.1
INFO - [G] LONG DT @ 774: 0.1
INFO - [G] LONG DT @ 774: 0.1
INFO - [G] LONG DT @ 775: 0.1
INFO - [G] LONG DT @ 775: 0.1
INFO - [G] LONG DT @ 775: 0.1
INFO - [G] LONG DT @ 775: 0.1
INFO - [G] LONG DT @ 775: 0.1
INFO - [G] LONG DT @ 775: 0.1
INFO - [G] LONG DT @ 775: 0.1
INFO - [G] LONG DT @ 775: 0.1
INFO - [G] LONG DT @ 775: 0.1
INFO - [G] LONG DT @ 775: 0.1
INFO - [G] LONG DT @ 776: 0.1
INFO - [G] LONG DT @ 776: 0.1
INFO - [G] LONG DT @ 776: 0.1
INFO - [G] LONG DT @ 776: 0.1
INFO - [G] LONG DT @ 776: 0.1
INFO - [G] LONG DT @ 776: 0.1
INFO - [G] LONG DT @ 776: 0.1
INFO - [G] LONG DT @ 776: 0.1
INFO - [G] LONG DT @ 776: 0.1
INFO - [G] LONG DT @ 776: 0.1
INFO - [G] LONG DT @ 777: 0.1
INFO - [G] LONG DT @ 777: 0.1
INFO - [G] LONG DT @ 777: 0.1
INFO - [G] LONG DT @ 777: 0.1
INFO - [G] LONG DT @ 777: 0.1
INFO - [G] LONG DT @ 777: 0.1
INFO - [G] LONG DT @ 777: 0.1
INFO - [G] LONG DT @ 777: 0.1
INFO - [G] LONG DT @ 777: 0.1
INFO - [G] LONG DT @ 777: 0.1
INFO - [G] LONG DT @ 778: 0.1
INFO - [G] LONG DT @ 778: 0.1
INFO - [G] LONG DT @ 778: 0.1
INFO - [G] LONG DT @ 778: 0.1
INFO - [G] LONG DT @ 778: 0.1
INFO - [G] LONG DT @ 778: 0.1
INFO - [G] LONG DT @ 778: 0.1
INFO - [G] LONG DT @ 778: 0.1
INFO - [G] LONG DT @ 778: 0.1
INFO - [G] LONG DT @ 778: 0.1
INFO - [G] LONG DT @ 779: 0.1
INFO - [G] LONG DT @ 779: 0.1
INFO - [G] LONG DT @ 779: 0.1
INFO - [G] LONG DT @ 779: 0.1
INFO - [G] LONG DT @ 779: 0.1
INFO - [G] LONG DT @ 779: 0.1
INFO - [G] LONG DT @ 779: 0.1
INFO - [G] LONG DT @ 779: 0.1
INFO - [G] LONG DT @ 779: 0.1
INFO - [G] LONG DT @ 779: 0.1
INFO - [G] LONG DT @ 780: 0.1
INFO - [G] LONG DT @ 780: 0.1
INFO - [G] LONG DT @ 780: 0.1
INFO - [G] LONG DT @ 780: 0.1
INFO - [G] LONG DT @ 780: 0.1
INFO - [G] LONG DT @ 780: 0.1
INFO - [G] LONG DT @ 780: 0.1
INFO - [G] LONG DT @ 780: 0.1
INFO - [G] LONG DT @ 780: 0.1
INFO - [G] LONG DT @ 780: 0.1
INFO - [G] LONG DT @ 781: 0.1
INFO - [G] LONG DT @ 781: 0.1
INFO - [G] LONG DT @ 781: 0.1
INFO - [G] LONG DT @ 781: 0.1
INFO - [G] LONG DT @ 781: 0.1
INFO - [G] LONG DT @ 781: 0.1
INFO - [G] LONG DT @ 781: 0.1
INFO - [G] LONG DT @ 781: 0.1
INFO - [G] LONG DT @ 781: 0.1
INFO - [G] LONG DT @ 781: 0.1
INFO - [G] LONG DT @ 782: 0.1
INFO - [G] LONG DT @ 782: 0.1
INFO - [G] LONG DT @ 782: 0.1
INFO - [G] LONG DT @ 782: 0.1
INFO - [G] LONG DT @ 782: 0.1
INFO - [G] LONG DT @ 782: 0.1
INFO - [G] LONG DT @ 782: 0.1
INFO - [G] LONG DT @ 782: 0.1
INFO - [G] LONG DT @ 782: 0.1
INFO - [G] LONG DT @ 782: 0.1
INFO - [G] LONG DT @ 783: 0.1
INFO - [G] LONG DT @ 783: 0.1
INFO - [G] LONG DT @ 783: 0.1
INFO - [G] LONG DT @ 783: 0.1
INFO - [G] LONG DT @ 783: 0.1
INFO - [G] LONG DT @ 783: 0.1
INFO - [G] LONG DT @ 783: 0.1
INFO - [G] LONG DT @ 783: 0.1
INFO - [G] LONG DT @ 783: 0.1
INFO - [G] LONG DT @ 783: 0.1
INFO - [G] LONG DT @ 784: 0.1
INFO - [G] LONG DT @ 784: 0.1
INFO - [G] LONG DT @ 784: 0.1
INFO - [G] LONG DT @ 784: 0.1
INFO - [G] LONG DT @ 784: 0.1
INFO - [G] LONG DT @ 784: 0.1
INFO - [G] LONG DT @ 784: 0.1
INFO - [G] LONG DT @ 784: 0.1
INFO - [G] LONG DT @ 784: 0.1
INFO - [G] LONG DT @ 784: 0.1
INFO - [G] LONG DT @ 785: 0.1
INFO - [G] LONG DT @ 785: 0.1
INFO - [G] LONG DT @ 785: 0.1
INFO - [G] LONG DT @ 785: 0.1
INFO - [G] LONG DT @ 785: 0.1
INFO - [G] LONG DT @ 785: 0.1
INFO - [G] LONG DT @ 785: 0.1
INFO - [G] LONG DT @ 785: 0.1
INFO - [G] LONG DT @ 785: 0.1
INFO - [G] LONG DT @ 785: 0.1
INFO - [G] LONG DT @ 786: 0.1
INFO - [G] LONG DT @ 786: 0.1
INFO - [G] LONG DT @ 786: 0.1
INFO - [G] LONG DT @ 786: 0.1
INFO - [G] LONG DT @ 786: 0.1
INFO - [G] LONG DT @ 786: 0.1
INFO - [G] LONG DT @ 786: 0.1
INFO - [G] LONG DT @ 786: 0.1
INFO - [G] LONG DT @ 786: 0.1
INFO - [G] LONG DT @ 786: 0.1
INFO - [G] LONG DT @ 787: 0.1
INFO - [G] LONG DT @ 787: 0.1
INFO - [G] LONG DT @ 787: 0.1
INFO - [G] LONG DT @ 787: 0.1
INFO - [G] LONG DT @ 787: 0.1
INFO - [G] LONG DT @ 787: 0.1
INFO - [G] LONG DT @ 787: 0.1
INFO - [G] LONG DT @ 787: 0.1
INFO - [G] LONG DT @ 787: 0.1
INFO - [G] LONG DT @ 787: 0.1
INFO - [G] LONG DT @ 788: 0.1
INFO - [G] LONG DT @ 788: 0.1
INFO - [G] LONG DT @ 788: 0.1
INFO - [G] LONG DT @ 788: 0.1
INFO - [G] LONG DT @ 788: 0.1
INFO - [G] LONG DT @ 788: 0.1
INFO - [G] LONG DT @ 788: 0.1
INFO - [G] LONG DT @ 788: 0.1
INFO - [G] LONG DT @ 788: 0.1
INFO - [G] LONG DT @ 788: 0.1
INFO - [G] LONG DT @ 789: 0.1
INFO - [G] LONG DT @ 789: 0.1
INFO - [G] LONG DT @ 789: 0.1
INFO - [G] LONG DT @ 789: 0.1
INFO - [G] LONG DT @ 789: 0.1
INFO - [G] LONG DT @ 789: 0.1
INFO - [G] LONG DT @ 789: 0.1
INFO - [G] LONG DT @ 789: 0.1
INFO - [G] LONG DT @ 789: 0.1
INFO - [G] LONG DT @ 789: 0.1
INFO - [G] LONG DT @ 790: 0.1
INFO - [G] LONG DT @ 790: 0.1
INFO - [G] LONG DT @ 790: 0.1
INFO - [G] LONG DT @ 790: 0.1
INFO - [G] LONG DT @ 790: 0.1
INFO - [G] LONG DT @ 790: 0.1
INFO - [G] LONG DT @ 790: 0.1
INFO - [G] LONG DT @ 790: 0.1
INFO - [G] LONG DT @ 790: 0.1
INFO - [G] LONG DT @ 790: 0.1
INFO - [G] LONG DT @ 791: 0.1
INFO - [G] LONG DT @ 791: 0.1
INFO - [G] LONG DT @ 791: 0.1
INFO - [G] LONG DT @ 791: 0.1
INFO - [G] LONG DT @ 791: 0.1
INFO - [G] LONG DT @ 791: 0.1
INFO - [G] LONG DT @ 791: 0.1
INFO - [G] LONG DT @ 791: 0.1
INFO - [G] LONG DT @ 791: 0.1
INFO - [G] LONG DT @ 791: 0.1
INFO - [G] LONG DT @ 792: 0.1
INFO - [G] LONG DT @ 792: 0.1
INFO - [G] LONG DT @ 792: 0.1
INFO - [G] LONG DT @ 792: 0.1
INFO - [G] LONG DT @ 792: 0.1
INFO - [G] LONG DT @ 792: 0.1
INFO - [G] LONG DT @ 792: 0.1
INFO - [G] LONG DT @ 792: 0.1
INFO - [G] LONG DT @ 792: 0.1
INFO - [G] LONG DT @ 792: 0.1
INFO - [G] LONG DT @ 793: 0.1
INFO - [G] LONG DT @ 793: 0.1
INFO - [G] LONG DT @ 793: 0.1
INFO - [G] LONG DT @ 793: 0.1
INFO - [G] LONG DT @ 793: 0.1
INFO - [G] LONG DT @ 793: 0.1
INFO - [G] LONG DT @ 793: 0.1
INFO - [G] LONG DT @ 793: 0.1
INFO - [G] LONG DT @ 793: 0.1
INFO - [G] LONG DT @ 793: 0.1
INFO - [G] LONG DT @ 794: 0.1
INFO - [G] LONG DT @ 794: 0.1
INFO - [G] LONG DT @ 794: 0.1
INFO - [G] LONG DT @ 794: 0.1
INFO - [G] LONG DT @ 794: 0.1
INFO - [G] LONG DT @ 794: 0.1
INFO - [G] LONG DT @ 794: 0.1
INFO - [G] LONG DT @ 794: 0.1
INFO - [G] LONG DT @ 794: 0.1
INFO - [G] LONG DT @ 794: 0.1
INFO - [G] LONG DT @ 795: 0.1
INFO - [G] LONG DT @ 795: 0.1
INFO - [G] LONG DT @ 795: 0.1
INFO - [G] LONG DT @ 795: 0.1
INFO - [G] LONG DT @ 795: 0.1
INFO - [G] LONG DT @ 795: 0.1
INFO - [G] LONG DT @ 795: 0.1
INFO - [G] LONG DT @ 795: 0.084980339999929
INFO - [G] LONG DT @ 795: 0.072510191999958
INFO - [G] LONG DT @ 795: 0.062349313599934
INFO - [G] LONG DT @ 795: 0.053827370880011
INFO - [G] LONG DT @ 798: 0.1
INFO - [G] LONG DT @ 799: 0.1
INFO - [G] LONG DT @ 799: 0.1
INFO - [G] LONG DT @ 799: 0.1
INFO - [G] LONG DT @ 799: 0.1
INFO - [G] LONG DT @ 799: 0.1
INFO - [G] LONG DT @ 799: 0.1
INFO - [G] LONG DT @ 799: 0.1
INFO - [G] LONG DT @ 799: 0.1
INFO - [G] LONG DT @ 799: 0.1
INFO - [G] LONG DT @ 799: 0.1
INFO - [G] LONG DT @ 800: 0.1
INFO - [G] LONG DT @ 800: 0.1
INFO - [G] LONG DT @ 800: 0.1
INFO - [G] LONG DT @ 800: 0.1
INFO - [G] LONG DT @ 800: 0.1
INFO - [G] LONG DT @ 800: 0.1
INFO - [G] LONG DT @ 800: 0.1
INFO - [G] LONG DT @ 800: 0.1
INFO - [G] LONG DT @ 800: 0.1
INFO - [G] LONG DT @ 800: 0.1
INFO - [G] LONG DT @ 801: 0.1
INFO - [G] LONG DT @ 801: 0.1
INFO - [G] LONG DT @ 801: 0.1
INFO - [G] LONG DT @ 801: 0.1
INFO - [G] LONG DT @ 801: 0.1
INFO - [G] LONG DT @ 801: 0.1
INFO - [G] LONG DT @ 801: 0.084517260000102
INFO - [G] LONG DT @ 801: 0.071884148000121
INFO - [G] LONG DT @ 801: 0.061747078400115
INFO - [G] LONG DT @ 801: 0.053707842720085
INFO - [G] LONG DT @ 2165: 0.1
INFO - [G] LONG DT @ 2165: 0.1
INFO - [G] LONG DT @ 2165: 0.1
INFO - [G] LONG DT @ 2166: 0.1
INFO - [G] LONG DT @ 2166: 0.1
INFO - [G] LONG DT @ 2166: 0.1
INFO - [G] LONG DT @ 2166: 0.1
INFO - [G] LONG DT @ 2166: 0.1
INFO - [G] LONG DT @ 2166: 0.1
INFO - [G] LONG DT @ 2166: 0.1
INFO - [G] LONG DT @ 2166: 0.1
INFO - [G] LONG DT @ 2166: 0.1
INFO - [G] LONG DT @ 2166: 0.1
INFO - [G] LONG DT @ 2167: 0.1
INFO - [G] LONG DT @ 2167: 0.1
INFO - [G] LONG DT @ 2167: 0.1
INFO - [G] LONG DT @ 2167: 0.1
INFO - [G] LONG DT @ 2167: 0.1
INFO - [G] LONG DT @ 2167: 0.1
INFO - [G] LONG DT @ 2167: 0.1
INFO - [G] LONG DT @ 2167: 0.1
INFO - [G] LONG DT @ 2167: 0.1
INFO - [G] LONG DT @ 2167: 0.1
INFO - [G] LONG DT @ 2168: 0.1
INFO - [G] LONG DT @ 2168: 0.1
INFO - [G] LONG DT @ 2168: 0.1
INFO - [G] LONG DT @ 2168: 0.1
INFO - [G] LONG DT @ 2168: 0.1
INFO - [G] LONG DT @ 2168: 0.082458560000014
INFO - [G] LONG DT @ 2168: 0.068404507999861
INFO - [G] LONG DT @ 2168: 0.056868526400026
INFO - [G] ERROR LOADING GAME: Card area 'shop_jokers' not instantiated before load
INFO - [G] ERROR LOADING GAME: Card area 'shop_vouchers' not instantiated before load
INFO - [G] ERROR LOADING GAME: Card area 'shop_booster' not instantiated before load
INFO - [G] ERROR LOADING GAME: Card area 'shop_jokers' not instantiated before load
INFO - [G] ERROR LOADING GAME: Card area 'shop_vouchers' not instantiated before load
INFO - [G] ERROR LOADING GAME: Card area 'shop_booster' not instantiated before load
INFO - [G] ERROR LOADING GAME: Card area 'shop_jokers' not instantiated before load
INFO - [G] ERROR LOADING GAME: Card area 'shop_vouchers' not instantiated before load
INFO - [G] ERROR LOADING GAME: Card area 'shop_booster' not instantiated before load
INFO - [G] ERROR LOADING GAME: Card area 'shop_jokers' not instantiated before load
INFO - [G] ERROR LOADING GAME: Card area 'shop_vouchers' not instantiated before load
INFO - [G] ERROR LOADING GAME: Card area 'shop_booster' not instantiated before load
INFO - [G] ERROR LOADING GAME: Card area 'shop_jokers' not instantiated before load
INFO - [G] ERROR LOADING GAME: Card area 'shop_vouchers' not instantiated before load
INFO - [G] ERROR LOADING GAME: Card area 'shop_booster' not instantiated before load
INFO - [G] ERROR LOADING GAME: Card area 'shop_jokers' not instantiated before load
INFO - [G] ERROR LOADING GAME: Card area 'shop_vouchers' not instantiated before load
INFO - [G] ERROR LOADING GAME: Card area 'shop_booster' not instantiated before load
