INFO - [♥] Lovely 0.6.0
INFO - [♥] Game directory is at "Z:\\run\\media\\vomitblood\\DataDisk1\\SteamLibrary\\steamapps\\common\\Balatro"
INFO - [♥] Writing logs to "C:\\users\\steamuser\\AppData\\Roaming\\Balatro\\Mods\\lovely\\log"
INFO - [♥] Using mod directory at "C:\\users\\steamuser\\AppData\\Roaming\\Balatro\\Mods"
INFO - [♥] Cleaning up dumps directory at "C:\\users\\steamuser\\AppData\\Roaming\\Balatro\\Mods\\lovely\\dump"
INFO - [♥] Initialization complete in 139ms
INFO - [♥] Applied 1 patch to 'conf.lua'
WARN - [♥] Pattern 'G.ARGS.score_intensity.organ = G.video_organ or G.ARGS.score_intensity.required_score > 0 and math.max(math.min(0.4, 0.1*math.log(G.ARGS.score_intensity.earned_score/(G.ARGS.score_intensity.required_score+1), 5)),0.) or 0' on target 'main.lua' resulted in no matches
WARN - [♥] Pattern 'if type(G.GAME.current_round.current_hand.chips) ~= \'number\' or type(G.GAME.current_round.current_hand.mult) ~= \'number\' then' on target 'main.lua' resulted in no matches
WARN - [♥] Pattern 'modded and {' on target 'main.lua' resulted in no matches
INFO - [♥] Applied 30 patches to 'main.lua'
INFO - [♥] Applied 2 patches to 'engine/string_packer.lua'
INFO - [♥] Applied 12 patches to 'engine/controller.lua'
INFO - [♥] Applied 13 patches to 'back.lua'
INFO - [♥] Applied 14 patches to 'tag.lua'
INFO - [♥] Applied 2 patches to 'engine/moveable.lua'
INFO - [♥] Applied 2 patches to 'engine/sprite.lua'
INFO - [♥] Applied 2 patches to 'engine/animatedsprite.lua'
WARN - [♥] Pattern 'assembled_string = assembled_string..(type(subpart) == \'string\' and subpart or args.vars[tonumber(subpart[1])] or \'ERROR\')' on target 'functions/misc_functions.lua' resulted in no matches
INFO - [♥] Applied 46 patches to 'functions/misc_functions.lua'
INFO - [♥] Applied 82 patches to 'game.lua'
INFO - [♥] Applied 1 patch to 'globals.lua'
WARN - [♥] Pattern 'self.config.chosen = true' on target 'engine/ui.lua' resulted in no matches
INFO - [♥] Applied 7 patches to 'engine/ui.lua'
WARN - [♥] Pattern '{card_limit = _size, type = \'consumeable\', highlight_limit = 1}' on target 'functions/UI_definitions.lua' resulted in no matches
WARN - [♥] Pattern '{n=G.UIT.T, config={text = G.GAME.hands[handname].chips, scale = 0.45, colour = G.C.UI.TEXT_LIGHT}},' on target 'functions/UI_definitions.lua' resulted in no matches
WARN - [♥] Pattern '{n=G.UIT.T, config={text = G.GAME.hands[handname].mult, scale = 0.45, colour = G.C.UI.TEXT_LIGHT}}' on target 'functions/UI_definitions.lua' resulted in no matches
INFO - [♥] Applied 118 patches to 'functions/UI_definitions.lua'
WARN - [♥] Pattern 'ease_to = G.GAME.chips + math.floor(hand_chips * mult) * (e and e.antiscore and -1 or 1),' on target 'functions/state_events.lua' resulted in no matches
INFO - [♥] Applied 98 patches to 'functions/state_events.lua'
WARN - [♥] Pattern 'local cfg = (card and card.ability) or _c[\'config\']' on target 'functions/common_events.lua' resulted in no matches
WARN - [♥] Pattern 'elseif v.boss.showdown and (G.GAME.round_resets.ante)%G.GAME.win_ante == 0 and G.GAME.round_resets.ante >= 2 then' on target 'functions/common_events.lua' resulted in no matches
WARN - [♥] Regex '(?<indent>[\\t ]*)if G\\.F_NO_ACHIEVEMENTS then return end\\n[\\s\\S][\\s\\S]{16}--\\|LOCAL SETTINGS FILE' on target 'functions/common_events.lua' resulted in no matches
WARN - [♥] Pattern 'func = (function() if eval_func(card) then if not first or first then card:juice_up(0.1, 0.1) end;juice_card_until(card, eval_func, nil, 0.8) end return true end)' on target 'functions/common_events.lua' resulted in no matches
INFO - [♥] Applied 124 patches to 'functions/common_events.lua'
WARN - [♥] Pattern 'G.pack_cards:emplace(v)' on target 'functions/button_callbacks.lua' resulted in no matches
INFO - [♥] Applied 53 patches to 'functions/button_callbacks.lua'
WARN - [♥] Pattern 'if self.ability.name == \'Campfire\' and G.GAME.blind.boss and not (G.GAME.blind.config and G.GAME.blind.config.bonus) and self.ability.x_mult > 1 then' on target 'card.lua' resulted in no matches
WARN - [♥] Pattern 'Xmult_mod = G.P_CENTERS.v_observatory.config.extra' on target 'card.lua' resulted in no matches
WARN - [♥] Pattern 'if k ~= \'focused_ui\' and k ~= \"front\" and k ~= \"back\" and k ~= \"soul_parts\" and k ~= \"center\" and k ~= \'floating_sprite\' and k~= \"shadow\" and k~= \"use_button\" and k ~= \'buy_button\' and k ~= \'buy_and_use_button\' and k~= \"debuff\" and k ~= \'price\' and k~= \'particles\' and k ~= \'h_popup\' then v:draw() end' on target 'card.lua' resulted in no matches
WARN - [♥] Pattern 'if G.GAME.blind then G.E_MANAGER:add_event(Event({ func = function() G.GAME.blind:set_blind(nil, true, nil); return true end })) end' on target 'card.lua' resulted in no matches
INFO - [♥] Applied 206 patches to 'card.lua'
INFO - [♥] Applied 20 patches to 'cardarea.lua'
INFO - [♥] Applied 32 patches to 'blind.lua'
INFO - [♥] Applied 5 patches to 'engine/text.lua'
INFO - [G] Totally applied 4 replacements to overrides.lua 
INFO - [G] Failed to connect to the debug server 
INFO - [G] 2025-01-10 14:42:52 :: DEBUG :: DebugConsole :: Steamodded Debug Socket started ! 
INFO - [♥] Applied 9 patches to 'engine/sound_manager.lua'
INFO - [♥] Applied 2 patches to 'engine/string_packer.lua'
INFO - [G] 2025-01-10 14:42:53 :: TRACE :: Loader :: Processing Mod file (Legacy header): mod.lua 
INFO - [G] 2025-01-10 14:42:53 :: TRACE :: Loader :: Saving Mod Info: cartomancer 
INFO - [G] 2025-01-10 14:42:53 :: TRACE :: Loader :: Processing Mod file (Legacy header): Cryptid.lua 
INFO - [G] 2025-01-10 14:42:53 :: TRACE :: Loader :: Saving Mod Info: Cryptid 
INFO - [G] 2025-01-10 14:42:53 :: INFO  :: DefaultLogger :: Valid JSON file found 
INFO - [G] 2025-01-10 14:42:53 :: TRACE :: Loader :: Processing Mod file (Legacy header): steamodded.lua 
INFO - [G] 2025-01-10 14:42:53 :: TRACE :: Loader :: Saving Mod Info: Handy 
INFO - [G] 2025-01-10 14:42:53 :: TRACE :: Loader :: Processing Mod file (Legacy header): Incantation.lua 
INFO - [G] 2025-01-10 14:42:53 :: TRACE :: Loader :: Saving Mod Info: incantation 
INFO - [G] 2025-01-10 14:42:53 :: TRACE :: Loader :: Processing Mod file (Legacy header): JCursor.lua 
INFO - [G] 2025-01-10 14:42:53 :: TRACE :: Loader :: Saving Mod Info: JCursor 
INFO - [G] 2025-01-10 14:42:53 :: TRACE :: Loader :: Processing Mod file (Legacy header): steamodded_metadata.lua 
INFO - [G] 2025-01-10 14:42:53 :: TRACE :: Loader :: Saving Mod Info: Talisman 
INFO - [G] 2025-01-10 14:42:53 :: DEBUG :: DefaultLogger :: JCursor loaded! 
INFO - [G] Loading file Achievements.lua 
INFO - [G] Loading file Antimatter.lua 
INFO - [G] Loading file Blinds.lua 
INFO - [G] Loading file Challenges.lua 
INFO - [G] Loading file CodeCards.lua 
INFO - [G] Loading file CryptidJokerDisplay.lua 
INFO - [G] Warning: CryptidJokerDisplay.lua has no items 
INFO - [G] Loading file Decks.lua 
INFO - [G] Loading file Enhanced.lua 
INFO - [G] Loading file EpicJokers.lua 
INFO - [G] Loading file Exotic.lua 
INFO - [G] Loading file M.lua 
INFO - [G] Loading file Misc.lua 
INFO - [G] Loading file MiscJokers.lua 
INFO - [G] Loading file Planets.lua 
INFO - [G] Loading file Sleeves.lua 
INFO - [G] Loading file Spectrals.lua 
INFO - [G] Loading file Spooky.lua 
INFO - [G] Loading file Stakes.lua 
INFO - [G] Loading file Tags.lua 
INFO - [G] Loading file Vouchers.lua 
INFO - [G] Loading file dummy_https.lua 
INFO - [G] Warning: dummy_https.lua has no items 
INFO - [G] Loading file dummy_timerblinds.lua 
INFO - [G] Warning: dummy_timerblinds.lua has no items 
INFO - [G] 2025-01-10 14:42:53 :: WARN  :: Atlas :: Detected duplicate register call on object cry_modicon 
INFO - [G] 2025-01-10 14:42:53 :: WARN  :: Atlas :: Detected duplicate register call on object cry_placeholders 
INFO - [G] 2025-01-10 14:42:53 :: WARN  :: Atlas :: Detected duplicate register call on object cry_atlasepic 
INFO - [G] 2025-01-10 14:42:53 :: WARN  :: Atlas :: Detected duplicate register call on object cry_atlasone 
INFO - [G] 2025-01-10 14:42:53 :: WARN  :: Atlas :: Detected duplicate register call on object cry_atlastwo 
INFO - [G] 2025-01-10 14:42:53 :: WARN  :: Atlas :: Detected duplicate register call on object cry_atlasthree 
INFO - [G] 2025-01-10 14:42:53 :: WARN  :: Atlas :: Detected duplicate register call on object cry_atlasspooky 
INFO - [G] 2025-01-10 14:42:53 :: WARN  :: Atlas :: Detected duplicate register call on object cry_atlasexotic 
INFO - [G] 2025-01-10 14:42:53 :: WARN  :: Atlas :: Detected duplicate register call on object cry_atlasnotjokers 
INFO - [G] 2025-01-10 14:42:53 :: WARN  :: Atlas :: Detected duplicate register call on object cry_tag_cry 
INFO - [G] 2025-01-10 14:42:53 :: WARN  :: Atlas :: Detected duplicate register call on object cry_misc 
INFO - [G] 2025-01-10 14:42:53 :: WARN  :: Sticker :: Detected duplicate register call on object perishable 
INFO - [G] 2025-01-10 14:42:53 :: WARN  :: Sticker :: Detected duplicate register call on object pinned 
INFO - [G] 2025-01-10 14:42:53 :: WARN  :: Sticker :: Detected duplicate register call on object eternal 
INFO - [G] 2025-01-10 14:42:53 :: WARN  :: Sticker :: Detected duplicate register call on object rental 
INFO - [G] 2025-01-10 14:42:53 :: INFO  :: TIMER :: [0000] Injected Language in 0.001 ms 
INFO - [G] 2025-01-10 14:42:53 :: INFO  :: TIMER :: [0000] Injected [INTERNAL] in 0.691 ms 
INFO - [G] 2025-01-10 14:42:53 :: INFO  :: TIMER :: [0032] Injected Atlas in 752.222 ms 
INFO - [G] 2025-01-10 14:42:53 :: INFO  :: TIMER :: [0025] Injected Sound in 19.123 ms 
INFO - [G] 2025-01-10 14:42:53 :: INFO  :: TIMER :: [0032] Injected Stake in 0.529 ms 
INFO - [G] 2025-01-10 14:42:53 :: INFO  :: TIMER :: [0008] Injected Rarity in 0.022 ms 
INFO - [G] 2025-01-10 14:42:53 :: INFO  :: TIMER :: [0007] Injected ObjectType in 0.052 ms 
INFO - [G] 2025-01-10 14:42:53 :: INFO  :: TIMER :: [0392] Injected Center in 1.952 ms 
INFO - [G] 2025-01-10 14:42:53 :: INFO  :: TIMER :: [0011] Injected Undiscovered Sprite in 0.011 ms 
INFO - [G] 2025-01-10 14:42:53 :: INFO  :: TIMER :: [0027] Injected Blind in 0.051 ms 
INFO - [G] 2025-01-10 14:42:53 :: INFO  :: TIMER :: [0002] Injected Seal in 0.107 ms 
INFO - [G] 2025-01-10 14:42:53 :: INFO  :: TIMER :: [0004] Injected Suit in 0.056 ms 
INFO - [G] 2025-01-10 14:42:54 :: INFO  :: TIMER :: [0013] Injected Rank in 0.055 ms 
INFO - [G] 2025-01-10 14:42:54 :: INFO  :: TIMER :: [0016] Injected DeckSkin in 0.038 ms 
INFO - [G] 2025-01-10 14:42:54 :: INFO  :: TIMER :: [0016] Injected PokerHand in 0.077 ms 
INFO - [G] 2025-01-10 14:42:54 :: INFO  :: TIMER :: [0031] Injected Challenge in 0.152 ms 
INFO - [G] 2025-01-10 14:42:54 :: INFO  :: TIMER :: [0028] Injected Tag in 0.308 ms 
INFO - [G] 2025-01-10 14:42:54 :: INFO  :: TIMER :: [0009] Injected Sticker in 0.805 ms 
INFO - [G] 2025-01-10 14:42:54 :: INFO  :: TIMER :: [0009] Injected Shader in 57.027 ms 
INFO - [G] 2025-01-10 14:42:54 :: INFO  :: TIMER :: [0000] Injected Keybind in 0.001 ms 
INFO - [G] 2025-01-10 14:42:54 :: INFO  :: TIMER :: [0020] Injected Achievement in 0.126 ms 
INFO - [G] 2025-01-10 14:42:54 :: INFO  :: TIMER :: [0000] Injected [INTERNAL] in 7.196 ms 
INFO - [G] 2025-01-10 14:42:54 :: INFO  :: TIMER :: [0011] Injected Event in 0.033 ms 
INFO - [G] [DebugPlus] Press [/] to toggle console and press [shift] + [/] to toggle new log previews 
INFO - [G] ERROR LOADING GAME: Card area 'shop_vouchers' not instantiated before load 
INFO - [G] ERROR LOADING GAME: Card area 'shop_jokers' not instantiated before load 
INFO - [G] ERROR LOADING GAME: Card area 'shop_booster' not instantiated before load 
INFO - [G] 2025-01-10 15:00:39 :: INFO  :: TIMER :: [0000] Injected Language in 0.001 ms 
INFO - [G] 2025-01-10 15:00:39 :: INFO  :: TIMER :: [0000] Injected [INTERNAL] in 9.458 ms 
INFO - [G] 2025-01-10 15:00:39 :: INFO  :: TIMER :: [0032] Injected Atlas in 742.288 ms 
INFO - [G] 2025-01-10 15:00:39 :: INFO  :: TIMER :: [0025] Injected Sound in 16.892 ms 
INFO - [G] 2025-01-10 15:00:39 :: INFO  :: TIMER :: [0032] Injected Stake in 0.281 ms 
INFO - [G] 2025-01-10 15:00:39 :: INFO  :: TIMER :: [0008] Injected Rarity in 0.016 ms 
INFO - [G] 2025-01-10 15:00:39 :: INFO  :: TIMER :: [0007] Injected ObjectType in 0.034 ms 
INFO - [G] 2025-01-10 15:00:39 :: INFO  :: TIMER :: [0392] Injected Center in 1.403 ms 
INFO - [G] 2025-01-10 15:00:39 :: INFO  :: TIMER :: [0011] Injected Undiscovered Sprite in 0.007 ms 
INFO - [G] 2025-01-10 15:00:39 :: INFO  :: TIMER :: [0027] Injected Blind in 0.034 ms 
INFO - [G] 2025-01-10 15:00:39 :: INFO  :: TIMER :: [0002] Injected Seal in 0.046 ms 
INFO - [G] 2025-01-10 15:00:39 :: INFO  :: TIMER :: [0004] Injected Suit in 0.063 ms 
INFO - [G] 2025-01-10 15:00:39 :: INFO  :: TIMER :: [0013] Injected Rank in 0.059 ms 
INFO - [G] 2025-01-10 15:00:39 :: INFO  :: TIMER :: [0016] Injected DeckSkin in 0.171 ms 
INFO - [G] 2025-01-10 15:00:39 :: INFO  :: TIMER :: [0016] Injected PokerHand in 0.040 ms 
INFO - [G] 2025-01-10 15:00:39 :: INFO  :: TIMER :: [0031] Injected Challenge in 0.053 ms 
INFO - [G] 2025-01-10 15:00:39 :: INFO  :: TIMER :: [0028] Injected Tag in 0.108 ms 
INFO - [G] 2025-01-10 15:00:39 :: INFO  :: TIMER :: [0009] Injected Sticker in 1.012 ms 
INFO - [G] 2025-01-10 15:00:39 :: INFO  :: TIMER :: [0009] Injected Shader in 109.197 ms 
INFO - [G] 2025-01-10 15:00:39 :: INFO  :: TIMER :: [0000] Injected Keybind in 0.001 ms 
INFO - [G] 2025-01-10 15:00:39 :: INFO  :: TIMER :: [0020] Injected Achievement in 0.104 ms 
INFO - [G] 2025-01-10 15:00:39 :: INFO  :: TIMER :: [0000] Injected [INTERNAL] in 37.331 ms 
INFO - [G] 2025-01-10 15:00:39 :: INFO  :: TIMER :: [0011] Injected Event in 0.011 ms 
