INFO - [♥] Lovely 0.6.0
INFO - [♥] Game directory is at "Z:\\run\\media\\vomitblood\\DataDisk1\\SteamLibrary\\steamapps\\common\\Balatro"
INFO - [♥] Writing logs to "C:\\users\\steamuser\\AppData\\Roaming\\Balatro\\Mods\\lovely\\log"
INFO - [♥] Using mod directory at "C:\\users\\steamuser\\AppData\\Roaming\\Balatro\\Mods"
INFO - [♥] Cleaning up dumps directory at "C:\\users\\steamuser\\AppData\\Roaming\\Balatro\\Mods\\lovely\\dump"
INFO - [♥] Initialization complete in 124ms
WARN - [♥] Pattern 'G.ARGS.score_intensity.organ = G.video_organ or G.ARGS.score_intensity.required_score > 0 and math.max(math.min(0.4, 0.1*math.log(G.ARGS.score_intensity.earned_score/(G.ARGS.score_intensity.required_score+1), 5)),0.) or 0' on target 'main.lua' resulted in no matches
WARN - [♥] Pattern 'if type(G.GAME.current_round.current_hand.chips) ~= \'number\' or type(G.GAME.current_round.current_hand.mult) ~= \'number\' then' on target 'main.lua' resulted in no matches
INFO - [♥] Applied 10 patches to 'main.lua'
INFO - [♥] Applied 2 patches to 'engine/string_packer.lua'
WARN - [♥] Pattern 'if not _RELEASE_MODE then' on target 'engine/controller.lua' resulted in no matches
INFO - [♥] Applied 4 patches to 'engine/controller.lua'
INFO - [♥] Applied 13 patches to 'back.lua'
INFO - [♥] Applied 14 patches to 'tag.lua'
INFO - [♥] Applied 2 patches to 'engine/moveable.lua'
INFO - [♥] Applied 2 patches to 'engine/sprite.lua'
INFO - [♥] Applied 2 patches to 'engine/animatedsprite.lua'
WARN - [♥] Pattern 'assembled_string = assembled_string..(type(subpart) == \'string\' and subpart or args.vars[tonumber(subpart[1])] or \'ERROR\')' on target 'functions/misc_functions.lua' resulted in no matches
INFO - [♥] Applied 45 patches to 'functions/misc_functions.lua'
INFO - [♥] Applied 72 patches to 'game.lua'
INFO - [♥] Applied 1 patch to 'globals.lua'
INFO - [♥] Applied 6 patches to 'engine/ui.lua'
WARN - [♥] Pattern '{card_limit = _size, type = \'consumeable\', highlight_limit = 1}' on target 'functions/UI_definitions.lua' resulted in no matches
WARN - [♥] Pattern '{n=G.UIT.T, config={text = G.GAME.hands[handname].chips, scale = 0.45, colour = G.C.UI.TEXT_LIGHT}},' on target 'functions/UI_definitions.lua' resulted in no matches
WARN - [♥] Pattern '{n=G.UIT.T, config={text = G.GAME.hands[handname].mult, scale = 0.45, colour = G.C.UI.TEXT_LIGHT}}' on target 'functions/UI_definitions.lua' resulted in no matches
INFO - [♥] Applied 97 patches to 'functions/UI_definitions.lua'
WARN - [♥] Pattern 'ease_to = G.GAME.chips + math.floor(hand_chips * mult) * (e and e.antiscore and -1 or 1),' on target 'functions/state_events.lua' resulted in no matches
INFO - [♥] Applied 98 patches to 'functions/state_events.lua'
WARN - [♥] Pattern 'local cfg = (card and card.ability) or _c[\'config\']' on target 'functions/common_events.lua' resulted in no matches
WARN - [♥] Pattern 'elseif v.boss.showdown and (G.GAME.round_resets.ante)%G.GAME.win_ante == 0 and G.GAME.round_resets.ante >= 2 then' on target 'functions/common_events.lua' resulted in no matches
WARN - [♥] Regex '(?<indent>[\\t ]*)if G\\.F_NO_ACHIEVEMENTS then return end\\n[\\s\\S][\\s\\S]{16}--\\|LOCAL SETTINGS FILE' on target 'functions/common_events.lua' resulted in no matches
WARN - [♥] Pattern 'func = (function() if eval_func(card) then if not first or first then card:juice_up(0.1, 0.1) end;juice_card_until(card, eval_func, nil, 0.8) end return true end)' on target 'functions/common_events.lua' resulted in no matches
INFO - [♥] Applied 121 patches to 'functions/common_events.lua'
WARN - [♥] Pattern 'G.pack_cards:emplace(v)' on target 'functions/button_callbacks.lua' resulted in no matches
INFO - [♥] Applied 47 patches to 'functions/button_callbacks.lua'
WARN - [♥] Pattern 'if self.ability.name == \'Campfire\' and G.GAME.blind.boss and not (G.GAME.blind.config and G.GAME.blind.config.bonus) and self.ability.x_mult > 1 then' on target 'card.lua' resulted in no matches
WARN - [♥] Pattern 'if k ~= \'focused_ui\' and k ~= \"front\" and k ~= \"back\" and k ~= \"soul_parts\" and k ~= \"center\" and k ~= \'floating_sprite\' and k~= \"shadow\" and k~= \"use_button\" and k ~= \'buy_button\' and k ~= \'buy_and_use_button\' and k~= \"debuff\" and k ~= \'price\' and k~= \'particles\' and k ~= \'h_popup\' then v:draw() end' on target 'card.lua' resulted in no matches
WARN - [♥] Pattern 'if G.GAME.blind then G.E_MANAGER:add_event(Event({ func = function() G.GAME.blind:set_blind(nil, true, nil); return true end })) end' on target 'card.lua' resulted in no matches
INFO - [♥] Applied 203 patches to 'card.lua'
INFO - [♥] Applied 15 patches to 'cardarea.lua'
INFO - [♥] Applied 32 patches to 'blind.lua'
INFO - [♥] Applied 5 patches to 'engine/text.lua'
INFO - [G] Failed to connect to the debug server
INFO - [G] 2025-01-06 16:24:55 :: DEBUG :: DebugConsole :: Steamodded Debug Socket started !
INFO - [♥] Applied 9 patches to 'engine/sound_manager.lua'
INFO - [♥] Applied 2 patches to 'engine/string_packer.lua'
INFO - [G] 2025-01-06 16:24:56 :: TRACE :: Loader :: Processing Mod file (Legacy header): Cryptid.lua
INFO - [G] 2025-01-06 16:24:56 :: TRACE :: Loader :: Saving Mod Info: Cryptid
INFO - [G] 2025-01-06 16:24:56 :: TRACE :: Loader :: Processing Mod file (Legacy header): steamodded_metadata.lua
INFO - [G] 2025-01-06 16:24:56 :: TRACE :: Loader :: Saving Mod Info: Talisman
INFO - [G] Loading file Achievements.lua
INFO - [G] Loading file Antimatter.lua
INFO - [G] Loading file Blinds.lua
INFO - [G] Loading file Challenges.lua
INFO - [G] Loading file CodeCards.lua
INFO - [G] Loading file CryptidJokerDisplay.lua
INFO - [G] Warning: CryptidJokerDisplay.lua has no items
INFO - [G] Loading file Decks.lua
INFO - [G] Loading file Enhanced.lua
INFO - [G] Loading file EpicJokers.lua
INFO - [G] Loading file Exotic.lua
INFO - [G] Loading file M.lua
INFO - [G] Loading file Misc.lua
INFO - [G] Loading file MiscJokers.lua
INFO - [G] Loading file Planets.lua
INFO - [G] Loading file Sleeves.lua
INFO - [G] Loading file Spectrals.lua
INFO - [G] Loading file Spooky.lua
INFO - [G] Loading file Stakes.lua
INFO - [G] Loading file Tags.lua
INFO - [G] Loading file Vouchers.lua
INFO - [G] Loading file dummy_https.lua
INFO - [G] Loading file dummy_timerblinds.lua
INFO - [G] Warning: dummy_timerblinds.lua has no items
INFO - [G] 2025-01-06 16:24:56 :: WARN  :: Atlas :: Detected duplicate register call on object cry_modicon
INFO - [G] 2025-01-06 16:24:56 :: WARN  :: Atlas :: Detected duplicate register call on object cry_placeholders
INFO - [G] 2025-01-06 16:24:56 :: WARN  :: Atlas :: Detected duplicate register call on object cry_atlasepic
INFO - [G] 2025-01-06 16:24:56 :: WARN  :: Atlas :: Detected duplicate register call on object cry_atlasone
INFO - [G] 2025-01-06 16:24:56 :: WARN  :: Atlas :: Detected duplicate register call on object cry_atlastwo
INFO - [G] 2025-01-06 16:24:56 :: WARN  :: Atlas :: Detected duplicate register call on object cry_atlasthree
INFO - [G] 2025-01-06 16:24:56 :: WARN  :: Atlas :: Detected duplicate register call on object cry_atlasspooky
INFO - [G] 2025-01-06 16:24:56 :: WARN  :: Atlas :: Detected duplicate register call on object cry_atlasexotic
INFO - [G] 2025-01-06 16:24:56 :: WARN  :: Atlas :: Detected duplicate register call on object cry_atlasnotjokers
INFO - [G] 2025-01-06 16:24:56 :: WARN  :: Atlas :: Detected duplicate register call on object cry_tag_cry
INFO - [G] 2025-01-06 16:24:56 :: WARN  :: Atlas :: Detected duplicate register call on object cry_misc
INFO - [G] 2025-01-06 16:24:56 :: WARN  :: Sticker :: Detected duplicate register call on object perishable
INFO - [G] 2025-01-06 16:24:56 :: WARN  :: Sticker :: Detected duplicate register call on object pinned
INFO - [G] 2025-01-06 16:24:56 :: WARN  :: Sticker :: Detected duplicate register call on object eternal
INFO - [G] 2025-01-06 16:24:56 :: WARN  :: Sticker :: Detected duplicate register call on object rental
INFO - [G] 2025-01-06 16:24:56 :: INFO  :: TIMER :: [0000] Injected Language in 0.001 ms
INFO - [G] 2025-01-06 16:24:56 :: INFO  :: TIMER :: [0000] Injected [INTERNAL] in 0.728 ms
INFO - [G] 2025-01-06 16:24:57 :: INFO  :: TIMER :: [0030] Injected Atlas in 776.599 ms
INFO - [G] 2025-01-06 16:24:57 :: INFO  :: TIMER :: [0025] Injected Sound in 21.525 ms
INFO - [G] 2025-01-06 16:24:57 :: INFO  :: TIMER :: [0032] Injected Stake in 2.105 ms
INFO - [G] 2025-01-06 16:24:57 :: INFO  :: TIMER :: [0008] Injected Rarity in 0.062 ms
INFO - [G] 2025-01-06 16:24:57 :: INFO  :: TIMER :: [0007] Injected ObjectType in 0.083 ms
INFO - [G] 2025-01-06 16:24:57 :: INFO  :: TIMER :: [0391] Injected Center in 2.357 ms
INFO - [G] 2025-01-06 16:24:57 :: INFO  :: TIMER :: [0011] Injected Undiscovered Sprite in 0.009 ms
INFO - [G] 2025-01-06 16:24:57 :: INFO  :: TIMER :: [0027] Injected Blind in 0.096 ms
INFO - [G] 2025-01-06 16:24:57 :: INFO  :: TIMER :: [0002] Injected Seal in 0.119 ms
INFO - [G] 2025-01-06 16:24:57 :: INFO  :: TIMER :: [0004] Injected Suit in 0.295 ms
INFO - [G] 2025-01-06 16:24:57 :: INFO  :: TIMER :: [0013] Injected Rank in 0.214 ms
INFO - [G] 2025-01-06 16:24:57 :: INFO  :: TIMER :: [0016] Injected DeckSkin in 0.037 ms
INFO - [G] 2025-01-06 16:24:57 :: INFO  :: TIMER :: [0016] Injected PokerHand in 0.182 ms
INFO - [G] 2025-01-06 16:24:57 :: INFO  :: TIMER :: [0031] Injected Challenge in 0.034 ms
INFO - [G] 2025-01-06 16:24:57 :: INFO  :: TIMER :: [0028] Injected Tag in 0.255 ms
INFO - [G] 2025-01-06 16:24:57 :: INFO  :: TIMER :: [0009] Injected Sticker in 0.737 ms
INFO - [G] 2025-01-06 16:24:57 :: INFO  :: TIMER :: [0009] Injected Shader in 53.803 ms
INFO - [G] 2025-01-06 16:24:57 :: INFO  :: TIMER :: [0000] Injected Keybind in 0.002 ms
INFO - [G] 2025-01-06 16:24:57 :: INFO  :: TIMER :: [0020] Injected Achievement in 0.052 ms
INFO - [G] 2025-01-06 16:24:57 :: INFO  :: TIMER :: [0000] Injected [INTERNAL] in 3.209 ms
INFO - [G] 2025-01-06 16:24:57 :: INFO  :: TIMER :: [0011] Injected Event in 0.012 ms
INFO - [G] LONG DT @ 3: 0.1
INFO - [G] LONG DT @ 3: 0.08331644
INFO - [G] LONG DT @ 3: 0.069972552
INFO - [G] LONG DT @ 3: 0.0592162216
INFO - [G] LONG DT @ 3: 0.05065199728
INFO - [G] LONG DT @ 50: 0.1
INFO - [G] LONG DT @ 50: 0.1
INFO - [G] LONG DT @ 50: 0.1
INFO - [G] LONG DT @ 50: 0.1
INFO - [G] LONG DT @ 50: 0.08123894
INFO - [G] LONG DT @ 50: 0.065959192
INFO - [G] LONG DT @ 50: 0.053649213600001
INFO - [G] LONG DT @ 51: 0.1
INFO - [G] LONG DT @ 51: 0.1
INFO - [G] LONG DT @ 51: 0.1
INFO - [G] LONG DT @ 51: 0.1
INFO - [G] LONG DT @ 51: 0.1
INFO - [G] LONG DT @ 52: 0.1
INFO - [G] LONG DT @ 52: 0.1
INFO - [G] LONG DT @ 52: 0.1
INFO - [G] LONG DT @ 52: 0.1
INFO - [G] LONG DT @ 52: 0.1
INFO - [G] LONG DT @ 52: 0.1
INFO - [G] LONG DT @ 52: 0.1
INFO - [G] LONG DT @ 52: 0.1
INFO - [G] LONG DT @ 52: 0.1
INFO - [G] LONG DT @ 52: 0.1
INFO - [G] LONG DT @ 53: 0.1
INFO - [G] LONG DT @ 53: 0.1
INFO - [G] LONG DT @ 53: 0.1
INFO - [G] LONG DT @ 53: 0.081268919999998
INFO - [G] LONG DT @ 53: 0.066091736
INFO - [G] LONG DT @ 53: 0.0538612688
INFO - [G] LONG DT @ 55: 0.1
INFO - [G] LONG DT @ 55: 0.1
INFO - [G] LONG DT @ 55: 0.1
INFO - [G] LONG DT @ 55: 0.1
INFO - [G] LONG DT @ 55: 0.1
INFO - [G] LONG DT @ 55: 0.1
INFO - [G] LONG DT @ 55: 0.1
INFO - [G] LONG DT @ 55: 0.1
INFO - [G] LONG DT @ 56: 0.1
INFO - [G] LONG DT @ 56: 0.1
INFO - [G] LONG DT @ 56: 0.081317280000001
INFO - [G] LONG DT @ 56: 0.066314163999999
INFO - [G] LONG DT @ 56: 0.054187291200002
INFO - [G] LONG DT @ 210: 0.1
INFO - [G] LONG DT @ 210: 0.1
INFO - [G] LONG DT @ 210: 0.1
INFO - [G] LONG DT @ 210: 0.1
INFO - [G] LONG DT @ 210: 0.1
INFO - [G] LONG DT @ 210: 0.1
INFO - [G] LONG DT @ 210: 0.1
INFO - [G] LONG DT @ 211: 0.1
INFO - [G] LONG DT @ 211: 0.1
INFO - [G] LONG DT @ 211: 0.1
INFO - [G] LONG DT @ 211: 0.1
INFO - [G] LONG DT @ 211: 0.1
INFO - [G] LONG DT @ 211: 0.1
INFO - [G] LONG DT @ 211: 0.1
INFO - [G] LONG DT @ 211: 0.1
INFO - [G] LONG DT @ 211: 0.1
INFO - [G] LONG DT @ 211: 0.1
INFO - [G] LONG DT @ 212: 0.1
INFO - [G] LONG DT @ 212: 0.1
INFO - [G] LONG DT @ 212: 0.1
INFO - [G] LONG DT @ 212: 0.1
INFO - [G] LONG DT @ 212: 0.1
INFO - [G] LONG DT @ 212: 0.1
INFO - [G] LONG DT @ 212: 0.1
INFO - [G] LONG DT @ 212: 0.1
INFO - [G] LONG DT @ 212: 0.1
INFO - [G] LONG DT @ 212: 0.1
INFO - [G] LONG DT @ 213: 0.1
INFO - [G] LONG DT @ 213: 0.1
INFO - [G] LONG DT @ 213: 0.1
INFO - [G] LONG DT @ 213: 0.1
INFO - [G] LONG DT @ 213: 0.1
INFO - [G] LONG DT @ 213: 0.1
INFO - [G] LONG DT @ 213: 0.1
INFO - [G] LONG DT @ 213: 0.1
INFO - [G] LONG DT @ 213: 0.1
INFO - [G] LONG DT @ 213: 0.1
INFO - [G] LONG DT @ 214: 0.1
INFO - [G] LONG DT @ 214: 0.1
INFO - [G] LONG DT @ 214: 0.1
INFO - [G] LONG DT @ 214: 0.1
INFO - [G] LONG DT @ 214: 0.1
INFO - [G] LONG DT @ 214: 0.1
INFO - [G] LONG DT @ 214: 0.1
INFO - [G] LONG DT @ 214: 0.1
INFO - [G] LONG DT @ 214: 0.1
INFO - [G] LONG DT @ 214: 0.1
INFO - [G] LONG DT @ 215: 0.1
INFO - [G] LONG DT @ 215: 0.1
INFO - [G] LONG DT @ 215: 0.1
INFO - [G] LONG DT @ 215: 0.1
INFO - [G] LONG DT @ 215: 0.1
INFO - [G] LONG DT @ 215: 0.1
INFO - [G] LONG DT @ 215: 0.1
INFO - [G] LONG DT @ 215: 0.1
INFO - [G] LONG DT @ 215: 0.1
INFO - [G] LONG DT @ 215: 0.1
INFO - [G] LONG DT @ 216: 0.1
INFO - [G] LONG DT @ 216: 0.1
INFO - [G] LONG DT @ 216: 0.1
INFO - [G] LONG DT @ 216: 0.1
INFO - [G] LONG DT @ 216: 0.1
INFO - [G] LONG DT @ 216: 0.1
INFO - [G] LONG DT @ 216: 0.1
INFO - [G] LONG DT @ 216: 0.1
INFO - [G] LONG DT @ 216: 0.1
INFO - [G] LONG DT @ 216: 0.1
INFO - [G] LONG DT @ 217: 0.1
INFO - [G] LONG DT @ 217: 0.1
INFO - [G] LONG DT @ 217: 0.1
INFO - [G] LONG DT @ 217: 0.1
INFO - [G] LONG DT @ 217: 0.1
INFO - [G] LONG DT @ 217: 0.1
INFO - [G] LONG DT @ 217: 0.1
INFO - [G] LONG DT @ 217: 0.1
INFO - [G] LONG DT @ 217: 0.1
INFO - [G] LONG DT @ 217: 0.1
INFO - [G] LONG DT @ 218: 0.1
INFO - [G] LONG DT @ 218: 0.1
INFO - [G] LONG DT @ 218: 0.1
INFO - [G] LONG DT @ 218: 0.1
INFO - [G] LONG DT @ 218: 0.1
INFO - [G] LONG DT @ 218: 0.1
INFO - [G] LONG DT @ 218: 0.1
INFO - [G] LONG DT @ 218: 0.1
INFO - [G] LONG DT @ 218: 0.1
INFO - [G] LONG DT @ 218: 0.1
INFO - [G] LONG DT @ 219: 0.1
INFO - [G] LONG DT @ 219: 0.1
INFO - [G] LONG DT @ 219: 0.1
INFO - [G] LONG DT @ 219: 0.1
INFO - [G] LONG DT @ 219: 0.1
INFO - [G] LONG DT @ 219: 0.1
INFO - [G] LONG DT @ 219: 0.1
INFO - [G] LONG DT @ 219: 0.1
INFO - [G] LONG DT @ 219: 0.1
INFO - [G] LONG DT @ 219: 0.1
INFO - [G] LONG DT @ 220: 0.1
INFO - [G] LONG DT @ 220: 0.1
INFO - [G] LONG DT @ 220: 0.1
INFO - [G] LONG DT @ 220: 0.1
INFO - [G] LONG DT @ 220: 0.1
INFO - [G] LONG DT @ 220: 0.1
INFO - [G] LONG DT @ 220: 0.1
INFO - [G] LONG DT @ 220: 0.1
INFO - [G] LONG DT @ 220: 0.1
INFO - [G] LONG DT @ 220: 0.1
INFO - [G] LONG DT @ 221: 0.1
INFO - [G] LONG DT @ 221: 0.1
INFO - [G] LONG DT @ 221: 0.1
INFO - [G] LONG DT @ 221: 0.1
INFO - [G] LONG DT @ 221: 0.1
INFO - [G] LONG DT @ 221: 0.1
INFO - [G] LONG DT @ 221: 0.1
INFO - [G] LONG DT @ 221: 0.1
INFO - [G] LONG DT @ 221: 0.1
INFO - [G] LONG DT @ 221: 0.1
INFO - [G] LONG DT @ 222: 0.1
INFO - [G] LONG DT @ 222: 0.1
INFO - [G] LONG DT @ 222: 0.1
INFO - [G] LONG DT @ 222: 0.1
INFO - [G] LONG DT @ 222: 0.1
INFO - [G] LONG DT @ 222: 0.1
INFO - [G] LONG DT @ 222: 0.1
INFO - [G] LONG DT @ 222: 0.1
INFO - [G] LONG DT @ 222: 0.1
INFO - [G] LONG DT @ 222: 0.1
INFO - [G] LONG DT @ 223: 0.1
INFO - [G] LONG DT @ 223: 0.1
INFO - [G] LONG DT @ 223: 0.1
INFO - [G] LONG DT @ 223: 0.1
INFO - [G] LONG DT @ 223: 0.1
INFO - [G] LONG DT @ 223: 0.1
INFO - [G] LONG DT @ 223: 0.1
INFO - [G] LONG DT @ 223: 0.1
INFO - [G] LONG DT @ 223: 0.1
INFO - [G] LONG DT @ 223: 0.1
INFO - [G] LONG DT @ 224: 0.1
INFO - [G] LONG DT @ 224: 0.1
INFO - [G] LONG DT @ 224: 0.1
INFO - [G] LONG DT @ 224: 0.1
INFO - [G] LONG DT @ 224: 0.1
INFO - [G] LONG DT @ 224: 0.1
INFO - [G] LONG DT @ 224: 0.1
INFO - [G] LONG DT @ 224: 0.1
INFO - [G] LONG DT @ 224: 0.1
INFO - [G] LONG DT @ 224: 0.1
INFO - [G] LONG DT @ 225: 0.1
INFO - [G] LONG DT @ 225: 0.1
INFO - [G] LONG DT @ 225: 0.1
INFO - [G] LONG DT @ 225: 0.1
INFO - [G] LONG DT @ 225: 0.1
INFO - [G] LONG DT @ 225: 0.1
INFO - [G] LONG DT @ 225: 0.1
INFO - [G] LONG DT @ 225: 0.1
INFO - [G] LONG DT @ 225: 0.1
INFO - [G] LONG DT @ 225: 0.1
INFO - [G] LONG DT @ 226: 0.1
INFO - [G] LONG DT @ 226: 0.1
INFO - [G] LONG DT @ 226: 0.1
INFO - [G] LONG DT @ 226: 0.1
INFO - [G] LONG DT @ 226: 0.1
INFO - [G] LONG DT @ 226: 0.1
INFO - [G] LONG DT @ 226: 0.081283380000007
INFO - [G] LONG DT @ 226: 0.066030723999999
INFO - [G] LONG DT @ 226: 0.053615339200006
INFO - [G] LONG DT @ 326: 0.1
INFO - [G] LONG DT @ 326: 0.1
INFO - [G] LONG DT @ 326: 0.1
INFO - [G] LONG DT @ 326: 0.1
INFO - [G] LONG DT @ 326: 0.1
INFO - [G] LONG DT @ 326: 0.1
INFO - [G] LONG DT @ 326: 0.1
INFO - [G] LONG DT @ 326: 0.1
INFO - [G] LONG DT @ 327: 0.1
INFO - [G] LONG DT @ 327: 0.1
INFO - [G] LONG DT @ 327: 0.1
INFO - [G] LONG DT @ 327: 0.1
INFO - [G] LONG DT @ 327: 0.1
INFO - [G] LONG DT @ 327: 0.1
INFO - [G] LONG DT @ 327: 0.1
INFO - [G] LONG DT @ 327: 0.081428220000003
INFO - [G] LONG DT @ 327: 0.066303576000004
INFO - [G] LONG DT @ 327: 0.054125840800004
INFO - [G] LONG DT @ 360: 0.1
INFO - [G] LONG DT @ 360: 0.1
INFO - [G] LONG DT @ 361: 0.1
INFO - [G] LONG DT @ 361: 0.1
INFO - [G] LONG DT @ 361: 0.1
INFO - [G] LONG DT @ 361: 0.1
INFO - [G] LONG DT @ 361: 0.1
INFO - [G] LONG DT @ 361: 0.1
INFO - [G] LONG DT @ 361: 0.1
INFO - [G] LONG DT @ 361: 0.1
INFO - [G] LONG DT @ 361: 0.1
INFO - [G] LONG DT @ 361: 0.1
INFO - [G] LONG DT @ 362: 0.1
INFO - [G] LONG DT @ 362: 0.1
INFO - [G] LONG DT @ 362: 0.1
INFO - [G] LONG DT @ 362: 0.1
INFO - [G] LONG DT @ 362: 0.1
INFO - [G] LONG DT @ 362: 0.1
INFO - [G] LONG DT @ 362: 0.1
INFO - [G] LONG DT @ 362: 0.081710219999995
INFO - [G] LONG DT @ 362: 0.066695916000007
INFO - [G] LONG DT @ 362: 0.054951152799998
