INFO - [♥] Lovely 0.6.0
INFO - [♥] Game directory is at "Z:\\run\\media\\vomitblood\\DataDisk1\\SteamLibrary\\steamapps\\common\\Balatro"
INFO - [♥] Writing logs to "C:\\users\\steamuser\\AppData\\Roaming\\Balatro\\Mods\\lovely\\log"
INFO - [♥] Using mod directory at "C:\\users\\steamuser\\AppData\\Roaming\\Balatro\\Mods"
INFO - [♥] Cleaning up dumps directory at "C:\\users\\steamuser\\AppData\\Roaming\\Balatro\\Mods\\lovely\\dump"
INFO - [♥] Initialization complete in 125ms
INFO - [♥] Applied 1 patch to 'conf.lua'
WARN - [♥] Pattern 'G.ARGS.score_intensity.organ = G.video_organ or G.ARGS.score_intensity.required_score > 0 and math.max(math.min(0.4, 0.1*math.log(G.ARGS.score_intensity.earned_score/(G.ARGS.score_intensity.required_score+1), 5)),0.) or 0' on target 'main.lua' resulted in no matches
WARN - [♥] Pattern 'if type(G.GAME.current_round.current_hand.chips) ~= \'number\' or type(G.GAME.current_round.current_hand.mult) ~= \'number\' then' on target 'main.lua' resulted in no matches
WARN - [♥] Pattern 'modded and {' on target 'main.lua' resulted in no matches
INFO - [♥] Applied 35 patches to 'main.lua'
INFO - [♥] Applied 2 patches to 'engine/string_packer.lua'
INFO - [♥] Applied 13 patches to 'engine/controller.lua'
INFO - [♥] Applied 15 patches to 'back.lua'
INFO - [♥] Applied 15 patches to 'tag.lua'
INFO - [♥] Applied 2 patches to 'engine/moveable.lua'
INFO - [♥] Applied 2 patches to 'engine/sprite.lua'
INFO - [♥] Applied 2 patches to 'engine/animatedsprite.lua'
WARN - [♥] Pattern 'assembled_string = assembled_string..(type(subpart) == \'string\' and subpart or args.vars[tonumber(subpart[1])] or \'ERROR\')' on target 'functions/misc_functions.lua' resulted in no matches
INFO - [♥] Applied 48 patches to 'functions/misc_functions.lua'
INFO - [♥] Applied 85 patches to 'game.lua'
INFO - [♥] Applied 1 patch to 'globals.lua'
WARN - [♥] Pattern 'self.config.chosen = true' on target 'engine/ui.lua' resulted in no matches
INFO - [♥] Applied 7 patches to 'engine/ui.lua'
WARN - [♥] Pattern '{card_limit = _size, type = \'consumeable\', highlight_limit = 1}' on target 'functions/UI_definitions.lua' resulted in no matches
WARN - [♥] Pattern '{n=G.UIT.T, config={text = G.GAME.hands[handname].chips, scale = 0.45, colour = G.C.UI.TEXT_LIGHT}},' on target 'functions/UI_definitions.lua' resulted in no matches
WARN - [♥] Pattern '{n=G.UIT.T, config={text = G.GAME.hands[handname].mult, scale = 0.45, colour = G.C.UI.TEXT_LIGHT}}' on target 'functions/UI_definitions.lua' resulted in no matches
INFO - [♥] Applied 110 patches to 'functions/UI_definitions.lua'
WARN - [♥] Pattern '--calculate the card edition effects\nif effects[ii].edition then\n    hand_chips = mod_chips(hand_chips + (effects[ii].edition.chip_mod or 0))\n    mult = mult + (effects[ii].edition.mult_mod or 0)\n    mult = mod_mult(mult*(effects[ii].edition.x_mult_mod or 1))\n    update_hand_text({delay = 0}, {\n        chips = effects[ii].edition.chip_mod and hand_chips or nil,\n        mult = (effects[ii].edition.mult_mod or effects[ii].edition.x_mult_mod) and mult or nil,\n    })\n    card_eval_status_text(scoring_hand[i], \'extra\', nil, percent, nil, {\n        message = (effects[ii].edition.chip_mod and localize{type=\'variable\',key=\'a_chips\',vars={effects[ii].edition.chip_mod}}) or\n                (effects[ii].edition.mult_mod and localize{type=\'variable\',key=\'a_mult\',vars={effects[ii].edition.mult_mod}}) or\n                (effects[ii].edition.x_mult_mod and localize{type=\'variable\',key=\'a_xmult\',vars={effects[ii].edition.x_mult_mod}}),\n        chip_mod =  effects[ii].edition.chip_mod,\n        mult_mod =  effects[ii].edition.mult_mod,\n        x_mult_mod =  effects[ii].edition.x_mult_mod,\n        colour = G.C.DARK_EDITION,\n        edition = true})\nend\n' on target 'functions/state_events.lua' resulted in no matches
WARN - [♥] Pattern '    scoring_hand[i].lucky_trigger = nil\n\n        for ii = 1, #effects do\n        --If chips added, do chip add event and add the chips to the total\n        if effects[ii].chips then \n            if effects[ii].card then juice_card(effects[ii].card) end\n            hand_chips = mod_chips(hand_chips + effects[ii].chips)\n            update_hand_text({delay = 0}, {chips = hand_chips})\n            card_eval_status_text(scoring_hand[i], \'chips\', effects[ii].chips, percent)\n        end\n\n        --If mult added, do mult add event and add the mult to the total\n        if effects[ii].mult then \n            if effects[ii].card then juice_card(effects[ii].card) end\n            mult = mod_mult(mult + effects[ii].mult)\n            update_hand_text({delay = 0}, {mult = mult})\n            card_eval_status_text(scoring_hand[i], \'mult\', effects[ii].mult, percent)\n        end\n\n        --If play dollars added, add dollars to total\n        if effects[ii].p_dollars then \n            if effects[ii].card then juice_card(effects[ii].card) end\n            ease_dollars(effects[ii].p_dollars)\n            card_eval_status_text(scoring_hand[i], \'dollars\', effects[ii].p_dollars, percent)\n        end\n\n        --If dollars added, add dollars to total\n        if effects[ii].dollars then \n            if effects[ii].card then juice_card(effects[ii].card) end\n            ease_dollars(effects[ii].dollars)\n            card_eval_status_text(scoring_hand[i], \'dollars\', effects[ii].dollars, percent)\n        end\n\n        --Any extra effects\n        if effects[ii].extra then \n            if effects[ii].card then juice_card(effects[ii].card) end\n            local extras = {mult = false, hand_chips = false}\n            if effects[ii].extra.mult_mod then mult =mod_mult( mult + effects[ii].extra.mult_mod);extras.mult = true end\n            if effects[ii].extra.chip_mod then hand_chips = mod_chips(hand_chips + effects[ii].extra.chip_mod);extras.hand_chips = true end\n            if effects[ii].extra.swap then \n                local old_mult = mult\n                mult = mod_mult(hand_chips)\n                hand_chips = mod_chips(old_mult)\n                extras.hand_chips = true; extras.mult = true\n            end\n            if effects[ii].extra.func then effects[ii].extra.func() end\n            update_hand_text({delay = 0}, {chips = extras.hand_chips and hand_chips, mult = extras.mult and mult})\n            card_eval_status_text(scoring_hand[i], \'extra\', nil, percent, nil, effects[ii].extra)\n        end\n\n        --If x_mult added, do mult add event and mult the mult to the total\n        if effects[ii].x_mult then \n            if effects[ii].card then juice_card(effects[ii].card) end\n            mult = mod_mult(mult*effects[ii].x_mult)\n            update_hand_text({delay = 0}, {mult = mult})\n            card_eval_status_text(scoring_hand[i], \'x_mult\', effects[ii].x_mult, percent)\n        end\n\n\n        end\n    end\nend\n' on target 'functions/state_events.lua' resulted in no matches
WARN - [♥] Pattern 'local percent = (i-0.999)/(#G.hand.cards-0.998) + (j-1)*0.1' on target 'functions/state_events.lua' resulted in no matches
WARN - [♥] Pattern 'if scoring_hand[i].ability.effect ~= \'Stone Card\' then' on target 'functions/state_events.lua' resulted in no matches
WARN - [♥] Pattern 'G.GAME.cards_played[scoring_hand[i].base.value].suits[scoring_hand[i].base.suit] = true' on target 'functions/state_events.lua' resulted in no matches
WARN - [♥] Pattern 'local effects = {G.hand.cards[i]:get_end_of_round_effect()}' on target 'functions/state_events.lua' resulted in no matches
WARN - [♥] Pattern 'if scoring_hand[i].ability.name == \'Glass Card\' then' on target 'functions/state_events.lua' resulted in no matches
WARN - [♥] Pattern 'for i = 1, #G.jokers.cards do' on target 'functions/state_events.lua' resulted in no matches
WARN - [♥] Pattern 'ease_to = G.GAME.chips + math.floor(hand_chips * mult) * (e and e.antiscore and -1 or 1),' on target 'functions/state_events.lua' resulted in no matches
WARN - [♥] Pattern 'card_eval_status_text(_card, \'jokers\', nil, percent, nil, effects.jokers)' on target 'functions/state_events.lua' resulted in no matches
WARN - [♥] Pattern 'if extras.mult or extras.hand_chips then card_eval_status_text(v, \'jokers\', nil, percent, nil, effect) end' on target 'functions/state_events.lua' resulted in no matches
WARN - [♥] Pattern 'if extras.mult or extras.hand_chips then card_eval_status_text(v, \'jokers\', nil, percent, nil, effect) end' on target 'functions/state_events.lua' resulted in no matches
WARN - [♥] Pattern 'card_eval_status_text(scoring_hand[i], \'x_mult\', effects[ii].x_mult, percent)' on target 'functions/state_events.lua' resulted in no matches
WARN - [♥] Pattern 'card_eval_status_text(G.hand.cards[i], \'x_mult\', effects[ii].x_mult, percent)' on target 'functions/state_events.lua' resulted in no matches
WARN - [♥] Pattern 'edition = true})' on target 'functions/state_events.lua' resulted in no matches
WARN - [♥] Pattern 'for i=1, #G.hand.cards do' on target 'functions/state_events.lua' resulted in no matches
WARN - [♥] Pattern 'if reps[j] ~= 1 then' on target 'functions/state_events.lua' resulted in no matches
WARN - [♥] Pattern 'if destroyed then' on target 'functions/state_events.lua' resulted in no matches
WARN - [♥] Pattern 'if cards_destroyed[i].ability.name == \'Glass Card\' then' on target 'functions/state_events.lua' resulted in no matches
WARN - [♥] Pattern 'local edition_effects = eval_card(_card, {cardarea = G.jokers, full_hand = G.play.cards, scoring_hand = scoring_hand, scoring_name = text, poker_hands = poker_hands, edition = true})' on target 'functions/state_events.lua' resulted in no matches
WARN - [♥] Pattern 'for i=1, #G.jokers.cards + #G.consumeables.cards do' on target 'functions/state_events.lua' resulted in no matches
WARN - [♥] Pattern 'local hand_space = e or math.min(#G.deck.cards, G.hand.config.card_limit - #G.hand.cards)' on target 'functions/state_events.lua' resulted in no matches
WARN - [♥] Pattern 'local effects = {G.hand.cards[i]:get_end_of_round_effect()}' on target 'functions/state_events.lua' resulted in no matches
WARN - [♥] Pattern 'if scoring_hand[i].ability.name == \'Glass Card\' and not scoring_hand[i].debuff and pseudorandom(\'glass\') < G.GAME.probabilities.normal/scoring_hand[i].ability.extra then' on target 'functions/state_events.lua' resulted in no matches
WARN - [♥] Pattern 'if effects[ii].card then' on target 'functions/state_events.lua' resulted in no matches
WARN - [♥] Pattern 'if effects.jokers.Xmult_mod then mult = mod_mult(mult*effects.jokers.Xmult_mod);extras.mult = true  end' on target 'functions/state_events.lua' resulted in no matches
WARN - [♥] Pattern 'if effect.Xmult_mod then mult = mod_mult(mult*effect.Xmult_mod);extras.mult = true  end' on target 'functions/state_events.lua' resulted in no matches
WARN - [♥] Pattern 'if effects[ii].message then' on target 'functions/state_events.lua' resulted in no matches
WARN - [♥] Pattern '--calculate the card edition effects' on target 'functions/state_events.lua' resulted in no matches
WARN - [♥] Pattern 'if effects[ii].edition.p_dollars_mod then' on target 'functions/state_events.lua' resulted in no matches
WARN - [♥] Pattern 'if edition_effects.jokers.x_mult_mod then' on target 'functions/state_events.lua' resulted in no matches
WARN - [♥] Pattern 'if destroyed then' on target 'functions/state_events.lua' resulted in no matches
WARN - [♥] Regex '(?<indent>[\\t ]*)if destroyed then \\n' on target 'functions/state_events.lua' resulted in no matches
INFO - [♥] Applied 62 patches to 'functions/state_events.lua'
WARN - [♥] Pattern 'function generate_card_ui(_c, full_UI_table, specific_vars, card_type, badges, hide_desc, main_start, main_end)' on target 'functions/common_events.lua' resulted in no matches
WARN - [♥] Pattern '{n=G.UIT.T, config={text = localize(\'$\')..config.dollars, scale = 1.2*scale, colour = G.C.WHITE, shadow = true, juice = true}}' on target 'functions/common_events.lua' resulted in no matches
WARN - [♥] Pattern 'elseif _c.name == \'Cryptid\' then loc_vars = {_c.config.extra}' on target 'functions/common_events.lua' resulted in no matches
WARN - [♥] Pattern 'elseif _c.name == \"Clearance Sale\" or _c.name == \"Liquidation\" then loc_vars = {_c.config.extra}' on target 'functions/common_events.lua' resulted in no matches
WARN - [♥] Pattern 'elseif v.boss.showdown and (G.GAME.round_resets.ante)%G.GAME.win_ante == 0 and G.GAME.round_resets.ante >= 2 then' on target 'functions/common_events.lua' resulted in no matches
WARN - [♥] Pattern 'if v == \'negative_consumable\' then info_queue[#info_queue+1] = {key = \'e_negative_consumable\', set = \'Edition\', config = {extra = 1}} end' on target 'functions/common_events.lua' resulted in no matches
WARN - [♥] Pattern 'func = (function() if eval_func(card) then if not first or first then card:juice_up(0.1, 0.1) end;juice_card_until(card, eval_func, nil, 0.8) end return true end)' on target 'functions/common_events.lua' resulted in no matches
INFO - [♥] Applied 141 patches to 'functions/common_events.lua'
WARN - [♥] Pattern 'if card.area and (not nc or card.area == G.pack_cards) then card.area:remove_card(card) end\n' on target 'functions/button_callbacks.lua' resulted in no matches
INFO - [♥] Applied 65 patches to 'functions/button_callbacks.lua'
WARN - [♥] Pattern 'if k ~= \'focused_ui\' and k ~= \"front\" and k ~= \"back\" and k ~= \"soul_parts\" and k ~= \"center\" and k ~= \'floating_sprite\' and k~= \"shadow\" and k~= \"use_button\" and k ~= \'buy_button\' and k ~= \'buy_and_use_button\' and k~= \"debuff\" and k ~= \'price\' and k~= \'particles\' and k ~= \'h_popup\' then v:draw() end' on target 'card.lua' resulted in no matches
WARN - [♥] Pattern 'if center_table.name == \'Overstock\' or center_table.name == \'Overstock Plus\' then' on target 'card.lua' resulted in no matches
WARN - [♥] Pattern 'self:calculate_joker{selling_self = true}' on target 'card.lua' resulted in no matches
WARN - [♥] Pattern 'if self.ability.name == \'Campfire\' and G.GAME.blind.boss and not (G.GAME.blind.config and G.GAME.blind.config.bonus) and self.ability.x_mult > 1 then' on target 'card.lua' resulted in no matches
WARN - [♥] Pattern 'if self.ability.name:find(\'Arcana\') then' on target 'card.lua' resulted in no matches
WARN - [♥] Pattern 'if center_table.name == \'Overstock\' or center_table.name == \'Overstock Plus\' then' on target 'card.lua' resulted in no matches
WARN - [♥] Regex 'message = localize\\{type = \'variable\', key = \'a_xmult\', vars = \\{G.P_CENTERS.v_observatory.config.extra}},\\n\\s+Xmult_mod = G.P_CENTERS.v_observatory.config.extra' on target 'card.lua' resulted in no matches
WARN - [♥] Pattern 'if self.ability.name == \'The Hermit\' or self.ability.consumeable.hand_type or self.ability.name == \'Temperance\' or self.ability.name == \'Black Hole\' then' on target 'card.lua' resulted in no matches
WARN - [♥] Pattern 'if self.ability.queue_negative_removal then' on target 'card.lua' resulted in no matches
WARN - [♥] Pattern 'Xmult_mod = G.P_CENTERS.v_observatory.config.extra' on target 'card.lua' resulted in no matches
WARN - [♥] Pattern 'if G.GAME.blind then G.E_MANAGER:add_event(Event({ func = function() G.GAME.blind:set_blind(nil, true, nil); return true end })) end' on target 'card.lua' resulted in no matches
WARN - [♥] Pattern 'elseif self.ability.name == \'Blueprint\' then' on target 'card.lua' resulted in no matches
WARN - [♥] Pattern 'if self.ability.name == \'Blueprint\' or self.ability.name == \'Brainstorm\' then' on target 'card.lua' resulted in no matches
INFO - [♥] Applied 227 patches to 'card.lua'
WARN - [♥] Pattern 'table.sort(self.cards, function (a, b) return a.T.x + a.T.w/2 - 100*(a.pinned and a.sort_id or 0) < b.T.x + b.T.w/2 - 100*(b.pinned and b.sort_id or 0) end)' on target 'cardarea.lua' resulted in no matches
INFO - [♥] Applied 19 patches to 'cardarea.lua'
INFO - [♥] Applied 32 patches to 'blind.lua'
INFO - [♥] Applied 5 patches to 'engine/text.lua'
INFO - [G] Totally applied 4 replacements to overrides.lua 
INFO - [G] Failed to connect to the debug server 
INFO - [G] 2025-02-11 01:22:02 :: DEBUG :: DebugConsole :: Steamodded Debug Socket started ! 
INFO - [♥] Applied 9 patches to 'engine/sound_manager.lua'
INFO - [♥] Applied 2 patches to 'engine/string_packer.lua'
INFO - [G] 2025-02-11 01:22:03 :: TRACE :: Loader :: Processing Mod file (Legacy header): mod.lua 
INFO - [G] 2025-02-11 01:22:03 :: TRACE :: Loader :: Saving Mod Info: cartomancer 
INFO - [G] 2025-02-11 01:22:03 :: TRACE :: Loader :: Processing Mod file (Legacy header): Cryptid.lua 
INFO - [G] 2025-02-11 01:22:03 :: TRACE :: Loader :: Saving Mod Info: Cryptid 
INFO - [G] 2025-02-11 01:22:03 :: INFO  :: DefaultLogger :: Valid JSON file found 
INFO - [G] 2025-02-11 01:22:03 :: TRACE :: Loader :: Processing Mod file (Legacy header): steamodded.lua 
INFO - [G] 2025-02-11 01:22:03 :: TRACE :: Loader :: Saving Mod Info: Handy 
INFO - [G] 2025-02-11 01:22:03 :: TRACE :: Loader :: Processing Mod file (Legacy header): Incantation.lua 
INFO - [G] 2025-02-11 01:22:03 :: TRACE :: Loader :: Saving Mod Info: incantation 
INFO - [G] 2025-02-11 01:22:03 :: TRACE :: Loader :: Processing Mod file (Legacy header): JCursor.lua 
INFO - [G] 2025-02-11 01:22:03 :: TRACE :: Loader :: Saving Mod Info: JCursor 
INFO - [G] 2025-02-11 01:22:03 :: TRACE :: Loader :: Processing Mod file (Legacy header): steamodded_metadata.lua 
INFO - [G] 2025-02-11 01:22:03 :: TRACE :: Loader :: Saving Mod Info: Talisman 
INFO - [G] 2025-02-11 01:22:03 :: INFO  :: DefaultLogger :: Valid JSON file found 
INFO - [G] 2025-02-11 01:22:03 :: INFO  :: DefaultLogger :: Valid JSON file found 
INFO - [G] 2025-02-11 01:22:03 :: DEBUG :: DefaultLogger :: JCursor loaded! 
INFO - [G] 2025-02-11 01:22:03 :: DEBUG :: DefaultLogger :: [UnStable] - Starting Unstable 
INFO - [G] 2025-02-11 01:22:03 :: DEBUG :: DefaultLogger :: [Unstable_Suit] - Registering suit: Spades with the type suit_black 
INFO - [G] 2025-02-11 01:22:03 :: DEBUG :: DefaultLogger :: [Unstable_Suit] - Registering suit: Clubs with the type suit_black 
INFO - [G] 2025-02-11 01:22:03 :: DEBUG :: DefaultLogger :: [Unstable_Suit] - Registering suit: Hearts with the type suit_red 
INFO - [G] 2025-02-11 01:22:03 :: DEBUG :: DefaultLogger :: [Unstable_Suit] - Registering suit: Diamonds with the type suit_red 
INFO - [G] 2025-02-11 01:22:03 :: DEBUG :: DefaultLogger :: [UnstableEX] - Starting UnstableEX 
INFO - [G] 2025-02-11 01:22:03 :: DEBUG :: DefaultLogger :: [UnstableEX] - Injecting the graphic for rank unstb_??? 
INFO - [G] 2025-02-11 01:22:03 :: DEBUG :: DefaultLogger :: [UnstableEX] - Injecting the graphic for rank unstb_e 
INFO - [G] 2025-02-11 01:22:03 :: DEBUG :: DefaultLogger :: [UnstableEX] - Injecting the graphic for rank unstb_0 
INFO - [G] 2025-02-11 01:22:03 :: DEBUG :: DefaultLogger :: [UnstableEX] - Injecting the graphic for rank unstb_161 
INFO - [G] 2025-02-11 01:22:03 :: DEBUG :: DefaultLogger :: [UnstableEX] - Injecting the graphic for rank unstb_r2 
INFO - [G] 2025-02-11 01:22:03 :: DEBUG :: DefaultLogger :: [UnstableEX] - Injecting the graphic for rank unstb_13 
INFO - [G] 2025-02-11 01:22:03 :: DEBUG :: DefaultLogger :: [UnstableEX] - Injecting the graphic for rank unstb_12 
INFO - [G] 2025-02-11 01:22:03 :: DEBUG :: DefaultLogger :: [UnstableEX] - Injecting the graphic for rank unstb_11 
INFO - [G] 2025-02-11 01:22:03 :: DEBUG :: DefaultLogger :: [UnstableEX] - Injecting the graphic for rank unstb_21 
INFO - [G] 2025-02-11 01:22:03 :: DEBUG :: DefaultLogger :: [UnstableEX] - Injecting the graphic for rank unstb_Pi 
INFO - [G] 2025-02-11 01:22:03 :: DEBUG :: DefaultLogger :: [UnstableEX] - Injecting the graphic for rank unstb_25 
INFO - [G] 2025-02-11 01:22:03 :: DEBUG :: DefaultLogger :: [UnstableEX] - Injecting the graphic for rank unstb_0.5 
INFO - [G] 2025-02-11 01:22:03 :: DEBUG :: DefaultLogger :: [UnstableEX] - Injecting the graphic for rank unstb_1 
INFO - [G] Loading file Achievements.lua 
INFO - [G] Loading file Antimatter.lua 
INFO - [G] Loading file Blinds.lua 
INFO - [G] Loading file Challenges.lua 
INFO - [G] Loading file CodeCards.lua 
INFO - [G] Loading file CryptidJokerDisplay.lua 
INFO - [G] Warning: CryptidJokerDisplay.lua has no items 
INFO - [G] Loading file Decks.lua 
INFO - [G] Loading file Enhanced.lua 
INFO - [G] Loading file EpicJokers.lua 
INFO - [G] Loading file Exotic.lua 
INFO - [G] Loading file M.lua 
INFO - [G] Loading file Misc.lua 
INFO - [G] Loading file MiscJokers.lua 
INFO - [G] Loading file Planets.lua 
INFO - [G] Loading file Sleeves.lua 
INFO - [G] Loading file Spectrals.lua 
INFO - [G] Loading file Spooky.lua 
INFO - [G] Loading file Stakes.lua 
INFO - [G] Loading file Tags.lua 
INFO - [G] Loading file Vouchers.lua 
INFO - [G] Loading file dummy_https.lua 
INFO - [G] Warning: dummy_https.lua has no items 
INFO - [G] Loading file dummy_timerblinds.lua 
INFO - [G] Warning: dummy_timerblinds.lua has no items 
INFO - [G] 2025-02-11 01:22:03 :: WARN  :: Atlas :: Detected duplicate register call on object cry_modicon 
INFO - [G] 2025-02-11 01:22:03 :: WARN  :: Atlas :: Detected duplicate register call on object cry_placeholders 
INFO - [G] 2025-02-11 01:22:03 :: WARN  :: Atlas :: Detected duplicate register call on object cry_atlasepic 
INFO - [G] 2025-02-11 01:22:03 :: WARN  :: Atlas :: Detected duplicate register call on object cry_atlasone 
INFO - [G] 2025-02-11 01:22:03 :: WARN  :: Atlas :: Detected duplicate register call on object cry_atlastwo 
INFO - [G] 2025-02-11 01:22:03 :: WARN  :: Atlas :: Detected duplicate register call on object cry_atlasthree 
INFO - [G] 2025-02-11 01:22:03 :: WARN  :: Atlas :: Detected duplicate register call on object cry_atlasspooky 
INFO - [G] 2025-02-11 01:22:03 :: WARN  :: Atlas :: Detected duplicate register call on object cry_atlasexotic 
INFO - [G] 2025-02-11 01:22:03 :: WARN  :: Atlas :: Detected duplicate register call on object cry_atlasnotjokers 
INFO - [G] 2025-02-11 01:22:03 :: WARN  :: Atlas :: Detected duplicate register call on object cry_tag_cry 
INFO - [G] 2025-02-11 01:22:03 :: WARN  :: Atlas :: Detected duplicate register call on object cry_misc 
INFO - [G] 2025-02-11 01:22:03 :: WARN  :: Sticker :: Detected duplicate register call on object perishable 
INFO - [G] 2025-02-11 01:22:03 :: WARN  :: Sticker :: Detected duplicate register call on object pinned 
INFO - [G] 2025-02-11 01:22:03 :: WARN  :: Sticker :: Detected duplicate register call on object eternal 
INFO - [G] 2025-02-11 01:22:03 :: WARN  :: Sticker :: Detected duplicate register call on object rental 
INFO - [G] 2025-02-11 01:22:03 :: INFO  :: TIMER :: [0000] Injected Language in 0.001 ms 
INFO - [G] 2025-02-11 01:22:03 :: INFO  :: TIMER :: [0000] Injected [INTERNAL] in 0.791 ms 
INFO - [G] 2025-02-11 01:22:05 :: INFO  :: TIMER :: [0065] Injected Atlas in 1323.703 ms 
INFO - [G] 2025-02-11 01:22:05 :: INFO  :: TIMER :: [0029] Injected Sound in 18.386 ms 
INFO - [G] 2025-02-11 01:22:05 :: INFO  :: TIMER :: [0032] Injected Stake in 0.674 ms 
INFO - [G] 2025-02-11 01:22:05 :: INFO  :: TIMER :: [0008] Injected Rarity in 0.040 ms 
INFO - [G] 2025-02-11 01:22:05 :: INFO  :: TIMER :: [0008] Injected ObjectType in 0.068 ms 
INFO - [G] 2025-02-11 01:22:05 :: INFO  :: TIMER :: [0527] Injected Center in 3.509 ms 
INFO - [G] 2025-02-11 01:22:05 :: INFO  :: TIMER :: [0012] Injected Undiscovered Sprite in 0.023 ms 
INFO - [G] 2025-02-11 01:22:05 :: INFO  :: TIMER :: [0027] Injected Blind in 0.044 ms 
INFO - [G] 2025-02-11 01:22:05 :: INFO  :: TIMER :: [0012] Injected Seal in 0.402 ms 
INFO - [G] 2025-02-11 01:22:05 :: INFO  :: TIMER :: [0004] Injected Suit in 0.155 ms 
INFO - [G] 2025-02-11 01:22:05 :: INFO  :: TIMER :: [0026] Injected Rank in 0.223 ms 
INFO - [G] 2025-02-11 01:22:05 :: INFO  :: TIMER :: [0020] Injected DeckSkin in 0.118 ms 
INFO - [G] 2025-02-11 01:22:05 :: INFO  :: TIMER :: [0016] Injected PokerHand in 0.125 ms 
INFO - [G] 2025-02-11 01:22:05 :: INFO  :: TIMER :: [0031] Injected Challenge in 0.057 ms 
INFO - [G] 2025-02-11 01:22:05 :: INFO  :: TIMER :: [0028] Injected Tag in 0.058 ms 
INFO - [G] 2025-02-11 01:22:05 :: INFO  :: TIMER :: [0009] Injected Sticker in 0.210 ms 
INFO - [G] 2025-02-11 01:22:05 :: INFO  :: TIMER :: [0009] Injected Shader in 118.781 ms 
INFO - [G] 2025-02-11 01:22:05 :: INFO  :: TIMER :: [0001] Injected Keybind in 0.005 ms 
INFO - [G] 2025-02-11 01:22:05 :: INFO  :: TIMER :: [0020] Injected Achievement in 0.080 ms 
INFO - [G] 2025-02-11 01:22:05 :: INFO  :: TIMER :: [0000] Injected [INTERNAL] in 11.917 ms 
INFO - [G] 2025-02-11 01:22:05 :: INFO  :: TIMER :: [0011] Injected Event in 0.013 ms 
INFO - [G] 2025-02-11 01:22:05 :: DEBUG :: DefaultLogger :: [UnStable] - Initialize Remaining Previous Rank Data 
INFO - [G] 2025-02-11 01:22:05 :: DEBUG :: DefaultLogger :: [UnStable] - Start initializing localization-independent info 
INFO - [G] 2025-02-11 01:22:05 :: DEBUG :: DefaultLogger :: [UnStable] - Finished initializing localization-independent info 
INFO - [G] 2025-02-11 01:22:05 :: DEBUG :: DefaultLogger :: [UnstableEX] - Inject new nominal code override for Cryptid 
INFO - [G] 2025-02-11 01:22:05 :: DEBUG :: DefaultLogger :: [UnstableEX] - Inject Blind effects for Cryptid 
INFO - [G] [DebugPlus] Press [/] to toggle console and press [shift] + [/] to toggle new log previews 
INFO - [G] line not found
INFO - [G] file not found: main.lua: No such file or directory
INFO - [G] file not found: main.lua: No such file or directory
INFO - [G] 2025-02-11 01:23:05 :: ERROR :: StackTrace :: Oops! The game crashed
[SMODS _ "src/utils.lua"]:1344: bad argument #1 to 'ipairs' (table expected, got nil)
Stack Traceback
===============
(1) Lua upvalue 'orig' at file 'main.lua:756'
	Local variables:
	 msg = string: "[SMODS _ \"src/utils.lua\"]:1344: bad argument #1 to 'ipairs' (table expected, got nil)"
	 (*temporary) = Lua function '?' (defined at line 31 of chunk [SMODS _ "src/logging.lua"])
	 (*temporary) = string: "Oops! The game crashed\
"
(2) Lua local 'handler' at file 'console.lua:551' (from lovely module debugplus.console)
	Local variables:
	 msg = string: "[SMODS _ \"src/utils.lua\"]:1344: bad argument #1 to 'ipairs' (table expected, got nil)"
(3) LÖVE function at file 'boot.lua:352' (best guess)
	Local variables:
	 errhand = Lua function '(LÖVE Function)' (defined at line 550 of chunk [lovely debugplus.console "console.lua"])
	 handler = Lua function '(LÖVE Function)' (defined at line 550 of chunk [lovely debugplus.console "console.lua"])
(4) global C function 'ipairs'
(5) Lua field 'calculate_context' at Steamodded file 'src/utils.lua:1344' 
	Local variables:
	 context = table: 0x087d2c40  {main_eval:true, buying_card:true, cardarea:table: 0x08951050, card:table: 0x0ab94cd0 (more...)}
	 return_table = nil
	 (for generator) = C function: builtin#6
	 (for state) = table: 0x087d2d50  {1:table: 0x08951050, 2:table: 0x08969998, 3:table: 0x0882bdc8}
	 (for control) = number: 1
	 _ = number: 1
	 area = table: 0x08951050  {click_offset:table: 0x085b4790, children:table: 0x08d7dcb8, shuffle_amt:0 (more...)}
	 (for generator) = C function: builtin#6
	 (for state) = table: 0x092b1000  {1:table: 0x0ab94cd0}
	 (for control) = number: 1
	 _ = number: 1
	 _card = table: 0x0ab94cd0  {added_to_deck:true, from_area:table: 0x13fe29d0, click_offset:table: 0x08c21190 (more...)}
	 eval = table: 0x087d2d98  {}
	 post = nil
	 effects = table: 0x087d36c8  {1:table: 0x087d2d98}
(6) Lua field 'func' at file 'functions/button_callbacks.lua:2487'
(7) Lua method 'handle' at file 'engine/event.lua:55'
	Local variables:
	 self = table: 0x0bab9118  {start_timer:true, timer:TOTAL, blockable:true, trigger:after, func:function: 0x0bab90f0 (more...)}
	 _results = table: 0x0a0dda10  {blocking:true, pause_skip:false, time_done:true, completed:false}
(8) Lua method 'update' at file 'engine/event.lua:182'
	Local variables:
	 self = table: 0x0a0dfdd8  {queue_last_processed:59.533333333331, queues:table: 0x0a0dfe00, queue_dt:0.016666666666667 (more...)}
	 dt = number: 0.00607273
	 forced = nil
	 (for generator) = C function: next
	 (for state) = table: 0x0a0dfe00  {unlock:table: 0x0a0dfe28, other:table: 0x0a0e02a0, tutorial:table: 0x0a0dfe78 (more...)}
	 (for control) = number: nan
	 k = string: "base"
	 v = table: 0x0a0dfe50  {1:table: 0x09eeb660, 2:table: 0x0bab9118, 3:table: 0x089b3e68}
	 blocked = boolean: false
	 i = number: 2
	 results = table: 0x0a0dda10  {blocking:true, pause_skip:false, time_done:true, completed:false}
(9) Lua upvalue 'gameUpdateRef' at file 'game.lua:2740'
	Local variables:
	 self = table: 0x042376f8  {F_GUIDE:false, F_CRASH_REPORTS:false, F_QUIT_BUTTON:true, HUD_tags:table: 0x0861f7f0 (more...)}
	 dt = number: 0.00607273
	 http_resp = nil
(10) Lua upvalue 'upd' at Steamodded file 'src/ui.lua:84' 
	Local variables:
	 self = table: 0x042376f8  {F_GUIDE:false, F_CRASH_REPORTS:false, F_QUIT_BUTTON:true, HUD_tags:table: 0x0861f7f0 (more...)}
	 dt = number: 0.00607273
(11) Lua upvalue 'upd' at file 'main.lua:4094'
	Local variables:
	 self = table: 0x042376f8  {F_GUIDE:false, F_CRASH_REPORTS:false, F_QUIT_BUTTON:true, HUD_tags:table: 0x0861f7f0 (more...)}
	 dt = number: 0.00607273
(12) Lua upvalue 'upd' at file 'Items/Blinds.lua:1310' (from mod with id Cryptid)
	Local variables:
	 self = table: 0x042376f8  {F_GUIDE:false, F_CRASH_REPORTS:false, F_QUIT_BUTTON:true, HUD_tags:table: 0x0861f7f0 (more...)}
	 dt = number: 0.00607273
(13) Lua upvalue 'upd' at file 'Items/CodeCards.lua:4106' (from mod with id Cryptid)
	Local variables:
	 self = table: 0x042376f8  {F_GUIDE:false, F_CRASH_REPORTS:false, F_QUIT_BUTTON:true, HUD_tags:table: 0x0861f7f0 (more...)}
	 dt = number: 0.00607273
(14) Lua upvalue 'upd' at file 'Items/Decks.lua:429' (from mod with id Cryptid)
	Local variables:
	 self = table: 0x042376f8  {F_GUIDE:false, F_CRASH_REPORTS:false, F_QUIT_BUTTON:true, HUD_tags:table: 0x0861f7f0 (more...)}
	 dt = number: 0.00607273
(15) Lua upvalue 'upd' at file 'Items/MiscJokers.lua:6658' (from mod with id Cryptid)
	Local variables:
	 self = table: 0x042376f8  {F_GUIDE:false, F_CRASH_REPORTS:false, F_QUIT_BUTTON:true, HUD_tags:table: 0x0861f7f0 (more...)}
	 dt = number: 0.00607273
(16) Lua method 'update' at file 'Cryptid.lua:2948' (from mod with id Cryptid)
	Local variables:
	 self = table: 0x042376f8  {F_GUIDE:false, F_CRASH_REPORTS:false, F_QUIT_BUTTON:true, HUD_tags:table: 0x0861f7f0 (more...)}
	 dt = number: 0.00607273
(17) Lua upvalue 'love_update_ref' at file 'main.lua:1146'
	Local variables:
	 dt = number: 0.00607273
(18) Lua upvalue 'oldupd' at file 'main.lua:3038'
	Local variables:
	 dt = number: 0.00607273
(19) Lua field 'update' at file 'main.lua:4121'
	Local variables:
	 dt = number: 0.00607273
(20) Lua function '?' at file 'main.lua:1079' (best guess)
(21) global C function 'xpcall'
(22) LÖVE function at file 'boot.lua:377' (best guess)
	Local variables:
	 func = Lua function '?' (defined at line 1050 of chunk main.lua)
	 inerror = boolean: true
	 deferErrhand = Lua function '(LÖVE Function)' (defined at line 348 of chunk [love "boot.lua"])
	 earlyinit = Lua function '(LÖVE Function)' (defined at line 355 of chunk [love "boot.lua"])
 
INFO - [G] file not found: main.lua: No such file or directory
INFO - [G] file not found: main.lua: No such file or directory
INFO - [G] 2025-02-11 01:23:05 :: INFO  :: StackTrace :: Additional Context:
Balatro Version: 1.0.1n-FULL
Modded Version: 1.0.0~ALPHA-1410b-STEAMODDED
LÖVE Version: 11.5.0
Lovely Version: 0.6.0
Platform: Windows
Steamodded Mods:
    1: J Cursor by Jie65535, MarioMak967 [ID: JCursor]
    2: Cryptid by MathIsFun_, Cryptid and Balatro Discords [ID: Cryptid, Priority: 1e+299, Version: 0.5.3a, Uses Lovely]
    3: UnStableEX by Kirbio [ID: UnStableEX, Priority: 99999, Version: 0.2.2a]
    4: UnStable by Kirbio, RamChops Games [ID: UnStable, Priority: 777, Version: 1.1.2a, Uses Lovely]
    5: Talisman by MathIsFun_, Mathguy24, jenwalter666, cg-223 [ID: Talisman, Version: 2.0.2, Uses Lovely]
        Break Infinity: omeganum
    6: Cartomancer by stupxd aka stupid [ID: cartomancer, Priority: 69, Version: 4.10, Uses Lovely]
    7: Handy by SleepyG11 [ID: Handy, Version: 1.1.5, Uses Lovely]
    8: Incantation by jenwalter666, MathIsFun_ [ID: incantation, Priority: 9e+301, Version: 0.5.10, Uses Lovely]
    9: DebugPlus by WilsontheWolf [ID: DebugPlus, Version: 1.3.0, Uses Lovely]
Lovely Mods: 
