INFO - [♥] Lovely 0.6.0
INFO - [♥] Game directory is at "Z:\\run\\media\\vomitblood\\DataDisk1\\SteamLibrary\\steamapps\\common\\Balatro"
INFO - [♥] Writing logs to "C:\\users\\steamuser\\AppData\\Roaming\\Balatro\\Mods\\lovely\\log"
INFO - [♥] Using mod directory at "C:\\users\\steamuser\\AppData\\Roaming\\Balatro\\Mods"
INFO - [♥] Cleaning up dumps directory at "C:\\users\\steamuser\\AppData\\Roaming\\Balatro\\Mods\\lovely\\dump"
INFO - [♥] Initialization complete in 127ms
WARN - [♥] Pattern 'G.ARGS.score_intensity.organ = G.video_organ or G.ARGS.score_intensity.required_score > 0 and math.max(math.min(0.4, 0.1*math.log(G.ARGS.score_intensity.earned_score/(G.ARGS.score_intensity.required_score+1), 5)),0.) or 0' on target 'main.lua' resulted in no matches
WARN - [♥] Pattern 'if type(G.GAME.current_round.current_hand.chips) ~= \'number\' or type(G.GAME.current_round.current_hand.mult) ~= \'number\' then' on target 'main.lua' resulted in no matches
INFO - [♥] Applied 16 patches to 'main.lua'
INFO - [♥] Applied 2 patches to 'engine/string_packer.lua'
WARN - [♥] Pattern 'if not _RELEASE_MODE then' on target 'engine/controller.lua' resulted in no matches
INFO - [♥] Applied 4 patches to 'engine/controller.lua'
INFO - [♥] Applied 13 patches to 'back.lua'
INFO - [♥] Applied 14 patches to 'tag.lua'
INFO - [♥] Applied 2 patches to 'engine/moveable.lua'
INFO - [♥] Applied 2 patches to 'engine/sprite.lua'
INFO - [♥] Applied 2 patches to 'engine/animatedsprite.lua'
WARN - [♥] Pattern 'assembled_string = assembled_string..(type(subpart) == \'string\' and subpart or args.vars[tonumber(subpart[1])] or \'ERROR\')' on target 'functions/misc_functions.lua' resulted in no matches
INFO - [♥] Applied 45 patches to 'functions/misc_functions.lua'
INFO - [♥] Applied 75 patches to 'game.lua'
INFO - [♥] Applied 1 patch to 'globals.lua'
INFO - [♥] Applied 6 patches to 'engine/ui.lua'
WARN - [♥] Pattern '{card_limit = _size, type = \'consumeable\', highlight_limit = 1}' on target 'functions/UI_definitions.lua' resulted in no matches
WARN - [♥] Pattern '{n=G.UIT.T, config={text = G.GAME.hands[handname].chips, scale = 0.45, colour = G.C.UI.TEXT_LIGHT}},' on target 'functions/UI_definitions.lua' resulted in no matches
WARN - [♥] Pattern '{n=G.UIT.T, config={text = G.GAME.hands[handname].mult, scale = 0.45, colour = G.C.UI.TEXT_LIGHT}}' on target 'functions/UI_definitions.lua' resulted in no matches
INFO - [♥] Applied 97 patches to 'functions/UI_definitions.lua'
WARN - [♥] Pattern 'ease_to = G.GAME.chips + math.floor(hand_chips * mult) * (e and e.antiscore and -1 or 1),' on target 'functions/state_events.lua' resulted in no matches
INFO - [♥] Applied 98 patches to 'functions/state_events.lua'
WARN - [♥] Pattern 'local cfg = (card and card.ability) or _c[\'config\']' on target 'functions/common_events.lua' resulted in no matches
WARN - [♥] Pattern 'elseif v.boss.showdown and (G.GAME.round_resets.ante)%G.GAME.win_ante == 0 and G.GAME.round_resets.ante >= 2 then' on target 'functions/common_events.lua' resulted in no matches
WARN - [♥] Regex '(?<indent>[\\t ]*)if G\\.F_NO_ACHIEVEMENTS then return end\\n[\\s\\S][\\s\\S]{16}--\\|LOCAL SETTINGS FILE' on target 'functions/common_events.lua' resulted in no matches
WARN - [♥] Pattern 'func = (function() if eval_func(card) then if not first or first then card:juice_up(0.1, 0.1) end;juice_card_until(card, eval_func, nil, 0.8) end return true end)' on target 'functions/common_events.lua' resulted in no matches
INFO - [♥] Applied 123 patches to 'functions/common_events.lua'
WARN - [♥] Pattern 'G.pack_cards:emplace(v)' on target 'functions/button_callbacks.lua' resulted in no matches
INFO - [♥] Applied 51 patches to 'functions/button_callbacks.lua'
WARN - [♥] Pattern 'if self.ability.name == \'Campfire\' and G.GAME.blind.boss and not (G.GAME.blind.config and G.GAME.blind.config.bonus) and self.ability.x_mult > 1 then' on target 'card.lua' resulted in no matches
WARN - [♥] Pattern 'if k ~= \'focused_ui\' and k ~= \"front\" and k ~= \"back\" and k ~= \"soul_parts\" and k ~= \"center\" and k ~= \'floating_sprite\' and k~= \"shadow\" and k~= \"use_button\" and k ~= \'buy_button\' and k ~= \'buy_and_use_button\' and k~= \"debuff\" and k ~= \'price\' and k~= \'particles\' and k ~= \'h_popup\' then v:draw() end' on target 'card.lua' resulted in no matches
WARN - [♥] Pattern 'if G.GAME.blind then G.E_MANAGER:add_event(Event({ func = function() G.GAME.blind:set_blind(nil, true, nil); return true end })) end' on target 'card.lua' resulted in no matches
INFO - [♥] Applied 205 patches to 'card.lua'
INFO - [♥] Applied 15 patches to 'cardarea.lua'
INFO - [♥] Applied 32 patches to 'blind.lua'
INFO - [♥] Applied 5 patches to 'engine/text.lua'
INFO - [G] Failed to connect to the debug server
INFO - [G] 2025-01-08 17:38:36 :: DEBUG :: DebugConsole :: Steamodded Debug Socket started !
INFO - [♥] Applied 9 patches to 'engine/sound_manager.lua'
INFO - [♥] Applied 2 patches to 'engine/string_packer.lua'
INFO - [G] 2025-01-08 17:38:36 :: TRACE :: Loader :: Processing Mod file (Legacy header): Cryptid.lua
INFO - [G] 2025-01-08 17:38:36 :: TRACE :: Loader :: Saving Mod Info: Cryptid
INFO - [G] 2025-01-08 17:38:37 :: TRACE :: Loader :: Processing Mod file (Legacy header): steamodded.lua
INFO - [G] 2025-01-08 17:38:37 :: TRACE :: Loader :: Saving Mod Info: Handy
INFO - [G] 2025-01-08 17:38:37 :: TRACE :: Loader :: Processing Mod file (Legacy header): MoreSpeeds.lua
INFO - [G] 2025-01-08 17:38:37 :: TRACE :: Loader :: Saving Mod Info: MoreSpeed
INFO - [G] 2025-01-08 17:38:37 :: ERROR :: Loader :: Found invalid metadata JSON file at C:\users\steamuser\AppData\Roaming\Balatro\Mods/Steamopollys-MoreSpeed-0.8.2/manifest.json, ignoring: [SMODS _ "src/loader.lua"]:212: id
INFO - [G] 2025-01-08 17:38:37 :: TRACE :: Loader :: Processing Mod file (Legacy header): steamodded_metadata.lua
INFO - [G] 2025-01-08 17:38:37 :: TRACE :: Loader :: Saving Mod Info: Talisman
INFO - [G] Loading file Achievements.lua
INFO - [G] Loading file Antimatter.lua
INFO - [G] Loading file Blinds.lua
INFO - [G] Loading file Challenges.lua
INFO - [G] Loading file CodeCards.lua
INFO - [G] Loading file CryptidJokerDisplay.lua
INFO - [G] Warning: CryptidJokerDisplay.lua has no items
INFO - [G] Loading file Decks.lua
INFO - [G] Loading file Enhanced.lua
INFO - [G] Loading file EpicJokers.lua
INFO - [G] Loading file Exotic.lua
INFO - [G] Loading file M.lua
INFO - [G] Loading file Misc.lua
INFO - [G] Loading file MiscJokers.lua
INFO - [G] Loading file Planets.lua
INFO - [G] Loading file Sleeves.lua
INFO - [G] Loading file Spectrals.lua
INFO - [G] Loading file Spooky.lua
INFO - [G] Loading file Stakes.lua
INFO - [G] Loading file Tags.lua
INFO - [G] Loading file Vouchers.lua
INFO - [G] Loading file dummy_https.lua
INFO - [G] Loading file dummy_timerblinds.lua
INFO - [G] Warning: dummy_timerblinds.lua has no items
INFO - [G] 2025-01-08 17:38:37 :: WARN  :: Atlas :: Detected duplicate register call on object cry_modicon
INFO - [G] 2025-01-08 17:38:37 :: WARN  :: Atlas :: Detected duplicate register call on object cry_placeholders
INFO - [G] 2025-01-08 17:38:37 :: WARN  :: Atlas :: Detected duplicate register call on object cry_atlasepic
INFO - [G] 2025-01-08 17:38:37 :: WARN  :: Atlas :: Detected duplicate register call on object cry_atlasone
INFO - [G] 2025-01-08 17:38:37 :: WARN  :: Atlas :: Detected duplicate register call on object cry_atlastwo
INFO - [G] 2025-01-08 17:38:37 :: WARN  :: Atlas :: Detected duplicate register call on object cry_atlasthree
INFO - [G] 2025-01-08 17:38:37 :: WARN  :: Atlas :: Detected duplicate register call on object cry_atlasspooky
INFO - [G] 2025-01-08 17:38:37 :: WARN  :: Atlas :: Detected duplicate register call on object cry_atlasexotic
INFO - [G] 2025-01-08 17:38:37 :: WARN  :: Atlas :: Detected duplicate register call on object cry_atlasnotjokers
INFO - [G] 2025-01-08 17:38:37 :: WARN  :: Atlas :: Detected duplicate register call on object cry_tag_cry
INFO - [G] 2025-01-08 17:38:37 :: WARN  :: Atlas :: Detected duplicate register call on object cry_misc
INFO - [G] 2025-01-08 17:38:37 :: WARN  :: Sticker :: Detected duplicate register call on object perishable
INFO - [G] 2025-01-08 17:38:37 :: WARN  :: Sticker :: Detected duplicate register call on object pinned
INFO - [G] 2025-01-08 17:38:37 :: WARN  :: Sticker :: Detected duplicate register call on object eternal
INFO - [G] 2025-01-08 17:38:37 :: WARN  :: Sticker :: Detected duplicate register call on object rental
INFO - [G] 2025-01-08 17:38:37 :: INFO  :: TIMER :: [0000] Injected Language in 0.001 ms
INFO - [G] 2025-01-08 17:38:37 :: INFO  :: TIMER :: [0000] Injected [INTERNAL] in 0.657 ms
INFO - [G] 2025-01-08 17:38:37 :: INFO  :: TIMER :: [0031] Injected Atlas in 785.420 ms
INFO - [G] 2025-01-08 17:38:37 :: INFO  :: TIMER :: [0025] Injected Sound in 20.950 ms
INFO - [G] 2025-01-08 17:38:37 :: INFO  :: TIMER :: [0032] Injected Stake in 0.846 ms
INFO - [G] 2025-01-08 17:38:37 :: INFO  :: TIMER :: [0008] Injected Rarity in 0.022 ms
INFO - [G] 2025-01-08 17:38:37 :: INFO  :: TIMER :: [0007] Injected ObjectType in 0.046 ms
INFO - [G] 2025-01-08 17:38:37 :: INFO  :: TIMER :: [0391] Injected Center in 1.724 ms
INFO - [G] 2025-01-08 17:38:37 :: INFO  :: TIMER :: [0011] Injected Undiscovered Sprite in 0.010 ms
INFO - [G] 2025-01-08 17:38:37 :: INFO  :: TIMER :: [0027] Injected Blind in 0.046 ms
INFO - [G] 2025-01-08 17:38:37 :: INFO  :: TIMER :: [0002] Injected Seal in 0.236 ms
INFO - [G] 2025-01-08 17:38:37 :: INFO  :: TIMER :: [0004] Injected Suit in 0.076 ms
INFO - [G] 2025-01-08 17:38:37 :: INFO  :: TIMER :: [0013] Injected Rank in 0.083 ms
INFO - [G] 2025-01-08 17:38:37 :: INFO  :: TIMER :: [0016] Injected DeckSkin in 0.030 ms
INFO - [G] 2025-01-08 17:38:37 :: INFO  :: TIMER :: [0016] Injected PokerHand in 0.080 ms
INFO - [G] 2025-01-08 17:38:37 :: INFO  :: TIMER :: [0031] Injected Challenge in 0.052 ms
INFO - [G] 2025-01-08 17:38:37 :: INFO  :: TIMER :: [0028] Injected Tag in 0.166 ms
INFO - [G] 2025-01-08 17:38:37 :: INFO  :: TIMER :: [0009] Injected Sticker in 0.836 ms
INFO - [G] 2025-01-08 17:38:37 :: INFO  :: TIMER :: [0009] Injected Shader in 52.758 ms
INFO - [G] 2025-01-08 17:38:37 :: INFO  :: TIMER :: [0000] Injected Keybind in 0.001 ms
INFO - [G] 2025-01-08 17:38:37 :: INFO  :: TIMER :: [0020] Injected Achievement in 0.060 ms
INFO - [G] 2025-01-08 17:38:37 :: INFO  :: TIMER :: [0000] Injected [INTERNAL] in 3.535 ms
INFO - [G] 2025-01-08 17:38:37 :: INFO  :: TIMER :: [0011] Injected Event in 0.014 ms
INFO - [G] ERROR LOADING GAME: Card area 'shop_jokers' not instantiated before load
INFO - [G] ERROR LOADING GAME: Card area 'shop_vouchers' not instantiated before load
INFO - [G] ERROR LOADING GAME: Card area 'shop_booster' not instantiated before load
INFO - [G] LONG DT @ 39: 0.065712979523191
INFO - [G] LONG DT @ 39: 0.060389583618553
INFO - [G] LONG DT @ 39: 0.056165686894845
INFO - [G] LONG DT @ 39: 0.052731249515871
INFO - [G] LONG DT @ 40: 0.050146759612697
INFO - [G] LONG DT @ 111: 0.095699457251497
INFO - [G] LONG DT @ 111: 0.080804165801191
INFO - [G] LONG DT @ 111: 0.068675732640958
INFO - [G] LONG DT @ 111: 0.058927466112769
INFO - [G] LONG DT @ 111: 0.051127652890209
INFO - [G] LONG DT @ 112: 0.096535065488646
INFO - [G] LONG DT @ 112: 0.081490312390913
INFO - [G] LONG DT @ 113: 0.069177289912728
INFO - [G] LONG DT @ 113: 0.059315731930188
INFO - [G] LONG DT @ 113: 0.051432785544151
INFO - [G] LONG DT @ 116: 0.094952365049208
INFO - [G] LONG DT @ 116: 0.080242152039362
INFO - [G] LONG DT @ 116: 0.068324881631487
INFO - [G] LONG DT @ 116: 0.058683005305196
INFO - [G] LONG DT @ 116: 0.050930144244158
INFO - [G] LONG DT @ 117: 0.097258736826162
INFO - [G] LONG DT @ 117: 0.082028629460933
INFO - [G] LONG DT @ 117: 0.069546203568743
INFO - [G] LONG DT @ 117: 0.059564662854991
INFO - [G] LONG DT @ 117: 0.051638010283997
INFO - [G] LONG DT @ 118: 0.098028523224237
INFO - [G] LONG DT @ 118: 0.082668138579396
INFO - [G] LONG DT @ 118: 0.07006381086351
INFO - [G] LONG DT @ 118: 0.059985808690812
INFO - [G] LONG DT @ 118: 0.052064346952648
INFO - [G] LONG DT @ 122: 0.09540292718411
INFO - [G] LONG DT @ 122: 0.080490081747291
INFO - [G] LONG DT @ 122: 0.06832148539783
INFO - [G] LONG DT @ 122: 0.058542668318261
INFO - [G] LONG DT @ 122: 0.050775934654615
INFO - [G] LONG DT @ 122: 0.096532873421755
INFO - [G] LONG DT @ 123: 0.081521458737407
INFO - [G] LONG DT @ 123: 0.06927398698992
INFO - [G] LONG DT @ 123: 0.05948656959194
INFO - [G] LONG DT @ 123: 0.051520375673556
INFO - [G] LONG DT @ 123: 0.097209348797013
INFO - [G] LONG DT @ 123: 0.081988359037613
INFO - [G] LONG DT @ 124: 0.069696227230091
INFO - [G] LONG DT @ 124: 0.059829721784076
INFO - [G] LONG DT @ 124: 0.052009517427251
INFO - [G] LONG DT @ 124: 0.097376561111689
INFO - [G] LONG DT @ 124: 0.082168188889353
INFO - [G] LONG DT @ 124: 0.069937571111482
INFO - [G] LONG DT @ 124: 0.060007256889186
INFO - [G] LONG DT @ 124: 0.052020225511347
INFO - [G] LONG DT @ 125: 0.1
INFO - [G] LONG DT @ 125: 0.08424352
INFO - [G] LONG DT @ 125: 0.071398515999998
INFO - [G] LONG DT @ 125: 0.061317012800006
INFO - [G] LONG DT @ 125: 0.053182570239996
INFO - [G] LONG DT @ 166: 0.1
INFO - [G] LONG DT @ 166: 0.1
INFO - [G] LONG DT @ 166: 0.1
INFO - [G] LONG DT @ 166: 0.1
INFO - [G] LONG DT @ 166: 0.1
INFO - [G] LONG DT @ 166: 0.1
INFO - [G] LONG DT @ 166: 0.1
INFO - [G] LONG DT @ 166: 0.1
INFO - [G] LONG DT @ 166: 0.1
INFO - [G] LONG DT @ 166: 0.1
INFO - [G] LONG DT @ 167: 0.1
INFO - [G] LONG DT @ 167: 0.1
INFO - [G] LONG DT @ 167: 0.1
INFO - [G] LONG DT @ 167: 0.1
INFO - [G] LONG DT @ 167: 0.1
INFO - [G] LONG DT @ 167: 0.1
INFO - [G] LONG DT @ 167: 0.1
INFO - [G] LONG DT @ 167: 0.1
INFO - [G] LONG DT @ 167: 0.1
INFO - [G] LONG DT @ 167: 0.1
INFO - [G] LONG DT @ 168: 0.1
INFO - [G] LONG DT @ 168: 0.1
INFO - [G] LONG DT @ 168: 0.1
INFO - [G] LONG DT @ 168: 0.1
INFO - [G] LONG DT @ 168: 0.1
INFO - [G] LONG DT @ 168: 0.1
INFO - [G] LONG DT @ 168: 0.1
INFO - [G] LONG DT @ 168: 0.1
INFO - [G] LONG DT @ 168: 0.1
INFO - [G] LONG DT @ 168: 0.082439040000002
INFO - [G] LONG DT @ 169: 0.068138351999998
INFO - [G] LONG DT @ 169: 0.056457401599999
INFO - [G] LONG DT @ 178: 0.1
INFO - [G] LONG DT @ 178: 0.1
INFO - [G] LONG DT @ 178: 0.1
INFO - [G] LONG DT @ 178: 0.1
INFO - [G] LONG DT @ 178: 0.1
INFO - [G] LONG DT @ 179: 0.1
INFO - [G] LONG DT @ 179: 0.1
INFO - [G] LONG DT @ 179: 0.1
INFO - [G] LONG DT @ 179: 0.1
INFO - [G] LONG DT @ 179: 0.1
INFO - [G] LONG DT @ 179: 0.1
INFO - [G] LONG DT @ 179: 0.1
INFO - [G] LONG DT @ 179: 0.1
INFO - [G] LONG DT @ 179: 0.1
INFO - [G] LONG DT @ 179: 0.1
INFO - [G] LONG DT @ 180: 0.1
INFO - [G] LONG DT @ 180: 0.1
INFO - [G] LONG DT @ 180: 0.1
INFO - [G] LONG DT @ 180: 0.1
INFO - [G] LONG DT @ 180: 0.1
INFO - [G] LONG DT @ 180: 0.1
INFO - [G] LONG DT @ 180: 0.1
INFO - [G] LONG DT @ 180: 0.1
INFO - [G] LONG DT @ 180: 0.1
INFO - [G] LONG DT @ 180: 0.1
INFO - [G] LONG DT @ 181: 0.1
INFO - [G] LONG DT @ 181: 0.1
INFO - [G] LONG DT @ 181: 0.1
INFO - [G] LONG DT @ 181: 0.1
INFO - [G] LONG DT @ 181: 0.1
INFO - [G] LONG DT @ 181: 0.1
INFO - [G] LONG DT @ 181: 0.1
INFO - [G] LONG DT @ 181: 0.1
INFO - [G] LONG DT @ 181: 0.1
INFO - [G] LONG DT @ 181: 0.1
INFO - [G] LONG DT @ 182: 0.1
INFO - [G] LONG DT @ 182: 0.1
INFO - [G] LONG DT @ 182: 0.082272540000001
INFO - [G] LONG DT @ 182: 0.067807391999994
INFO - [G] LONG DT @ 182: 0.056140173600001
INFO - [G] LONG DT @ 12: 0.1
INFO - [G] LONG DT @ 12: 0.1
INFO - [G] LONG DT @ 13: 0.08107439999997
INFO - [G] LONG DT @ 13: 0.066038119999979
INFO - [G] LONG DT @ 13: 0.05402949599998
INFO - [G] LONG DT @ 13: 0.1
INFO - [G] LONG DT @ 14: 0.08114552
INFO - [G] LONG DT @ 14: 0.06609379599999
INFO - [G] LONG DT @ 14: 0.054067856799998
INFO - [G] LONG DT @ 14: 0.081042646327903
INFO - [G] LONG DT @ 14: 0.067260957062321
INFO - [G] LONG DT @ 15: 0.056172265649858
INFO - [G] LONG DT @ 16: 0.087443327538586
INFO - [G] LONG DT @ 16: 0.072506082030878
INFO - [G] LONG DT @ 16: 0.060509325624702
INFO - [G] LONG DT @ 16: 0.050798180499756
INFO - [G] LONG DT @ 17: 0.1
INFO - [G] LONG DT @ 17: 0.08268916
INFO - [G] LONG DT @ 17: 0.068605627999999
INFO - [G] LONG DT @ 17: 0.057244302400021
INFO - [G] LONG DT @ 43: 0.1
INFO - [G] LONG DT @ 43: 0.1
INFO - [G] LONG DT @ 43: 0.1
INFO - [G] LONG DT @ 43: 0.1
INFO - [G] LONG DT @ 43: 0.1
INFO - [G] LONG DT @ 43: 0.1
INFO - [G] LONG DT @ 43: 0.1
INFO - [G] LONG DT @ 43: 0.1
INFO - [G] LONG DT @ 43: 0.1
INFO - [G] LONG DT @ 44: 0.1
INFO - [G] LONG DT @ 44: 0.1
INFO - [G] LONG DT @ 44: 0.1
INFO - [G] LONG DT @ 44: 0.1
INFO - [G] LONG DT @ 44: 0.1
INFO - [G] LONG DT @ 44: 0.1
INFO - [G] LONG DT @ 44: 0.1
INFO - [G] LONG DT @ 44: 0.1
INFO - [G] LONG DT @ 44: 0.1
INFO - [G] LONG DT @ 44: 0.1
INFO - [G] LONG DT @ 45: 0.1
INFO - [G] LONG DT @ 45: 0.1
INFO - [G] LONG DT @ 45: 0.1
INFO - [G] LONG DT @ 45: 0.1
INFO - [G] LONG DT @ 45: 0.1
INFO - [G] LONG DT @ 45: 0.1
INFO - [G] LONG DT @ 45: 0.1
INFO - [G] LONG DT @ 45: 0.1
INFO - [G] LONG DT @ 45: 0.1
INFO - [G] LONG DT @ 45: 0.1
INFO - [G] LONG DT @ 46: 0.1
INFO - [G] LONG DT @ 46: 0.1
INFO - [G] LONG DT @ 46: 0.1
INFO - [G] LONG DT @ 46: 0.1
INFO - [G] LONG DT @ 46: 0.1
