INFO - [♥] Lovely 0.6.0
INFO - [♥] Game directory is at "Z:\\run\\media\\vomitblood\\DataDisk1\\SteamLibrary\\steamapps\\common\\Balatro"
INFO - [♥] Writing logs to "C:\\users\\steamuser\\AppData\\Roaming\\Balatro\\Mods\\lovely\\log"
INFO - [♥] Using mod directory at "C:\\users\\steamuser\\AppData\\Roaming\\Balatro\\Mods"
INFO - [♥] Cleaning up dumps directory at "C:\\users\\steamuser\\AppData\\Roaming\\Balatro\\Mods\\lovely\\dump"
INFO - [♥] Initialization complete in 123ms
WARN - [♥] Pattern 'G.ARGS.score_intensity.organ = G.video_organ or G.ARGS.score_intensity.required_score > 0 and math.max(math.min(0.4, 0.1*math.log(G.ARGS.score_intensity.earned_score/(G.ARGS.score_intensity.required_score+1), 5)),0.) or 0' on target 'main.lua' resulted in no matches
WARN - [♥] Pattern 'if type(G.GAME.current_round.current_hand.chips) ~= \'number\' or type(G.GAME.current_round.current_hand.mult) ~= \'number\' then' on target 'main.lua' resulted in no matches
INFO - [♥] Applied 16 patches to 'main.lua'
INFO - [♥] Applied 2 patches to 'engine/string_packer.lua'
WARN - [♥] Pattern 'if not _RELEASE_MODE then' on target 'engine/controller.lua' resulted in no matches
INFO - [♥] Applied 4 patches to 'engine/controller.lua'
INFO - [♥] Applied 13 patches to 'back.lua'
INFO - [♥] Applied 14 patches to 'tag.lua'
INFO - [♥] Applied 2 patches to 'engine/moveable.lua'
INFO - [♥] Applied 2 patches to 'engine/sprite.lua'
INFO - [♥] Applied 2 patches to 'engine/animatedsprite.lua'
WARN - [♥] Pattern 'assembled_string = assembled_string..(type(subpart) == \'string\' and subpart or args.vars[tonumber(subpart[1])] or \'ERROR\')' on target 'functions/misc_functions.lua' resulted in no matches
INFO - [♥] Applied 45 patches to 'functions/misc_functions.lua'
INFO - [♥] Applied 75 patches to 'game.lua'
INFO - [♥] Applied 1 patch to 'globals.lua'
INFO - [♥] Applied 6 patches to 'engine/ui.lua'
WARN - [♥] Pattern '{card_limit = _size, type = \'consumeable\', highlight_limit = 1}' on target 'functions/UI_definitions.lua' resulted in no matches
WARN - [♥] Pattern '{n=G.UIT.T, config={text = G.GAME.hands[handname].chips, scale = 0.45, colour = G.C.UI.TEXT_LIGHT}},' on target 'functions/UI_definitions.lua' resulted in no matches
WARN - [♥] Pattern '{n=G.UIT.T, config={text = G.GAME.hands[handname].mult, scale = 0.45, colour = G.C.UI.TEXT_LIGHT}}' on target 'functions/UI_definitions.lua' resulted in no matches
INFO - [♥] Applied 97 patches to 'functions/UI_definitions.lua'
WARN - [♥] Pattern 'ease_to = G.GAME.chips + math.floor(hand_chips * mult) * (e and e.antiscore and -1 or 1),' on target 'functions/state_events.lua' resulted in no matches
INFO - [♥] Applied 98 patches to 'functions/state_events.lua'
WARN - [♥] Pattern 'local cfg = (card and card.ability) or _c[\'config\']' on target 'functions/common_events.lua' resulted in no matches
WARN - [♥] Pattern 'elseif v.boss.showdown and (G.GAME.round_resets.ante)%G.GAME.win_ante == 0 and G.GAME.round_resets.ante >= 2 then' on target 'functions/common_events.lua' resulted in no matches
WARN - [♥] Regex '(?<indent>[\\t ]*)if G\\.F_NO_ACHIEVEMENTS then return end\\n[\\s\\S][\\s\\S]{16}--\\|LOCAL SETTINGS FILE' on target 'functions/common_events.lua' resulted in no matches
WARN - [♥] Pattern 'func = (function() if eval_func(card) then if not first or first then card:juice_up(0.1, 0.1) end;juice_card_until(card, eval_func, nil, 0.8) end return true end)' on target 'functions/common_events.lua' resulted in no matches
INFO - [♥] Applied 123 patches to 'functions/common_events.lua'
WARN - [♥] Pattern 'G.pack_cards:emplace(v)' on target 'functions/button_callbacks.lua' resulted in no matches
INFO - [♥] Applied 51 patches to 'functions/button_callbacks.lua'
WARN - [♥] Pattern 'if self.ability.name == \'Campfire\' and G.GAME.blind.boss and not (G.GAME.blind.config and G.GAME.blind.config.bonus) and self.ability.x_mult > 1 then' on target 'card.lua' resulted in no matches
WARN - [♥] Pattern 'if k ~= \'focused_ui\' and k ~= \"front\" and k ~= \"back\" and k ~= \"soul_parts\" and k ~= \"center\" and k ~= \'floating_sprite\' and k~= \"shadow\" and k~= \"use_button\" and k ~= \'buy_button\' and k ~= \'buy_and_use_button\' and k~= \"debuff\" and k ~= \'price\' and k~= \'particles\' and k ~= \'h_popup\' then v:draw() end' on target 'card.lua' resulted in no matches
WARN - [♥] Pattern 'if G.GAME.blind then G.E_MANAGER:add_event(Event({ func = function() G.GAME.blind:set_blind(nil, true, nil); return true end })) end' on target 'card.lua' resulted in no matches
INFO - [♥] Applied 205 patches to 'card.lua'
INFO - [♥] Applied 15 patches to 'cardarea.lua'
INFO - [♥] Applied 32 patches to 'blind.lua'
INFO - [♥] Applied 5 patches to 'engine/text.lua'
INFO - [G] Failed to connect to the debug server
INFO - [G] 2025-01-09 17:55:57 :: DEBUG :: DebugConsole :: Steamodded Debug Socket started !
INFO - [♥] Applied 9 patches to 'engine/sound_manager.lua'
INFO - [♥] Applied 2 patches to 'engine/string_packer.lua'
INFO - [G] 2025-01-09 17:55:57 :: TRACE :: Loader :: Processing Mod file (Legacy header): Cryptid.lua
INFO - [G] 2025-01-09 17:55:57 :: TRACE :: Loader :: Saving Mod Info: Cryptid
INFO - [G] 2025-01-09 17:55:57 :: TRACE :: Loader :: Processing Mod file (Legacy header): steamodded.lua
INFO - [G] 2025-01-09 17:55:57 :: TRACE :: Loader :: Saving Mod Info: Handy
INFO - [G] 2025-01-09 17:55:57 :: TRACE :: Loader :: Processing Mod file (Legacy header): JCursor.lua
INFO - [G] 2025-01-09 17:55:57 :: TRACE :: Loader :: Saving Mod Info: JCursor
INFO - [G] 2025-01-09 17:55:57 :: TRACE :: Loader :: Processing Mod file (Legacy header): steamodded_metadata.lua
INFO - [G] 2025-01-09 17:55:57 :: TRACE :: Loader :: Saving Mod Info: Talisman
INFO - [G] 2025-01-09 17:55:57 :: DEBUG :: DefaultLogger :: JCursor loaded!
INFO - [G] Loading file Achievements.lua
INFO - [G] Loading file Antimatter.lua
INFO - [G] Loading file Blinds.lua
INFO - [G] Loading file Challenges.lua
INFO - [G] Loading file CodeCards.lua
INFO - [G] Loading file CryptidJokerDisplay.lua
INFO - [G] Warning: CryptidJokerDisplay.lua has no items
INFO - [G] Loading file Decks.lua
INFO - [G] Loading file Enhanced.lua
INFO - [G] Loading file EpicJokers.lua
INFO - [G] Loading file Exotic.lua
INFO - [G] Loading file M.lua
INFO - [G] Loading file Misc.lua
INFO - [G] Loading file MiscJokers.lua
INFO - [G] Loading file Planets.lua
INFO - [G] Loading file Sleeves.lua
INFO - [G] Loading file Spectrals.lua
INFO - [G] Loading file Spooky.lua
INFO - [G] Loading file Stakes.lua
INFO - [G] Loading file Tags.lua
INFO - [G] Loading file Vouchers.lua
INFO - [G] Loading file dummy_https.lua
INFO - [G] Warning: dummy_https.lua has no items
INFO - [G] Loading file dummy_timerblinds.lua
INFO - [G] Warning: dummy_timerblinds.lua has no items
INFO - [G] 2025-01-09 17:55:58 :: WARN  :: Atlas :: Detected duplicate register call on object cry_modicon
INFO - [G] 2025-01-09 17:55:58 :: WARN  :: Atlas :: Detected duplicate register call on object cry_placeholders
INFO - [G] 2025-01-09 17:55:58 :: WARN  :: Atlas :: Detected duplicate register call on object cry_atlasepic
INFO - [G] 2025-01-09 17:55:58 :: WARN  :: Atlas :: Detected duplicate register call on object cry_atlasone
INFO - [G] 2025-01-09 17:55:58 :: WARN  :: Atlas :: Detected duplicate register call on object cry_atlastwo
INFO - [G] 2025-01-09 17:55:58 :: WARN  :: Atlas :: Detected duplicate register call on object cry_atlasthree
INFO - [G] 2025-01-09 17:55:58 :: WARN  :: Atlas :: Detected duplicate register call on object cry_atlasspooky
INFO - [G] 2025-01-09 17:55:58 :: WARN  :: Atlas :: Detected duplicate register call on object cry_atlasexotic
INFO - [G] 2025-01-09 17:55:58 :: WARN  :: Atlas :: Detected duplicate register call on object cry_atlasnotjokers
INFO - [G] 2025-01-09 17:55:58 :: WARN  :: Atlas :: Detected duplicate register call on object cry_tag_cry
INFO - [G] 2025-01-09 17:55:58 :: WARN  :: Atlas :: Detected duplicate register call on object cry_misc
INFO - [G] 2025-01-09 17:55:58 :: WARN  :: Sticker :: Detected duplicate register call on object perishable
INFO - [G] 2025-01-09 17:55:58 :: WARN  :: Sticker :: Detected duplicate register call on object pinned
INFO - [G] 2025-01-09 17:55:58 :: WARN  :: Sticker :: Detected duplicate register call on object eternal
INFO - [G] 2025-01-09 17:55:58 :: WARN  :: Sticker :: Detected duplicate register call on object rental
INFO - [G] 2025-01-09 17:55:58 :: INFO  :: TIMER :: [0000] Injected Language in 0.002 ms
INFO - [G] 2025-01-09 17:55:58 :: INFO  :: TIMER :: [0000] Injected [INTERNAL] in 0.805 ms
INFO - [G] 2025-01-09 17:55:58 :: INFO  :: TIMER :: [0031] Injected Atlas in 803.834 ms
INFO - [G] 2025-01-09 17:55:58 :: INFO  :: TIMER :: [0025] Injected Sound in 20.557 ms
INFO - [G] 2025-01-09 17:55:58 :: INFO  :: TIMER :: [0032] Injected Stake in 0.720 ms
INFO - [G] 2025-01-09 17:55:58 :: INFO  :: TIMER :: [0008] Injected Rarity in 0.028 ms
INFO - [G] 2025-01-09 17:55:58 :: INFO  :: TIMER :: [0007] Injected ObjectType in 0.063 ms
INFO - [G] 2025-01-09 17:55:58 :: INFO  :: TIMER :: [0391] Injected Center in 1.838 ms
INFO - [G] 2025-01-09 17:55:58 :: INFO  :: TIMER :: [0011] Injected Undiscovered Sprite in 0.010 ms
INFO - [G] 2025-01-09 17:55:58 :: INFO  :: TIMER :: [0027] Injected Blind in 0.057 ms
INFO - [G] 2025-01-09 17:55:58 :: INFO  :: TIMER :: [0002] Injected Seal in 0.049 ms
INFO - [G] 2025-01-09 17:55:58 :: INFO  :: TIMER :: [0004] Injected Suit in 0.084 ms
INFO - [G] 2025-01-09 17:55:58 :: INFO  :: TIMER :: [0013] Injected Rank in 0.065 ms
INFO - [G] 2025-01-09 17:55:58 :: INFO  :: TIMER :: [0016] Injected DeckSkin in 0.049 ms
INFO - [G] 2025-01-09 17:55:58 :: INFO  :: TIMER :: [0016] Injected PokerHand in 0.109 ms
INFO - [G] 2025-01-09 17:55:58 :: INFO  :: TIMER :: [0031] Injected Challenge in 0.145 ms
INFO - [G] 2025-01-09 17:55:58 :: INFO  :: TIMER :: [0028] Injected Tag in 0.237 ms
INFO - [G] 2025-01-09 17:55:58 :: INFO  :: TIMER :: [0009] Injected Sticker in 0.686 ms
INFO - [G] 2025-01-09 17:55:58 :: INFO  :: TIMER :: [0009] Injected Shader in 55.551 ms
INFO - [G] 2025-01-09 17:55:58 :: INFO  :: TIMER :: [0000] Injected Keybind in 0.002 ms
INFO - [G] 2025-01-09 17:55:58 :: INFO  :: TIMER :: [0020] Injected Achievement in 0.069 ms
INFO - [G] 2025-01-09 17:55:58 :: INFO  :: TIMER :: [0000] Injected [INTERNAL] in 4.205 ms
INFO - [G] 2025-01-09 17:55:58 :: INFO  :: TIMER :: [0011] Injected Event in 0.014 ms
INFO - [G] ERROR LOADING GAME: Card area 'shop_vouchers' not instantiated before load
INFO - [G] ERROR LOADING GAME: Card area 'shop_jokers' not instantiated before load
INFO - [G] ERROR LOADING GAME: Card area 'shop_booster' not instantiated before load
INFO - [G] LONG DT @ 1894: 0.05097178820817
INFO - [G] LONG DT @ 1952: 0.057003341348129
INFO - [G] LONG DT @ 1952: 0.053710233078511
INFO - [G] LONG DT @ 1952: 0.051085246462804
INFO - [G] LONG DT @ 2109: 0.053958635977822
INFO - [G] LONG DT @ 2109: 0.051689768782252
INFO - [G] LONG DT @ 2109: 0.051517575025819
INFO - [G] LONG DT @ 2109: 0.070034700020704
INFO - [G] LONG DT @ 2109: 0.064395700016535
INFO - [G] LONG DT @ 2109: 0.059747920013218
INFO - [G] LONG DT @ 2109: 0.055842956010539
INFO - [G] LONG DT @ 2109: 0.052902364808485
INFO - [G] LONG DT @ 2109: 0.050436091846788
INFO - [G] LONG DT @ 2187: 0.052896893123253
INFO - [G] LONG DT @ 2187: 0.050348194498558
INFO - [G] LONG DT @ 2268: 0.1
INFO - [G] LONG DT @ 2268: 0.088545119999962
INFO - [G] LONG DT @ 2269: 0.079070815999989
INFO - [G] LONG DT @ 2269: 0.071441232800025
INFO - [G] LONG DT @ 2269: 0.065316486239975
INFO - [G] LONG DT @ 2269: 0.060285708992031
INFO - [G] LONG DT @ 2269: 0.056594347193611
INFO - [G] LONG DT @ 2269: 0.053259517754862
INFO - [G] LONG DT @ 2269: 0.050781854203861
INFO - [G] ERROR LOADING GAME: Card area 'shop_booster' not instantiated before load
INFO - [G] ERROR LOADING GAME: Card area 'shop_vouchers' not instantiated before load
INFO - [G] ERROR LOADING GAME: Card area 'shop_jokers' not instantiated before load
INFO - [G] ERROR LOADING GAME: Card area 'cry_runarea' not instantiated before load
INFO - [G] line not found
INFO - [G] file not found: main.lua: No such file or directory
INFO - [G] file not found: main.lua: No such file or directory
INFO - [G] line not found
INFO - [G] file not found: main.lua: No such file or directory
INFO - [G] file not found: main.lua: No such file or directory
INFO - [G] 2025-01-09 18:36:51 :: ERROR :: StackTrace :: Oops! The game crashed
[SMODS Cryptid "Items/CodeCards.lua"]:4064: attempt to index field 'cry_runarea' (a nil value)
Stack Traceback
===============
(1) Lua local 'handler' at file 'main.lua:612'
	Local variables:
	 msg = string: "[SMODS Cryptid \"Items/CodeCards.lua\"]:4064: attempt to index field 'cry_runarea' (a nil value)"
	 (*temporary) = Lua function '?' (defined at line 31 of chunk [SMODS _ "src/logging.lua"])
	 (*temporary) = string: "Oops! The game crashed\
"
(2) LÖVE metamethod at file 'boot.lua:352'
	Local variables:
	 errhand = Lua function '?' (defined at line 598 of chunk main.lua)
	 handler = Lua function '?' (defined at line 598 of chunk main.lua)
(3) Lua function '?' at file 'Items/CodeCards.lua:4064' (from mod with id Cryptid) (best guess)
	Local variables:
	 e = table: 0x06184158  {pixellated_rect:table: 0x09410d98, click_offset:table: 0x065037c8, children:table: 0x06184220 (more...)}
	 (*temporary) = nil
	 (*temporary) = table: 0x08fdd358  {queue_last_processed:2451.7833333369, queues:table: 0x04d01170, queue_dt:0.016666666666667 (more...)}
	 (*temporary) = table: 0x09132048  {start_timer:false, timer:TOTAL, blockable:true, trigger:after, func:function: 0x09132028 (more...)}
	 (*temporary) = string: "base"
	 (*temporary) = nil
	 (*temporary) = table: 0x04d20d90  {1:table: 0x06ec6f10, 2:table: 0x0901c6a0, 3:table: 0x09763468, 4:table: 0x044ac940 (more...)}
	 (*temporary) = number: 47
	 (*temporary) = table: 0x0427d3a8  {handle:function: 0x0427c440, __index:table: 0x0427d3a8, init:function: 0x0427c9a8 (more...)}
	 (*temporary) = table: 0x0427d3a8  {handle:function: 0x0427c440, __index:table: 0x0427d3a8, init:function: 0x0427c9a8 (more...)}
	 (*temporary) = boolean: true
	 (*temporary) = table: 0x09131f98  {func:function: 0x09132028, trigger:after, delay:0.5}
	 (*temporary) = string: "attempt to index field 'cry_runarea' (a nil value)"
(4) Lua method 'click' at file 'engine/ui.lua:988'
	Local variables:
	 self = table: 0x06184158  {pixellated_rect:table: 0x09410d98, click_offset:table: 0x065037c8, children:table: 0x06184220 (more...)}
(5) Lua method 'update' at file 'engine/controller.lua:375'
	Local variables:
	 self = table: 0x049db078  {held_button_times:table: 0x049db948, focus_cursor_stack_level:1, snap_cursor_to:table: 0x11496848 (more...)}
	 dt = number: 0.006097
(6) Lua upvalue 'gameUpdateRef' at file 'game.lua:2866'
	Local variables:
	 self = table: 0x042f89c0  {F_GUIDE:false, F_CRASH_REPORTS:false, F_QUIT_BUTTON:true, HUD_tags:table: 0x0871ed68 (more...)}
	 dt = number: 0.006097
(7) Lua upvalue 'upd' at Steamodded file 'src/ui.lua:81' 
	Local variables:
	 self = table: 0x042f89c0  {F_GUIDE:false, F_CRASH_REPORTS:false, F_QUIT_BUTTON:true, HUD_tags:table: 0x0871ed68 (more...)}
	 dt = number: 0.006097
(8) Lua upvalue 'upd' at file 'main.lua:3934'
	Local variables:
	 self = table: 0x042f89c0  {F_GUIDE:false, F_CRASH_REPORTS:false, F_QUIT_BUTTON:true, HUD_tags:table: 0x0871ed68 (more...)}
	 dt = number: 0.006097
(9) Lua upvalue 'upd' at file 'Items/Blinds.lua:1310' (from mod with id Cryptid)
	Local variables:
	 self = table: 0x042f89c0  {F_GUIDE:false, F_CRASH_REPORTS:false, F_QUIT_BUTTON:true, HUD_tags:table: 0x0871ed68 (more...)}
	 dt = number: 0.006097
(10) Lua upvalue 'upd' at file 'Items/CodeCards.lua:4106' (from mod with id Cryptid)
	Local variables:
	 self = table: 0x042f89c0  {F_GUIDE:false, F_CRASH_REPORTS:false, F_QUIT_BUTTON:true, HUD_tags:table: 0x0871ed68 (more...)}
	 dt = number: 0.006097
(11) Lua upvalue 'upd' at file 'Items/Decks.lua:429' (from mod with id Cryptid)
	Local variables:
	 self = table: 0x042f89c0  {F_GUIDE:false, F_CRASH_REPORTS:false, F_QUIT_BUTTON:true, HUD_tags:table: 0x0871ed68 (more...)}
	 dt = number: 0.006097
(12) Lua upvalue 'upd' at file 'Items/MiscJokers.lua:6658' (from mod with id Cryptid)
	Local variables:
	 self = table: 0x042f89c0  {F_GUIDE:false, F_CRASH_REPORTS:false, F_QUIT_BUTTON:true, HUD_tags:table: 0x0871ed68 (more...)}
	 dt = number: 0.006097
(13) Lua method 'update' at file 'Cryptid.lua:2948' (from mod with id Cryptid)
	Local variables:
	 self = table: 0x042f89c0  {F_GUIDE:false, F_CRASH_REPORTS:false, F_QUIT_BUTTON:true, HUD_tags:table: 0x0871ed68 (more...)}
	 dt = number: 0.006097
(14) Lua upvalue 'love_update_ref' at file 'main.lua:993'
	Local variables:
	 dt = number: 0.006097
(15) Lua upvalue 'oldupd' at file 'main.lua:2796'
	Local variables:
	 dt = number: 0.006097
(16) Lua field 'update' at file 'main.lua:3961'
	Local variables:
	 dt = number: 0.006097
(17) Lua function '?' at file 'main.lua:931' (best guess)
(18) global C function 'xpcall'
(19) LÖVE function at file 'boot.lua:377' (best guess)
	Local variables:
	 func = Lua function '?' (defined at line 902 of chunk main.lua)
	 inerror = boolean: true
	 deferErrhand = Lua function '(LÖVE Function)' (defined at line 348 of chunk [love "boot.lua"])
	 earlyinit = Lua function '(LÖVE Function)' (defined at line 355 of chunk [love "boot.lua"])

INFO - [G] line not found
INFO - [G] file not found: main.lua: No such file or directory
INFO - [G] file not found: main.lua: No such file or directory
INFO - [G] 2025-01-09 18:36:51 :: INFO  :: StackTrace :: Additional Context:
Balatro Version: 1.0.1n-FULL
Modded Version: 1.0.0~ALPHA-1220a-STEAMODDED
LÖVE Version: 11.5.0
Lovely Version: 0.6.0
Steamodded Mods:
    1: J Cursor by Jie65535, MarioMak967 [ID: JCursor]
    2: Talisman by MathIsFun_, Mathguy24, jenwalter666, cg-223 [ID: Talisman, Version: 2.0.2, Uses Lovely]
        Break Infinity: omeganum
    3: Handy by SleepyG11 [ID: Handy, Version: 1.1.5, Uses Lovely]
    4: Cryptid by MathIsFun_, Cryptid and Balatro Discords [ID: Cryptid, Priority: 1e+299, Version: 0.5.3a, Uses Lovely]
Lovely Mods:
