INFO - [♥] Lovely 0.6.0
INFO - [♥] Game directory is at "Z:\\run\\media\\vomitblood\\DataDisk1\\SteamLibrary\\steamapps\\common\\Balatro"
INFO - [♥] Writing logs to "C:\\users\\steamuser\\AppData\\Roaming\\Balatro\\Mods\\lovely\\log"
INFO - [♥] Using mod directory at "C:\\users\\steamuser\\AppData\\Roaming\\Balatro\\Mods"
INFO - [♥] Cleaning up dumps directory at "C:\\users\\steamuser\\AppData\\Roaming\\Balatro\\Mods\\lovely\\dump"
INFO - [♥] Initialization complete in 149ms
WARN - [♥] Pattern 'G.ARGS.score_intensity.organ = G.video_organ or G.ARGS.score_intensity.required_score > 0 and math.max(math.min(0.4, 0.1*math.log(G.ARGS.score_intensity.earned_score/(G.ARGS.score_intensity.required_score+1), 5)),0.) or 0' on target 'main.lua' resulted in no matches
WARN - [♥] Pattern 'if type(G.GAME.current_round.current_hand.chips) ~= \'number\' or type(G.GAME.current_round.current_hand.mult) ~= \'number\' then' on target 'main.lua' resulted in no matches
INFO - [♥] Applied 16 patches to 'main.lua'
INFO - [♥] Applied 2 patches to 'engine/string_packer.lua'
WARN - [♥] Pattern 'if not _RELEASE_MODE then' on target 'engine/controller.lua' resulted in no matches
INFO - [♥] Applied 4 patches to 'engine/controller.lua'
INFO - [♥] Applied 13 patches to 'back.lua'
INFO - [♥] Applied 14 patches to 'tag.lua'
INFO - [♥] Applied 2 patches to 'engine/moveable.lua'
INFO - [♥] Applied 2 patches to 'engine/sprite.lua'
INFO - [♥] Applied 2 patches to 'engine/animatedsprite.lua'
WARN - [♥] Pattern 'assembled_string = assembled_string..(type(subpart) == \'string\' and subpart or args.vars[tonumber(subpart[1])] or \'ERROR\')' on target 'functions/misc_functions.lua' resulted in no matches
INFO - [♥] Applied 45 patches to 'functions/misc_functions.lua'
INFO - [♥] Applied 75 patches to 'game.lua'
INFO - [♥] Applied 1 patch to 'globals.lua'
INFO - [♥] Applied 6 patches to 'engine/ui.lua'
WARN - [♥] Pattern '{card_limit = _size, type = \'consumeable\', highlight_limit = 1}' on target 'functions/UI_definitions.lua' resulted in no matches
WARN - [♥] Pattern '{n=G.UIT.T, config={text = G.GAME.hands[handname].chips, scale = 0.45, colour = G.C.UI.TEXT_LIGHT}},' on target 'functions/UI_definitions.lua' resulted in no matches
WARN - [♥] Pattern '{n=G.UIT.T, config={text = G.GAME.hands[handname].mult, scale = 0.45, colour = G.C.UI.TEXT_LIGHT}}' on target 'functions/UI_definitions.lua' resulted in no matches
INFO - [♥] Applied 97 patches to 'functions/UI_definitions.lua'
WARN - [♥] Pattern 'ease_to = G.GAME.chips + math.floor(hand_chips * mult) * (e and e.antiscore and -1 or 1),' on target 'functions/state_events.lua' resulted in no matches
INFO - [♥] Applied 98 patches to 'functions/state_events.lua'
WARN - [♥] Pattern 'local cfg = (card and card.ability) or _c[\'config\']' on target 'functions/common_events.lua' resulted in no matches
WARN - [♥] Pattern 'elseif v.boss.showdown and (G.GAME.round_resets.ante)%G.GAME.win_ante == 0 and G.GAME.round_resets.ante >= 2 then' on target 'functions/common_events.lua' resulted in no matches
WARN - [♥] Regex '(?<indent>[\\t ]*)if G\\.F_NO_ACHIEVEMENTS then return end\\n[\\s\\S][\\s\\S]{16}--\\|LOCAL SETTINGS FILE' on target 'functions/common_events.lua' resulted in no matches
WARN - [♥] Pattern 'func = (function() if eval_func(card) then if not first or first then card:juice_up(0.1, 0.1) end;juice_card_until(card, eval_func, nil, 0.8) end return true end)' on target 'functions/common_events.lua' resulted in no matches
INFO - [♥] Applied 123 patches to 'functions/common_events.lua'
WARN - [♥] Pattern 'G.pack_cards:emplace(v)' on target 'functions/button_callbacks.lua' resulted in no matches
INFO - [♥] Applied 51 patches to 'functions/button_callbacks.lua'
WARN - [♥] Pattern 'if self.ability.name == \'Campfire\' and G.GAME.blind.boss and not (G.GAME.blind.config and G.GAME.blind.config.bonus) and self.ability.x_mult > 1 then' on target 'card.lua' resulted in no matches
WARN - [♥] Pattern 'if k ~= \'focused_ui\' and k ~= \"front\" and k ~= \"back\" and k ~= \"soul_parts\" and k ~= \"center\" and k ~= \'floating_sprite\' and k~= \"shadow\" and k~= \"use_button\" and k ~= \'buy_button\' and k ~= \'buy_and_use_button\' and k~= \"debuff\" and k ~= \'price\' and k~= \'particles\' and k ~= \'h_popup\' then v:draw() end' on target 'card.lua' resulted in no matches
WARN - [♥] Pattern 'if G.GAME.blind then G.E_MANAGER:add_event(Event({ func = function() G.GAME.blind:set_blind(nil, true, nil); return true end })) end' on target 'card.lua' resulted in no matches
INFO - [♥] Applied 205 patches to 'card.lua'
INFO - [♥] Applied 15 patches to 'cardarea.lua'
INFO - [♥] Applied 32 patches to 'blind.lua'
INFO - [♥] Applied 5 patches to 'engine/text.lua'
INFO - [G] Failed to connect to the debug server
INFO - [G] 2025-01-09 00:41:53 :: DEBUG :: DebugConsole :: Steamodded Debug Socket started !
INFO - [♥] Applied 9 patches to 'engine/sound_manager.lua'
INFO - [♥] Applied 2 patches to 'engine/string_packer.lua'
INFO - [G] 2025-01-09 00:41:54 :: TRACE :: Loader :: Processing Mod file (Legacy header): Cryptid.lua
INFO - [G] 2025-01-09 00:41:54 :: TRACE :: Loader :: Saving Mod Info: Cryptid
INFO - [G] 2025-01-09 00:41:54 :: TRACE :: Loader :: Processing Mod file (Legacy header): steamodded.lua
INFO - [G] 2025-01-09 00:41:54 :: TRACE :: Loader :: Saving Mod Info: Handy
INFO - [G] 2025-01-09 00:41:54 :: TRACE :: Loader :: Processing Mod file (Legacy header): steamodded_metadata.lua
INFO - [G] 2025-01-09 00:41:54 :: TRACE :: Loader :: Saving Mod Info: Talisman
INFO - [G] Loading file Achievements.lua
INFO - [G] Loading file Antimatter.lua
INFO - [G] Loading file Blinds.lua
INFO - [G] Loading file Challenges.lua
INFO - [G] Loading file CodeCards.lua
INFO - [G] Loading file CryptidJokerDisplay.lua
INFO - [G] Warning: CryptidJokerDisplay.lua has no items
INFO - [G] Loading file Decks.lua
INFO - [G] Loading file Enhanced.lua
INFO - [G] Loading file EpicJokers.lua
INFO - [G] Loading file Exotic.lua
INFO - [G] Loading file M.lua
INFO - [G] Loading file Misc.lua
INFO - [G] Loading file MiscJokers.lua
INFO - [G] Loading file Planets.lua
INFO - [G] Loading file Sleeves.lua
INFO - [G] Loading file Spectrals.lua
INFO - [G] Loading file Spooky.lua
INFO - [G] Loading file Stakes.lua
INFO - [G] Loading file Tags.lua
INFO - [G] Loading file Vouchers.lua
INFO - [G] Loading file dummy_https.lua
INFO - [G] Warning: dummy_https.lua has no items
INFO - [G] Loading file dummy_timerblinds.lua
INFO - [G] Warning: dummy_timerblinds.lua has no items
INFO - [G] 2025-01-09 00:41:54 :: WARN  :: Atlas :: Detected duplicate register call on object cry_modicon
INFO - [G] 2025-01-09 00:41:54 :: WARN  :: Atlas :: Detected duplicate register call on object cry_placeholders
INFO - [G] 2025-01-09 00:41:54 :: WARN  :: Atlas :: Detected duplicate register call on object cry_atlasepic
INFO - [G] 2025-01-09 00:41:54 :: WARN  :: Atlas :: Detected duplicate register call on object cry_atlasone
INFO - [G] 2025-01-09 00:41:54 :: WARN  :: Atlas :: Detected duplicate register call on object cry_atlastwo
INFO - [G] 2025-01-09 00:41:54 :: WARN  :: Atlas :: Detected duplicate register call on object cry_atlasthree
INFO - [G] 2025-01-09 00:41:54 :: WARN  :: Atlas :: Detected duplicate register call on object cry_atlasspooky
INFO - [G] 2025-01-09 00:41:54 :: WARN  :: Atlas :: Detected duplicate register call on object cry_atlasexotic
INFO - [G] 2025-01-09 00:41:54 :: WARN  :: Atlas :: Detected duplicate register call on object cry_atlasnotjokers
INFO - [G] 2025-01-09 00:41:54 :: WARN  :: Atlas :: Detected duplicate register call on object cry_tag_cry
INFO - [G] 2025-01-09 00:41:54 :: WARN  :: Atlas :: Detected duplicate register call on object cry_misc
INFO - [G] 2025-01-09 00:41:54 :: WARN  :: Sticker :: Detected duplicate register call on object perishable
INFO - [G] 2025-01-09 00:41:54 :: WARN  :: Sticker :: Detected duplicate register call on object pinned
INFO - [G] 2025-01-09 00:41:54 :: WARN  :: Sticker :: Detected duplicate register call on object eternal
INFO - [G] 2025-01-09 00:41:54 :: WARN  :: Sticker :: Detected duplicate register call on object rental
INFO - [G] 2025-01-09 00:41:54 :: INFO  :: TIMER :: [0000] Injected Language in 0.001 ms
INFO - [G] 2025-01-09 00:41:54 :: INFO  :: TIMER :: [0000] Injected [INTERNAL] in 0.647 ms
INFO - [G] 2025-01-09 00:41:55 :: INFO  :: TIMER :: [0031] Injected Atlas in 815.097 ms
INFO - [G] 2025-01-09 00:41:55 :: INFO  :: TIMER :: [0025] Injected Sound in 23.004 ms
INFO - [G] 2025-01-09 00:41:55 :: INFO  :: TIMER :: [0032] Injected Stake in 1.041 ms
INFO - [G] 2025-01-09 00:41:55 :: INFO  :: TIMER :: [0008] Injected Rarity in 0.022 ms
INFO - [G] 2025-01-09 00:41:56 :: INFO  :: TIMER :: [0007] Injected ObjectType in 0.121 ms
INFO - [G] 2025-01-09 00:41:57 :: INFO  :: TIMER :: [0391] Injected Center in 2.134 ms
INFO - [G] 2025-01-09 00:41:58 :: INFO  :: TIMER :: [0011] Injected Undiscovered Sprite in 0.044 ms
INFO - [G] 2025-01-09 00:41:59 :: INFO  :: TIMER :: [0027] Injected Blind in 0.541 ms
INFO - [G] 2025-01-09 00:42:00 :: INFO  :: TIMER :: [0002] Injected Seal in 0.082 ms
INFO - [G] 2025-01-09 00:42:00 :: INFO  :: TIMER :: [0004] Injected Suit in 0.195 ms
INFO - [G] 2025-01-09 00:42:00 :: INFO  :: TIMER :: [0013] Injected Rank in 0.091 ms
INFO - [G] 2025-01-09 00:42:00 :: INFO  :: TIMER :: [0016] Injected DeckSkin in 0.034 ms
INFO - [G] 2025-01-09 00:42:00 :: INFO  :: TIMER :: [0016] Injected PokerHand in 0.145 ms
INFO - [G] 2025-01-09 00:42:00 :: INFO  :: TIMER :: [0031] Injected Challenge in 0.076 ms
INFO - [G] 2025-01-09 00:42:00 :: INFO  :: TIMER :: [0028] Injected Tag in 0.672 ms
INFO - [G] 2025-01-09 00:42:00 :: INFO  :: TIMER :: [0009] Injected Sticker in 0.634 ms
INFO - [G] 2025-01-09 00:42:00 :: INFO  :: TIMER :: [0009] Injected Shader in 58.053 ms
INFO - [G] 2025-01-09 00:42:00 :: INFO  :: TIMER :: [0000] Injected Keybind in 0.001 ms
INFO - [G] 2025-01-09 00:42:00 :: INFO  :: TIMER :: [0020] Injected Achievement in 0.147 ms
INFO - [G] 2025-01-09 00:42:00 :: INFO  :: TIMER :: [0000] Injected [INTERNAL] in 3.512 ms
INFO - [G] 2025-01-09 00:42:00 :: INFO  :: TIMER :: [0011] Injected Event in 0.128 ms
INFO - [G] LONG DT @ 242: 0.1
INFO - [G] LONG DT @ 242: 0.1
INFO - [G] LONG DT @ 242: 0.1
INFO - [G] LONG DT @ 242: 0.1
INFO - [G] LONG DT @ 242: 0.1
INFO - [G] LONG DT @ 242: 0.1
INFO - [G] LONG DT @ 242: 0.1
INFO - [G] LONG DT @ 242: 0.1
INFO - [G] LONG DT @ 242: 0.1
INFO - [G] LONG DT @ 243: 0.1
INFO - [G] LONG DT @ 243: 0.1
INFO - [G] LONG DT @ 243: 0.1
INFO - [G] LONG DT @ 243: 0.1
INFO - [G] LONG DT @ 243: 0.1
INFO - [G] LONG DT @ 243: 0.1
INFO - [G] LONG DT @ 243: 0.1
INFO - [G] LONG DT @ 243: 0.1
INFO - [G] LONG DT @ 243: 0.1
INFO - [G] LONG DT @ 243: 0.1
INFO - [G] LONG DT @ 244: 0.082632259999996
INFO - [G] LONG DT @ 244: 0.068562608000001
INFO - [G] LONG DT @ 244: 0.056856906399998
INFO - [G] LONG DT @ 245: 0.1
INFO - [G] LONG DT @ 245: 0.085794560000004
INFO - [G] LONG DT @ 245: 0.074059648000008
INFO - [G] LONG DT @ 245: 0.064583038400001
INFO - [G] LONG DT @ 245: 0.056899570719997
INFO - [G] LONG DT @ 245: 0.050576436576004
INFO - [G] LONG DT @ 2620: 0.083872598038467
INFO - [G] LONG DT @ 2620: 0.071462498430776
INFO - [G] LONG DT @ 2620: 0.06149121874464
INFO - [G] LONG DT @ 2621: 0.053595214995748
INFO - [G] LONG DT @ 2623: 0.065053737025595
INFO - [G] LONG DT @ 2623: 0.053883289620479
INFO - [G] LONG DT @ 2690: 0.050212301610195
INFO - [G] LONG DT @ 2693: 0.060296654117329
INFO - [G] LONG DT @ 2834: 0.091615562591627
INFO - [G] LONG DT @ 2834: 0.077839310073238
INFO - [G] LONG DT @ 2835: 0.066596148058642
INFO - [G] LONG DT @ 2835: 0.061569958446904
INFO - [G] LONG DT @ 2835: 0.057908826757507
INFO - [G] LONG DT @ 2835: 0.051225401406005
INFO - [G] LONG DT @ 2980: 0.1
INFO - [G] LONG DT @ 2980: 0.090045579999951
INFO - [G] LONG DT @ 2980: 0.077122443999928
INFO - [G] LONG DT @ 2981: 0.06597911519997
INFO - [G] LONG DT @ 2981: 0.057087452159968
INFO - [G] LONG DT @ 2995: 0.091635811342222
INFO - [G] LONG DT @ 2996: 0.077788569073772
INFO - [G] LONG DT @ 2996: 0.066564055259036
INFO - [G] LONG DT @ 2996: 0.057793044207199
INFO - [G] LONG DT @ 2996: 0.050740935365784
INFO - [G] LONG DT @ 3094: 0.051310382816534
INFO - [G] LONG DT @ 3183: 0.052398811267431
INFO - [G] 2025-01-09 01:35:42 :: WARN  :: Blind :: Blind object bl_cry_obsidian_orb has debuff_card function, recalc_debuff is preferred
INFO - [G] 2025-01-09 01:35:42 :: WARN  :: Blind :: Blind object bl_cry_obsidian_orb has debuff_card function, recalc_debuff is preferred
INFO - [G] 2025-01-09 01:35:42 :: WARN  :: Blind :: Blind object bl_cry_obsidian_orb has debuff_card function, recalc_debuff is preferred
INFO - [G] 2025-01-09 01:35:42 :: WARN  :: Blind :: Blind object bl_cry_obsidian_orb has debuff_card function, recalc_debuff is preferred
INFO - [G] 2025-01-09 01:35:42 :: WARN  :: Blind :: Blind object bl_cry_obsidian_orb has debuff_card function, recalc_debuff is preferred
INFO - [G] 2025-01-09 01:35:42 :: WARN  :: Blind :: Blind object bl_cry_obsidian_orb has debuff_card function, recalc_debuff is preferred
INFO - [G] 2025-01-09 01:35:42 :: WARN  :: Blind :: Blind object bl_cry_obsidian_orb has debuff_card function, recalc_debuff is preferred
INFO - [G] 2025-01-09 01:35:42 :: WARN  :: Blind :: Blind object bl_cry_obsidian_orb has debuff_card function, recalc_debuff is preferred
INFO - [G] 2025-01-09 01:35:42 :: WARN  :: Blind :: Blind object bl_cry_obsidian_orb has debuff_card function, recalc_debuff is preferred
INFO - [G] 2025-01-09 01:35:42 :: WARN  :: Blind :: Blind object bl_cry_obsidian_orb has debuff_card function, recalc_debuff is preferred
INFO - [G] 2025-01-09 01:35:42 :: WARN  :: Blind :: Blind object bl_cry_obsidian_orb has debuff_card function, recalc_debuff is preferred
INFO - [G] 2025-01-09 01:35:42 :: WARN  :: Blind :: Blind object bl_cry_obsidian_orb has debuff_card function, recalc_debuff is preferred
INFO - [G] 2025-01-09 01:35:42 :: WARN  :: Blind :: Blind object bl_cry_obsidian_orb has debuff_card function, recalc_debuff is preferred
INFO - [G] 2025-01-09 01:35:42 :: WARN  :: Blind :: Blind object bl_cry_obsidian_orb has debuff_card function, recalc_debuff is preferred
INFO - [G] 2025-01-09 01:35:42 :: WARN  :: Blind :: Blind object bl_cry_obsidian_orb has debuff_card function, recalc_debuff is preferred
INFO - [G] 2025-01-09 01:35:42 :: WARN  :: Blind :: Blind object bl_cry_obsidian_orb has debuff_card function, recalc_debuff is preferred
INFO - [G] 2025-01-09 01:35:42 :: WARN  :: Blind :: Blind object bl_cry_obsidian_orb has debuff_card function, recalc_debuff is preferred
INFO - [G] 2025-01-09 01:35:42 :: WARN  :: Blind :: Blind object bl_cry_obsidian_orb has debuff_card function, recalc_debuff is preferred
INFO - [G] 2025-01-09 01:35:42 :: WARN  :: Blind :: Blind object bl_cry_obsidian_orb has debuff_card function, recalc_debuff is preferred
INFO - [G] 2025-01-09 01:35:42 :: WARN  :: Blind :: Blind object bl_cry_obsidian_orb has debuff_card function, recalc_debuff is preferred
INFO - [G] 2025-01-09 01:35:42 :: WARN  :: Blind :: Blind object bl_cry_obsidian_orb has debuff_card function, recalc_debuff is preferred
INFO - [G] 2025-01-09 01:35:42 :: WARN  :: Blind :: Blind object bl_cry_obsidian_orb has debuff_card function, recalc_debuff is preferred
INFO - [G] 2025-01-09 01:35:42 :: WARN  :: Blind :: Blind object bl_cry_obsidian_orb has debuff_card function, recalc_debuff is preferred
INFO - [G] 2025-01-09 01:35:42 :: WARN  :: Blind :: Blind object bl_cry_obsidian_orb has debuff_card function, recalc_debuff is preferred
INFO - [G] 2025-01-09 01:35:42 :: WARN  :: Blind :: Blind object bl_cry_obsidian_orb has debuff_card function, recalc_debuff is preferred
INFO - [G] 2025-01-09 01:35:42 :: WARN  :: Blind :: Blind object bl_cry_obsidian_orb has debuff_card function, recalc_debuff is preferred
INFO - [G] 2025-01-09 01:35:42 :: WARN  :: Blind :: Blind object bl_cry_obsidian_orb has debuff_card function, recalc_debuff is preferred
INFO - [G] 2025-01-09 01:35:42 :: WARN  :: Blind :: Blind object bl_cry_obsidian_orb has debuff_card function, recalc_debuff is preferred
INFO - [G] 2025-01-09 01:35:42 :: WARN  :: Blind :: Blind object bl_cry_obsidian_orb has debuff_card function, recalc_debuff is preferred
INFO - [G] 2025-01-09 01:35:42 :: WARN  :: Blind :: Blind object bl_cry_obsidian_orb has debuff_card function, recalc_debuff is preferred
INFO - [G] 2025-01-09 01:35:42 :: WARN  :: Blind :: Blind object bl_cry_obsidian_orb has debuff_card function, recalc_debuff is preferred
INFO - [G] 2025-01-09 01:35:42 :: WARN  :: Blind :: Blind object bl_cry_obsidian_orb has debuff_card function, recalc_debuff is preferred
INFO - [G] 2025-01-09 01:35:42 :: WARN  :: Blind :: Blind object bl_cry_obsidian_orb has debuff_card function, recalc_debuff is preferred
INFO - [G] 2025-01-09 01:35:42 :: WARN  :: Blind :: Blind object bl_cry_obsidian_orb has debuff_card function, recalc_debuff is preferred
INFO - [G] 2025-01-09 01:35:42 :: WARN  :: Blind :: Blind object bl_cry_obsidian_orb has debuff_card function, recalc_debuff is preferred
INFO - [G] 2025-01-09 01:35:42 :: WARN  :: Blind :: Blind object bl_cry_obsidian_orb has debuff_card function, recalc_debuff is preferred
INFO - [G] 2025-01-09 01:35:42 :: WARN  :: Blind :: Blind object bl_cry_obsidian_orb has debuff_card function, recalc_debuff is preferred
INFO - [G] 2025-01-09 01:35:42 :: WARN  :: Blind :: Blind object bl_cry_obsidian_orb has debuff_card function, recalc_debuff is preferred
INFO - [G] 2025-01-09 01:35:42 :: WARN  :: Blind :: Blind object bl_cry_obsidian_orb has debuff_card function, recalc_debuff is preferred
INFO - [G] 2025-01-09 01:35:42 :: WARN  :: Blind :: Blind object bl_cry_obsidian_orb has debuff_card function, recalc_debuff is preferred
INFO - [G] 2025-01-09 01:35:42 :: WARN  :: Blind :: Blind object bl_cry_obsidian_orb has debuff_card function, recalc_debuff is preferred
INFO - [G] 2025-01-09 01:35:42 :: WARN  :: Blind :: Blind object bl_cry_obsidian_orb has debuff_card function, recalc_debuff is preferred
INFO - [G] 2025-01-09 01:35:42 :: WARN  :: Blind :: Blind object bl_cry_obsidian_orb has debuff_card function, recalc_debuff is preferred
INFO - [G] 2025-01-09 01:35:42 :: WARN  :: Blind :: Blind object bl_cry_obsidian_orb has debuff_card function, recalc_debuff is preferred
INFO - [G] 2025-01-09 01:35:42 :: WARN  :: Blind :: Blind object bl_cry_obsidian_orb has debuff_card function, recalc_debuff is preferred
INFO - [G] 2025-01-09 01:35:42 :: WARN  :: Blind :: Blind object bl_cry_obsidian_orb has debuff_card function, recalc_debuff is preferred
INFO - [G] 2025-01-09 01:35:42 :: WARN  :: Blind :: Blind object bl_cry_obsidian_orb has debuff_card function, recalc_debuff is preferred
INFO - [G] 2025-01-09 01:35:42 :: WARN  :: Blind :: Blind object bl_cry_obsidian_orb has debuff_card function, recalc_debuff is preferred
INFO - [G] 2025-01-09 01:35:42 :: WARN  :: Blind :: Blind object bl_cry_obsidian_orb has debuff_card function, recalc_debuff is preferred
INFO - [G] 2025-01-09 01:35:42 :: WARN  :: Blind :: Blind object bl_cry_obsidian_orb has debuff_card function, recalc_debuff is preferred
INFO - [G] 2025-01-09 01:35:42 :: WARN  :: Blind :: Blind object bl_cry_obsidian_orb has debuff_card function, recalc_debuff is preferred
INFO - [G] 2025-01-09 01:35:42 :: WARN  :: Blind :: Blind object bl_cry_obsidian_orb has debuff_card function, recalc_debuff is preferred
INFO - [G] 2025-01-09 01:35:42 :: WARN  :: Blind :: Blind object bl_cry_obsidian_orb has debuff_card function, recalc_debuff is preferred
INFO - [G] 2025-01-09 01:35:42 :: WARN  :: Blind :: Blind object bl_cry_obsidian_orb has debuff_card function, recalc_debuff is preferred
INFO - [G] 2025-01-09 01:35:42 :: WARN  :: Blind :: Blind object bl_cry_obsidian_orb has debuff_card function, recalc_debuff is preferred
INFO - [G] 2025-01-09 01:35:42 :: WARN  :: Blind :: Blind object bl_cry_obsidian_orb has debuff_card function, recalc_debuff is preferred
INFO - [G] 2025-01-09 01:35:42 :: WARN  :: Blind :: Blind object bl_cry_obsidian_orb has debuff_card function, recalc_debuff is preferred
INFO - [G] 2025-01-09 01:35:42 :: WARN  :: Blind :: Blind object bl_cry_obsidian_orb has debuff_card function, recalc_debuff is preferred
INFO - [G] 2025-01-09 01:35:42 :: WARN  :: Blind :: Blind object bl_cry_obsidian_orb has debuff_card function, recalc_debuff is preferred
INFO - [G] 2025-01-09 01:35:42 :: WARN  :: Blind :: Blind object bl_cry_obsidian_orb has debuff_card function, recalc_debuff is preferred
INFO - [G] 2025-01-09 01:35:42 :: WARN  :: Blind :: Blind object bl_cry_obsidian_orb has debuff_card function, recalc_debuff is preferred
INFO - [G] 2025-01-09 01:35:42 :: WARN  :: Blind :: Blind object bl_cry_obsidian_orb has debuff_card function, recalc_debuff is preferred
INFO - [G] 2025-01-09 01:35:42 :: WARN  :: Blind :: Blind object bl_cry_obsidian_orb has debuff_card function, recalc_debuff is preferred
INFO - [G] 2025-01-09 01:35:42 :: WARN  :: Blind :: Blind object bl_cry_obsidian_orb has debuff_card function, recalc_debuff is preferred
INFO - [G] 2025-01-09 01:35:42 :: WARN  :: Blind :: Blind object bl_cry_obsidian_orb has debuff_card function, recalc_debuff is preferred
INFO - [G] 2025-01-09 01:35:42 :: WARN  :: Blind :: Blind object bl_cry_obsidian_orb has debuff_card function, recalc_debuff is preferred
INFO - [G] 2025-01-09 01:35:42 :: WARN  :: Blind :: Blind object bl_cry_obsidian_orb has debuff_card function, recalc_debuff is preferred
INFO - [G] 2025-01-09 01:35:42 :: WARN  :: Blind :: Blind object bl_cry_obsidian_orb has debuff_card function, recalc_debuff is preferred
INFO - [G] 2025-01-09 01:35:42 :: WARN  :: Blind :: Blind object bl_cry_obsidian_orb has debuff_card function, recalc_debuff is preferred
INFO - [G] 2025-01-09 01:35:42 :: WARN  :: Blind :: Blind object bl_cry_obsidian_orb has debuff_card function, recalc_debuff is preferred
INFO - [G] 2025-01-09 01:35:42 :: WARN  :: Blind :: Blind object bl_cry_obsidian_orb has debuff_card function, recalc_debuff is preferred
INFO - [G] 2025-01-09 01:35:42 :: WARN  :: Blind :: Blind object bl_cry_obsidian_orb has debuff_card function, recalc_debuff is preferred
INFO - [G] 2025-01-09 01:35:42 :: WARN  :: Blind :: Blind object bl_cry_obsidian_orb has debuff_card function, recalc_debuff is preferred
INFO - [G] 2025-01-09 01:35:42 :: WARN  :: Blind :: Blind object bl_cry_obsidian_orb has debuff_card function, recalc_debuff is preferred
INFO - [G] 2025-01-09 01:35:42 :: WARN  :: Blind :: Blind object bl_cry_obsidian_orb has debuff_card function, recalc_debuff is preferred
INFO - [G] 2025-01-09 01:35:42 :: WARN  :: Blind :: Blind object bl_cry_obsidian_orb has debuff_card function, recalc_debuff is preferred
INFO - [G] 2025-01-09 01:35:42 :: WARN  :: Blind :: Blind object bl_cry_obsidian_orb has debuff_card function, recalc_debuff is preferred
INFO - [G] 2025-01-09 01:35:42 :: WARN  :: Blind :: Blind object bl_cry_obsidian_orb has debuff_card function, recalc_debuff is preferred
INFO - [G] 2025-01-09 01:35:42 :: WARN  :: Blind :: Blind object bl_cry_obsidian_orb has debuff_card function, recalc_debuff is preferred
INFO - [G] 2025-01-09 01:35:42 :: WARN  :: Blind :: Blind object bl_cry_obsidian_orb has debuff_card function, recalc_debuff is preferred
INFO - [G] LONG DT @ 3217: 0.075648980118892
INFO - [G] LONG DT @ 3217: 0.065100084095132
INFO - [G] LONG DT @ 3218: 0.056437267276064
INFO - [G] LONG DT @ 3218: 0.087668246337747
INFO - [G] LONG DT @ 3218: 0.072008577070179
INFO - [G] LONG DT @ 3218: 0.059283001656161
INFO - [G] LONG DT @ 3226: 0.1
INFO - [G] LONG DT @ 3226: 0.081910039999984
INFO - [G] LONG DT @ 3226: 0.067285091999987
INFO - [G] LONG DT @ 3226: 0.055555193600022
INFO - [G] LONG DT @ 3266: 0.056312389973779
INFO - [G] LONG DT @ 3266: 0.082847785583251
INFO - [G] LONG DT @ 3266: 0.069255608466593
INFO - [G] LONG DT @ 3266: 0.058611506773266
INFO - [G] LONG DT @ 3273: 0.056317270673948
INFO - [G] LONG DT @ 3313: 0.050398878949625
INFO - [G] LONG DT @ 3313: 0.1
INFO - [G] LONG DT @ 3313: 0.084667760000029
INFO - [G] LONG DT @ 3313: 0.072256508000031
INFO - [G] LONG DT @ 3313: 0.062049906400006
INFO - [G] LONG DT @ 3313: 0.053923685120003
INFO - [G] LONG DT @ 3335: 0.1
INFO - [G] LONG DT @ 3335: 0.085362460000015
INFO - [G] LONG DT @ 3335: 0.073826367999995
INFO - [G] LONG DT @ 3335: 0.064719494399989
INFO - [G] LONG DT @ 3335: 0.05712447552001
INFO - [G] LONG DT @ 3335: 0.051197000416037
INFO - [G] LONG DT @ 3341: 0.065757603206926
INFO - [G] LONG DT @ 3341: 0.05724356256556
INFO - [G] LONG DT @ 3341: 0.050297950052414
